  0,  0,  49: 7.267794 [118.260150/0.773053] [   0/7.267794]
  0,  0,  99: 2.876340 [114.919924/0.346090] [   0/2.876340]
  0,  0, 149: 2.390749 [111.048761/0.262215] [   0/2.390749]
  0,  0, 199: 2.112340 [107.310731/0.210441] [   0/2.112340]
  0,  0, 249: 2.038909 [103.737423/0.214265] [   0/2.038909]
  0,  0, 299: 2.011468 [100.335812/0.213899] [   0/2.011468]
  0,  0, 349: 2.040212 [97.081646/0.174773] [  50/2.011468]
Epoch 0 done. Evaluation:
(8387, 50000)
(1088, 10000)
  0,  1,  49: 1.973063 [91.520461/0.182427] [   0/1.973063]
  0,  1,  99: 1.979574 [88.644509/0.190635] [  50/1.973063]
  0,  1, 149: 1.937787 [85.904949/0.201740] [   0/1.937787]
  0,  1, 199: 1.956620 [83.327040/0.219842] [  50/1.937787]
  0,  1, 249: 1.929262 [80.871599/0.218620] [   0/1.929262]
  0,  1, 299: 1.916062 [78.518051/0.268057] [   0/1.916062]
  0,  1, 349: 1.962807 [76.318201/0.225384] [  50/1.916062]
Epoch 1 done. Evaluation:
(10529, 50000)
(1960, 10000)
  0,  2,  49: 1.924487 [72.541520/0.215970] [ 141/1.916062]
  0,  2,  99: 1.898662 [70.614388/0.229679] [   0/1.898662]
  0,  2, 149: 1.886806 [68.741869/0.198059] [   0/1.886806]
  0,  2, 199: 1.900778 [66.967711/0.189905] [  50/1.886806]
  0,  2, 249: 1.895035 [65.253829/0.226364] [ 100/1.886806]
  0,  2, 299: 1.890762 [63.639075/0.258341] [ 150/1.886806]
  0,  2, 349: 1.948006 [62.141642/0.217589] [ 200/1.886806]
Epoch 2 done. Evaluation:
(11519, 50000)
(2085, 10000)
  0,  3,  49: 1.898291 [59.528705/0.236941] [ 291/1.886806]
  0,  3,  99: 1.878312 [58.172330/0.201429] [   0/1.878312]
  0,  3, 149: 1.897414 [56.884347/0.191145] [  50/1.878312]
  0,  3, 199: 1.854165 [55.638603/0.209119] [   0/1.854165]
  0,  3, 249: 1.887178 [54.493929/0.223711] [  50/1.854165]
  0,  3, 299: 1.866019 [53.400144/0.240363] [ 100/1.854165]
  0,  3, 349: 1.861282 [52.315792/0.215644] [ 150/1.854165]
Epoch 3 done. Evaluation:
(12162, 50000)
(2531, 10000)
  0,  4,  49: 1.868464 [50.494711/0.217398] [ 241/1.854165]
  0,  4,  99: 1.884378 [49.613041/0.225099] [ 291/1.854165]
  0,  4, 149: 1.877544 [48.753631/0.228700] [ 341/1.854165]
  0,  4, 199: 1.842371 [47.935836/0.224311] [   0/1.842371]
  0,  4, 249: 1.836349 [47.125378/0.231536] [   0/1.836349]
  0,  4, 299: 1.892120 [46.437242/0.230259] [  50/1.836349]
  0,  4, 349: 1.818723 [45.721774/0.231991] [   0/1.818723]
Epoch 4 done. Evaluation:
(12876, 50000)
(3225, 10000)
  0,  5,  49: 1.861454 [44.649267/0.265160] [  91/1.818723]
  0,  5,  99: 1.847927 [44.093128/0.226045] [ 141/1.818723]
  0,  5, 149: 1.832660 [43.567147/0.229137] [ 191/1.818723]
  0,  5, 199: 1.872765 [43.051158/0.258899] [ 241/1.818723]
  0,  5, 249: 1.822670 [42.583593/0.216477] [ 291/1.818723]
  0,  5, 299: 1.824381 [42.111228/0.209984] [ 341/1.818723]
  0,  5, 349: 1.817259 [41.633121/0.252627] [   0/1.817259]
Epoch 5 done. Evaluation:
(13712, 50000)
(2694, 10000)
  0,  6,  49: 1.842632 [40.963271/0.249667] [  91/1.817259]
  0,  6,  99: 1.799570 [40.569054/0.246097] [   0/1.799570]
  0,  6, 149: 1.855511 [40.224732/0.238570] [  50/1.799570]
  0,  6, 199: 1.795323 [39.847163/0.254190] [   0/1.795323]
  0,  6, 249: 1.855359 [39.588101/0.243008] [  50/1.795323]
  0,  6, 299: 1.827395 [39.313032/0.229227] [ 100/1.795323]
  0,  6, 349: 1.838402 [39.038299/0.221386] [ 150/1.795323]
Epoch 6 done. Evaluation:
(13915, 50000)
(2334, 10000)
  0,  7,  49: 1.809265 [38.551689/0.262515] [ 241/1.795323]
  0,  7,  99: 1.812666 [38.296009/0.257852] [ 291/1.795323]
  0,  7, 149: 1.804088 [38.033923/0.252108] [ 341/1.795323]
  0,  7, 199: 1.827038 [37.819125/0.239912] [ 391/1.795323]
  0,  7, 249: 1.811148 [37.589237/0.299609] [ 441/1.795323]
  0,  7, 299: 1.816475 [37.439647/0.233455] [ 491/1.795323]
  0,  7, 349: 1.814394 [37.288959/0.218766] [ 541/1.795323]
Epoch 7 done. Evaluation:
(14054, 50000)
(2731, 10000)
  0,  8,  49: 1.803785 [37.014671/0.242433] [ 632/1.795323]
  0,  8,  99: 1.820321 [36.903821/0.243091] [ 682/1.795323]
  0,  8, 149: 1.783391 [36.790312/0.240858] [   0/1.783391]
  0,  8, 199: 1.786404 [36.762703/0.246638] [  50/1.783391]
  0,  8, 249: 1.755419 [36.687824/0.261611] [   0/1.755419]
  0,  8, 299: 1.776233 [36.709616/0.249004] [  50/1.755419]
  0,  8, 349: 1.744779 [36.724552/0.259396] [   0/1.744779]
Epoch 8 done. Evaluation:
(14919, 50000)
(3401, 10000)
  0,  9,  49: 1.684114 [36.718264/0.258562] [   0/1.684114]
  0,  9,  99: 1.660634 [36.682305/0.257832] [   0/1.660634]
  0,  9, 149: 1.642286 [36.636655/0.220972] [   0/1.642286]
  0,  9, 199: 1.635641 [36.611182/0.256438] [   0/1.635641]
  0,  9, 249: 1.644114 [36.652359/0.303084] [  50/1.635641]
  0,  9, 299: 1.706965 [36.864661/0.279076] [ 100/1.635641]
  0,  9, 349: 1.640006 [36.909488/0.287146] [ 150/1.635641]
Epoch 9 done. Evaluation:
(17066, 50000)
(2329, 10000)
  0, 10,  49: 1.651617 [37.087026/0.260543] [ 241/1.635641]
  0, 10,  99: 1.602481 [37.133301/0.267069] [   0/1.602481]
  0, 10, 149: 1.616141 [37.206984/0.316123] [  50/1.602481]
  0, 10, 199: 1.578155 [37.263362/0.271874] [   0/1.578155]
  0, 10, 249: 1.593627 [37.386895/0.289730] [  50/1.578155]
  0, 10, 299: 1.604192 [37.507790/0.266042] [ 100/1.578155]
  0, 10, 349: 1.587361 [37.607709/0.249608] [ 150/1.578155]
Epoch 10 done. Evaluation:
(18768, 50000)
(3963, 10000)
  0, 11,  49: 1.563365 [37.775783/0.248026] [   0/1.563365]
  0, 11,  99: 1.565319 [37.849600/0.255686] [  50/1.563365]
  0, 11, 149: 1.570141 [37.932729/0.270899] [ 100/1.563365]
  0, 11, 199: 1.548877 [38.008041/0.280843] [   0/1.548877]
  0, 11, 249: 1.546360 [38.104244/0.264645] [   0/1.546360]
  0, 11, 299: 1.546666 [38.154433/0.248219] [  50/1.546360]
  0, 11, 349: 1.504170 [38.204311/0.275541] [   0/1.504170]
Epoch 11 done. Evaluation:
(19926, 50000)
(4334, 10000)
  0, 12,  49: 1.499543 [38.426646/0.276354] [   0/1.499543]
  0, 12,  99: 1.509153 [38.534858/0.253218] [  50/1.499543]
  0, 12, 149: 1.516682 [38.614057/0.297328] [ 100/1.499543]
  0, 12, 199: 1.503301 [38.790292/0.302106] [ 150/1.499543]
  0, 12, 249: 1.541756 [38.937656/0.275404] [ 200/1.499543]
  0, 12, 299: 1.495881 [39.007696/0.286013] [   0/1.495881]
  0, 12, 349: 1.504969 [39.134114/0.275060] [  50/1.495881]
Epoch 12 done. Evaluation:
(20951, 50000)
(4106, 10000)
  0, 13,  49: 1.446161 [39.441022/0.282648] [   0/1.446161]
  0, 13,  99: 1.483026 [39.559139/0.331409] [  50/1.446161]
  0, 13, 149: 1.476709 [39.662749/0.272593] [ 100/1.446161]
  0, 13, 199: 1.490212 [39.822302/0.280843] [ 150/1.446161]
  0, 13, 249: 1.486926 [39.993942/0.270469] [ 200/1.446161]
  0, 13, 299: 1.438963 [40.083505/0.281715] [   0/1.438963]
  0, 13, 349: 1.463986 [40.199009/0.267757] [  50/1.438963]
Epoch 13 done. Evaluation:
(22204, 50000)
(4329, 10000)
  0, 14,  49: 1.452177 [40.402756/0.259900] [ 141/1.438963]
  0, 14,  99: 1.410915 [40.491913/0.319781] [   0/1.410915]
  0, 14, 149: 1.451565 [40.683157/0.318451] [  50/1.410915]
  0, 14, 199: 1.418303 [40.845714/0.284236] [ 100/1.410915]
  0, 14, 249: 1.414877 [40.953738/0.270392] [ 150/1.410915]
  0, 14, 299: 1.372762 [41.043060/0.321694] [   0/1.372762]
  0, 14, 349: 1.459947 [41.228672/0.320385] [  50/1.372762]
Epoch 14 done. Evaluation:
(23147, 50000)
(3953, 10000)
  0, 15,  49: 1.453170 [41.406428/0.326266] [ 141/1.372762]
  0, 15,  99: 1.390346 [41.505863/0.288924] [ 191/1.372762]
  0, 15, 149: 1.421142 [41.608742/0.298718] [ 241/1.372762]
  0, 15, 199: 1.363148 [41.649748/0.293382] [   0/1.363148]
  0, 15, 249: 1.404534 [41.883316/0.297572] [  50/1.363148]
  0, 15, 299: 1.363273 [41.997586/0.300645] [ 100/1.363148]
  0, 15, 349: 1.341335 [42.122717/0.296975] [   0/1.341335]
Epoch 15 done. Evaluation:
(24474, 50000)
(4267, 10000)
  0, 16,  49: 1.351754 [42.431307/0.318159] [  91/1.341335]
  0, 16,  99: 1.282216 [42.544043/0.306203] [   0/1.282216]
  0, 16, 149: 1.305498 [42.696625/0.309467] [  50/1.282216]
  0, 16, 199: 1.280138 [42.819661/0.301780] [   0/1.280138]
  0, 16, 249: 1.298118 [42.913890/0.307131] [  50/1.280138]
  0, 16, 299: 1.285087 [43.028440/0.281742] [ 100/1.280138]
  0, 16, 349: 1.282382 [43.056218/0.271240] [ 150/1.280138]
Epoch 16 done. Evaluation:
(26455, 50000)
(5824, 10000)
  0, 17,  49: 1.269752 [43.180510/0.318421] [   0/1.269752]
  0, 17,  99: 1.255190 [43.293339/0.311904] [   0/1.255190]
  0, 17, 149: 1.246593 [43.493221/0.322041] [   0/1.246593]
  0, 17, 199: 1.241431 [43.619569/0.332526] [   0/1.241431]
  0, 17, 249: 1.262318 [43.775357/0.316815] [  50/1.241431]
  0, 17, 299: 1.270905 [43.886586/0.318486] [ 100/1.241431]
  0, 17, 349: 1.228578 [43.967091/0.333936] [   0/1.228578]
Epoch 17 done. Evaluation:
(27289, 50000)
(5883, 10000)
  0, 18,  49: 1.232353 [44.126756/0.287924] [  91/1.228578]
  0, 18,  99: 1.214367 [44.228657/0.326328] [   0/1.214367]
  0, 18, 149: 1.202085 [44.286322/0.321603] [   0/1.202085]
  0, 18, 199: 1.190360 [44.357521/0.317732] [   0/1.190360]
  0, 18, 249: 1.207167 [44.484086/0.315251] [  50/1.190360]
  0, 18, 299: 1.170136 [44.486323/0.290074] [   0/1.170136]
  0, 18, 349: 1.160375 [44.484004/0.326274] [   0/1.160375]
Epoch 18 done. Evaluation:
(28511, 50000)
(5901, 10000)
  0, 19,  49: 1.175624 [44.667675/0.305578] [  91/1.160375]
  0, 19,  99: 1.206780 [44.769205/0.305537] [ 141/1.160375]
  0, 19, 149: 1.194098 [44.907481/0.289988] [ 191/1.160375]
  0, 19, 199: 1.191493 [45.034884/0.306856] [ 241/1.160375]
  0, 19, 249: 1.157157 [45.096302/0.304227] [   0/1.157157]
  0, 19, 299: 1.203819 [45.197105/0.348711] [  50/1.157157]
  0, 19, 349: 1.184003 [45.435464/0.302773] [ 100/1.157157]
Epoch 19 done. Evaluation:
(28937, 50000)
(5291, 10000)
  0, 20,  49: 1.163153 [45.496771/0.319325] [ 191/1.157157]
  0, 20,  99: 1.165577 [45.520837/0.356218] [ 241/1.157157]
  0, 20, 149: 1.107260 [45.513546/0.307418] [   0/1.107260]
  0, 20, 199: 1.123838 [45.514204/0.300300] [  50/1.107260]
  0, 20, 249: 1.113045 [45.507758/0.322278] [ 100/1.107260]
  0, 20, 299: 1.090197 [45.512353/0.341638] [   0/1.090197]
  0, 20, 349: 1.131995 [45.608577/0.326675] [  50/1.090197]
Epoch 20 done. Evaluation:
(29876, 50000)
(6725, 10000)
  0, 21,  49: 1.083449 [45.670843/0.327967] [   0/1.083449]
  0, 21,  99: 1.120517 [45.748023/0.290812] [  50/1.083449]
  0, 21, 149: 1.099936 [45.760286/0.336023] [ 100/1.083449]
  0, 21, 199: 1.122089 [45.794655/0.312276] [ 150/1.083449]
  0, 21, 249: 1.119069 [45.872730/0.322647] [ 200/1.083449]
  0, 21, 299: 1.128997 [45.930975/0.340142] [ 250/1.083449]
  0, 21, 349: 1.122916 [46.005391/0.313989] [ 300/1.083449]
Epoch 21 done. Evaluation:
(30383, 50000)
(6401, 10000)
  0, 22,  49: 1.138359 [46.170881/0.346476] [ 391/1.083449]
  0, 22,  99: 1.091160 [46.313800/0.363947] [ 441/1.083449]
  0, 22, 149: 1.113673 [46.465318/0.345411] [ 491/1.083449]
  0, 22, 199: 1.113131 [46.450724/0.326625] [ 541/1.083449]
  0, 22, 249: 1.118662 [46.470503/0.336473] [ 591/1.083449]
  0, 22, 299: 1.100072 [46.499286/0.309154] [ 641/1.083449]
  0, 22, 349: 1.116459 [46.550606/0.339394] [ 691/1.083449]
Epoch 22 done. Evaluation:
(30509, 50000)
(5536, 10000)
  0, 23,  49: 1.107128 [46.737381/0.303650] [ 782/1.083449]
  0, 23,  99: 1.105323 [46.775684/0.317124] [ 832/1.083449]
  0, 23, 149: 1.103445 [46.863084/0.310339] [ 882/1.083449]
  0, 23, 199: 1.092070 [46.955832/0.342848] [ 932/1.083449]
  0, 23, 249: 1.090335 [46.985134/0.354229] [ 982/1.083449]
  0, 23, 299: 1.116129 [47.066783/0.314278] [1032/1.083449]
  0, 23, 349: 1.106187 [47.130854/0.331064] [1082/1.083449]
Epoch 23 done. Evaluation:
(30881, 50000)
(5989, 10000)
  0, 24,  49: 1.080412 [47.197244/0.311659] [   0/1.080412]
  0, 24,  99: 1.051359 [47.224854/0.320654] [   0/1.051359]
  0, 24, 149: 1.067253 [47.333430/0.342349] [  50/1.051359]
  0, 24, 199: 1.149683 [47.497823/0.306104] [ 100/1.051359]
  0, 24, 249: 1.065526 [47.484368/0.334855] [ 150/1.051359]
  0, 24, 299: 1.052270 [47.479818/0.312644] [ 200/1.051359]
  0, 24, 349: 1.053399 [47.473973/0.311311] [ 250/1.051359]
Epoch 24 done. Evaluation:
(31523, 50000)
(5374, 10000)
  0, 25,  49: 1.065142 [47.647212/0.346750] [ 341/1.051359]
  0, 25,  99: 1.086431 [47.706223/0.358884] [ 391/1.051359]
  0, 25, 149: 1.099619 [47.828604/0.328600] [ 441/1.051359]
  0, 25, 199: 1.075183 [47.932286/0.330949] [ 491/1.051359]
  0, 25, 249: 1.013682 [47.930247/0.339607] [   0/1.013682]
  0, 25, 299: 1.076583 [47.974990/0.326687] [  50/1.013682]
  0, 25, 349: 1.065224 [47.998654/0.314316] [ 100/1.013682]
Epoch 25 done. Evaluation:
(31731, 50000)
(5789, 10000)
  0, 26,  49: 1.054817 [48.048363/0.347218] [ 191/1.013682]
  0, 26,  99: 1.015902 [48.105832/0.318818] [ 241/1.013682]
  0, 26, 149: 1.050444 [48.175266/0.309081] [ 291/1.013682]
  0, 26, 199: 1.048044 [48.177919/0.316373] [ 341/1.013682]
  0, 26, 249: 1.033712 [48.176234/0.332890] [ 391/1.013682]
  0, 26, 299: 1.047370 [48.209922/0.356197] [ 441/1.013682]
  0, 26, 349: 1.110175 [48.320980/0.344449] [ 491/1.013682]
Epoch 26 done. Evaluation:
(31988, 50000)
(6448, 10000)
  0, 27,  49: 1.046545 [48.383419/0.305754] [ 582/1.013682]
  0, 27,  99: 1.040575 [48.369096/0.302071] [ 632/1.013682]
  0, 27, 149: 1.020688 [48.371977/0.329805] [ 682/1.013682]
  0, 27, 199: 1.101450 [48.504354/0.361106] [ 732/1.013682]
  0, 27, 249: 1.032051 [48.525671/0.313764] [ 782/1.013682]
  0, 27, 299: 1.038260 [48.541723/0.302231] [ 832/1.013682]
  0, 27, 349: 1.018131 [48.508710/0.322868] [ 882/1.013682]
Epoch 27 done. Evaluation:
(32257, 50000)
(5653, 10000)
  0, 28,  49: 1.060092 [48.695637/0.320830] [ 973/1.013682]
  0, 28,  99: 1.043082 [48.753968/0.313970] [1023/1.013682]
  0, 28, 149: 1.021847 [48.771047/0.329794] [1073/1.013682]
  0, 28, 199: 1.025761 [48.793017/0.329527] [1123/1.013682]
  0, 28, 249: 1.044208 [48.859448/0.304472] [1173/1.013682]
  0, 28, 299: 1.026671 [48.846465/0.330295] [1223/1.013682]
  0, 28, 349: 1.027134 [48.908445/0.307043] [1273/1.013682]
Epoch 28 done. Evaluation:
(32527, 50000)
(5394, 10000)
  0, 29,  49: 1.070534 [48.973912/0.336376] [1364/1.013682]
  0, 29,  99: 1.037577 [49.014562/0.324735] [1414/1.013682]
  0, 29, 149: 1.021585 [49.024725/0.383516] [1464/1.013682]
  0, 29, 199: 1.001378 [49.006300/0.322922] [   0/1.001378]
  0, 29, 249: 1.022291 [49.012529/0.333410] [  50/1.001378]
  0, 29, 299: 1.012830 [49.051484/0.317925] [ 100/1.001378]
  0, 29, 349: 1.032613 [49.057293/0.337133] [ 150/1.001378]
Epoch 29 done. Evaluation:
(32631, 50000)
(6476, 10000)
  1,  0,  49: 0.919520 [48.817890/0.160621] [   0/0.919520]
  1,  0,  99: 0.856629 [48.545498/0.158674] [   0/0.856629]
  1,  0, 149: 0.899460 [48.292262/0.159185] [  50/0.856629]
  1,  0, 199: 0.854643 [48.032641/0.170910] [   0/0.854643]
  1,  0, 249: 0.848035 [47.798046/0.162512] [   0/0.848035]
  1,  0, 299: 0.852190 [47.604911/0.177034] [  50/0.848035]
  1,  0, 349: 0.847529 [47.399726/0.172661] [   0/0.847529]
Epoch 0 done. Evaluation:
(35351, 50000)
(7437, 10000)
  1,  1,  49: 0.853877 [47.048093/0.170989] [  91/0.847529]
  1,  1,  99: 0.842200 [46.846131/0.166117] [   0/0.842200]
  1,  1, 149: 0.868343 [46.686244/0.195696] [  50/0.842200]
  1,  1, 199: 0.865739 [46.533532/0.175926] [ 100/0.842200]
  1,  1, 249: 0.859598 [46.407827/0.199950] [ 150/0.842200]
  1,  1, 299: 0.847798 [46.265826/0.183838] [ 200/0.842200]
  1,  1, 349: 0.866798 [46.139038/0.186600] [ 250/0.842200]
Epoch 1 done. Evaluation:
(35519, 50000)
(6745, 10000)
  1,  2,  49: 0.853606 [45.995863/0.169641] [ 341/0.842200]
  1,  2,  99: 0.837550 [45.893638/0.175441] [   0/0.837550]
  1,  2, 149: 0.888373 [45.826254/0.185659] [  50/0.837550]
  1,  2, 199: 0.880364 [45.762545/0.182177] [ 100/0.837550]
  1,  2, 249: 0.882069 [45.701798/0.189944] [ 150/0.837550]
  1,  2, 299: 0.901626 [45.665305/0.207653] [ 200/0.837550]
  1,  2, 349: 0.857446 [45.605117/0.202059] [ 250/0.837550]
Epoch 2 done. Evaluation:
(35340, 50000)
(7477, 10000)
  1,  3,  49: 0.825496 [45.506381/0.194267] [   0/0.825496]
  1,  3,  99: 0.862552 [45.480060/0.198112] [  50/0.825496]
  1,  3, 149: 0.877655 [45.461669/0.197384] [ 100/0.825496]
  1,  3, 199: 0.904795 [45.437782/0.214214] [ 150/0.825496]
  1,  3, 249: 0.879893 [45.420341/0.205202] [ 200/0.825496]
  1,  3, 299: 0.870132 [45.401285/0.201084] [ 250/0.825496]
  1,  3, 349: 0.864896 [45.370634/0.191284] [ 300/0.825496]
Epoch 3 done. Evaluation:
(35436, 50000)
(7037, 10000)
  1,  4,  49: 0.876068 [45.357383/0.204758] [ 391/0.825496]
  1,  4,  99: 0.881449 [45.349180/0.215508] [ 441/0.825496]
  1,  4, 149: 0.863869 [45.350996/0.193117] [ 491/0.825496]
  1,  4, 199: 0.873752 [45.318677/0.192894] [ 541/0.825496]
  1,  4, 249: 0.896357 [45.336125/0.215689] [ 591/0.825496]
  1,  4, 299: 0.849613 [45.322889/0.190432] [ 641/0.825496]
  1,  4, 349: 0.875170 [45.314350/0.182691] [ 691/0.825496]
Epoch 4 done. Evaluation:
(35431, 50000)
(7067, 10000)
  1,  5,  49: 0.867495 [45.299027/0.203280] [ 782/0.825496]
  1,  5,  99: 0.837595 [45.284648/0.198153] [ 832/0.825496]
  1,  5, 149: 0.845494 [45.278044/0.185265] [ 882/0.825496]
  1,  5, 199: 0.837565 [45.253238/0.190482] [ 932/0.825496]
  1,  5, 249: 0.850038 [45.244482/0.195097] [ 982/0.825496]
  1,  5, 299: 0.839754 [45.240232/0.191402] [1032/0.825496]
  1,  5, 349: 0.842566 [45.231533/0.205134] [1082/0.825496]
Epoch 5 done. Evaluation:
(35867, 50000)
(7048, 10000)
  1,  6,  49: 0.853331 [45.278362/0.206396] [1173/0.825496]
  1,  6,  99: 0.867065 [45.278003/0.209294] [1223/0.825496]
  1,  6, 149: 0.876003 [45.306612/0.205818] [1273/0.825496]
  1,  6, 199: 0.881393 [45.393993/0.199943] [1323/0.825496]
  1,  6, 249: 0.872800 [45.413398/0.201538] [1373/0.825496]
  1,  6, 299: 0.862144 [45.416712/0.195465] [1423/0.825496]
  1,  6, 349: 0.847261 [45.419150/0.202147] [1473/0.825496]
Epoch 6 done. Evaluation:
(35610, 50000)
(6523, 10000)
  1,  7,  49: 0.868280 [45.428933/0.197813] [1564/0.825496]
  1,  7,  99: 0.864916 [45.470435/0.196674] [1614/0.825496]
  1,  7, 149: 0.818051 [45.482438/0.202374] [   0/0.818051]
  1,  7, 199: 0.877891 [45.492742/0.208994] [  50/0.818051]
  1,  7, 249: 0.840093 [45.513556/0.200383] [ 100/0.818051]
  1,  7, 299: 0.869152 [45.525051/0.199642] [ 150/0.818051]
  1,  7, 349: 0.854285 [45.554559/0.205163] [ 200/0.818051]
Epoch 7 done. Evaluation:
(35768, 50000)
(7726, 10000)
  1,  8,  49: 0.882622 [45.592991/0.221638] [ 291/0.818051]
  1,  8,  99: 0.860596 [45.643665/0.188077] [ 341/0.818051]
  1,  8, 149: 0.833096 [45.663576/0.205420] [ 391/0.818051]
  1,  8, 199: 0.793443 [45.670111/0.198644] [   0/0.793443]
  1,  8, 249: 0.861895 [45.669652/0.202065] [  50/0.793443]
  1,  8, 299: 0.837633 [45.677618/0.196913] [ 100/0.793443]
  1,  8, 349: 0.832568 [45.685841/0.210055] [ 150/0.793443]
Epoch 8 done. Evaluation:
(35984, 50000)
(6604, 10000)
  1,  9,  49: 0.850150 [45.694930/0.213776] [ 241/0.793443]
  1,  9,  99: 0.847909 [45.727223/0.214777] [ 291/0.793443]
  1,  9, 149: 0.883994 [45.787331/0.214999] [ 341/0.793443]
  1,  9, 199: 0.858396 [45.835377/0.196930] [ 391/0.793443]
  1,  9, 249: 0.831208 [45.847303/0.197880] [ 441/0.793443]
  1,  9, 299: 0.851614 [45.854953/0.196273] [ 491/0.793443]
  1,  9, 349: 0.874375 [45.865493/0.206018] [ 541/0.793443]
Epoch 9 done. Evaluation:
(35976, 50000)
(6361, 10000)
  1, 10,  49: 0.837458 [45.962391/0.207528] [ 632/0.793443]
  1, 10,  99: 0.852479 [45.985779/0.223842] [ 682/0.793443]
  1, 10, 149: 0.871622 [46.034687/0.226451] [ 732/0.793443]
  1, 10, 199: 0.855931 [46.053355/0.185117] [ 782/0.793443]
  1, 10, 249: 0.821418 [46.057821/0.205896] [ 832/0.793443]
  1, 10, 299: 0.888176 [46.102429/0.199829] [ 882/0.793443]
  1, 10, 349: 0.867997 [46.154105/0.221835] [ 932/0.793443]
Epoch 10 done. Evaluation:
(35922, 50000)
(5983, 10000)
  1, 11,  49: 0.813172 [46.188333/0.194823] [1023/0.793443]
  1, 11,  99: 0.867847 [46.219405/0.212592] [1073/0.793443]
  1, 11, 149: 0.829800 [46.219772/0.207959] [1123/0.793443]
  1, 11, 199: 0.837969 [46.221362/0.207010] [1173/0.793443]
  1, 11, 249: 0.830249 [46.230014/0.204586] [1223/0.793443]
  1, 11, 299: 0.856382 [46.242587/0.205318] [1273/0.793443]
  1, 11, 349: 0.873102 [46.278817/0.201279] [1323/0.793443]
Epoch 11 done. Evaluation:
(36204, 50000)
(5506, 10000)
  1, 12,  49: 0.837533 [46.255150/0.195731] [1414/0.793443]
  1, 12,  99: 0.808974 [46.270810/0.211929] [1464/0.793443]
  1, 12, 149: 0.846904 [46.295249/0.209260] [1514/0.793443]
  1, 12, 199: 0.839867 [46.295566/0.214107] [1564/0.793443]
  1, 12, 249: 0.843293 [46.308439/0.221212] [1614/0.793443]
  1, 12, 299: 0.836373 [46.328032/0.196346] [1664/0.793443]
  1, 12, 349: 0.808616 [46.313236/0.210700] [1714/0.793443]
Epoch 12 done. Evaluation:
(36388, 50000)
(7189, 10000)
  1, 13,  49: 0.813169 [46.358762/0.229892] [1805/0.793443]
  1, 13,  99: 0.809038 [46.381160/0.216454] [1855/0.793443]
  1, 13, 149: 0.845813 [46.425017/0.196671] [1905/0.793443]
  1, 13, 199: 0.807451 [46.434141/0.193838] [1955/0.793443]
  1, 13, 249: 0.813552 [46.432074/0.193232] [2005/0.793443]
  1, 13, 299: 0.834273 [46.445136/0.224643] [2055/0.793443]
  1, 13, 349: 0.842235 [46.470669/0.209025] [2105/0.793443]
Epoch 13 done. Evaluation:
(36533, 50000)
(6618, 10000)
  1, 14,  49: 0.864383 [46.563784/0.238084] [2196/0.793443]
  1, 14,  99: 0.844298 [46.621862/0.207334] [2246/0.793443]
  1, 14, 149: 0.829174 [46.617357/0.201477] [2296/0.793443]
  1, 14, 199: 0.851165 [46.601910/0.236224] [2346/0.793443]
  1, 14, 249: 0.865597 [46.646245/0.217186] [2396/0.793443]
  1, 14, 299: 0.820018 [46.676255/0.220406] [2446/0.793443]
  1, 14, 349: 0.839091 [46.714086/0.210934] [2496/0.793443]
Epoch 14 done. Evaluation:
(36132, 50000)
(6792, 10000)
  1, 15,  49: 0.816994 [46.756329/0.211952] [2587/0.793443]
  1, 15,  99: 0.864579 [46.776668/0.204785] [2637/0.793443]
  1, 15, 149: 0.825715 [46.791074/0.227037] [2687/0.793443]
  1, 15, 199: 0.814380 [46.788578/0.191990] [2737/0.793443]
  1, 15, 249: 0.841818 [46.799826/0.210666] [2787/0.793443]
  1, 15, 299: 0.811803 [46.817869/0.209586] [2837/0.793443]
  1, 15, 349: 0.828412 [46.835556/0.207366] [2887/0.793443]
Epoch 15 done. Evaluation:
(36567, 50000)
(7593, 10000)
  1, 16,  49: 0.821874 [46.831702/0.216594] [2978/0.793443]
  1, 16,  99: 0.810874 [46.846902/0.214806] [3028/0.793443]
  1, 16, 149: 0.836031 [46.885411/0.191383] [3078/0.793443]
  1, 16, 199: 0.814147 [46.867954/0.211567] [3128/0.793443]
  1, 16, 249: 0.816030 [46.911035/0.206292] [3178/0.793443]
  1, 16, 299: 0.839181 [46.944704/0.227087] [3228/0.793443]
  1, 16, 349: 0.828019 [46.989946/0.211816] [3278/0.793443]
Epoch 16 done. Evaluation:
(36597, 50000)
(7025, 10000)
  1, 17,  49: 0.805616 [47.057364/0.199056] [3369/0.793443]
  1, 17,  99: 0.808878 [47.090923/0.241298] [3419/0.793443]
  1, 17, 149: 0.823814 [47.111392/0.202792] [3469/0.793443]
  1, 17, 199: 0.807584 [47.120251/0.196779] [3519/0.793443]
  1, 17, 249: 0.807438 [47.107974/0.205209] [3569/0.793443]
  1, 17, 299: 0.830840 [47.142633/0.213874] [3619/0.793443]
  1, 17, 349: 0.824412 [47.188166/0.217737] [3669/0.793443]
Epoch 17 done. Evaluation:
(36824, 50000)
(7390, 10000)
  1, 18,  49: 0.808608 [47.196006/0.200776] [3760/0.793443]
  1, 18,  99: 0.825305 [47.208520/0.211376] [3810/0.793443]
  1, 18, 149: 0.805508 [47.244612/0.224258] [3860/0.793443]
  1, 18, 199: 0.786582 [47.243830/0.208825] [   0/0.786582]
  1, 18, 249: 0.815656 [47.248610/0.218118] [  50/0.786582]
  1, 18, 299: 0.806828 [47.239637/0.211514] [ 100/0.786582]
  1, 18, 349: 0.773216 [47.196486/0.210811] [   0/0.773216]
Epoch 18 done. Evaluation:
(37159, 50000)
(7586, 10000)
  1, 19,  49: 0.790495 [47.209109/0.205111] [  91/0.773216]
  1, 19,  99: 0.780576 [47.227994/0.210555] [ 141/0.773216]
  1, 19, 149: 0.804209 [47.245062/0.226190] [ 191/0.773216]
  1, 19, 199: 0.816747 [47.281859/0.226184] [ 241/0.773216]
  1, 19, 249: 0.826943 [47.322115/0.229211] [ 291/0.773216]
  1, 19, 299: 0.845563 [47.350978/0.240860] [ 341/0.773216]
  1, 19, 349: 0.803985 [47.374058/0.209933] [ 391/0.773216]
Epoch 19 done. Evaluation:
(36961, 50000)
(7327, 10000)
  1, 20,  49: 0.803188 [47.387791/0.216532] [ 482/0.773216]
  1, 20,  99: 0.781014 [47.400636/0.211201] [ 532/0.773216]
  1, 20, 149: 0.813573 [47.429415/0.216932] [ 582/0.773216]
  1, 20, 199: 0.818534 [47.443442/0.210511] [ 632/0.773216]
  1, 20, 249: 0.794045 [47.426182/0.227253] [ 682/0.773216]
  1, 20, 299: 0.793287 [47.445899/0.219213] [ 732/0.773216]
  1, 20, 349: 0.806986 [47.448717/0.214238] [ 782/0.773216]
Epoch 20 done. Evaluation:
(37170, 50000)
(7225, 10000)
  1, 21,  49: 0.808919 [47.500817/0.203517] [ 873/0.773216]
  1, 21,  99: 0.820347 [47.530945/0.213109] [ 923/0.773216]
  1, 21, 149: 0.779465 [47.517562/0.223618] [ 973/0.773216]
  1, 21, 199: 0.797796 [47.523826/0.216447] [1023/0.773216]
  1, 21, 249: 0.801169 [47.534550/0.216110] [1073/0.773216]
  1, 21, 299: 0.786301 [47.501797/0.212513] [1123/0.773216]
  1, 21, 349: 0.773728 [47.484464/0.209837] [1173/0.773216]
Epoch 21 done. Evaluation:
(37293, 50000)
(7451, 10000)
  1, 22,  49: 0.768029 [47.454825/0.213729] [   0/0.768029]
  1, 22,  99: 0.799582 [47.445855/0.219540] [  50/0.768029]
  1, 22, 149: 0.783651 [47.443127/0.199234] [ 100/0.768029]
  1, 22, 199: 0.761215 [47.442746/0.222048] [   0/0.761215]
  1, 22, 249: 0.813262 [47.458474/0.217401] [  50/0.761215]
  1, 22, 299: 0.810891 [47.451028/0.218795] [ 100/0.761215]
  1, 22, 349: 0.798226 [47.467496/0.229670] [ 150/0.761215]
Epoch 22 done. Evaluation:
(37217, 50000)
(7379, 10000)
  1, 23,  49: 0.798998 [47.499021/0.209454] [ 241/0.761215]
  1, 23,  99: 0.809135 [47.521061/0.209371] [ 291/0.761215]
  1, 23, 149: 0.756426 [47.534188/0.223681] [   0/0.756426]
  1, 23, 199: 0.787229 [47.543854/0.219606] [  50/0.756426]
  1, 23, 249: 0.786610 [47.549130/0.233581] [ 100/0.756426]
  1, 23, 299: 0.772540 [47.546447/0.205303] [ 150/0.756426]
  1, 23, 349: 0.764885 [47.537170/0.218212] [ 200/0.756426]
Epoch 23 done. Evaluation:
(37628, 50000)
(7584, 10000)
  1, 24,  49: 0.776927 [47.586597/0.221539] [ 291/0.756426]
  1, 24,  99: 0.807911 [47.625218/0.214472] [ 341/0.756426]
  1, 24, 149: 0.785890 [47.679345/0.218265] [ 391/0.756426]
  1, 24, 199: 0.784416 [47.689669/0.211173] [ 441/0.756426]
  1, 24, 249: 0.778722 [47.704559/0.205782] [ 491/0.756426]
  1, 24, 299: 0.788739 [47.704199/0.224360] [ 541/0.756426]
  1, 24, 349: 0.782141 [47.729402/0.189880] [ 591/0.756426]
Epoch 24 done. Evaluation:
(37324, 50000)
(8004, 10000)
  1, 25,  49: 0.773693 [47.736289/0.204013] [ 682/0.756426]
  1, 25,  99: 0.809022 [47.758042/0.225637] [ 732/0.756426]
  1, 25, 149: 0.793111 [47.801812/0.212259] [ 782/0.756426]
  1, 25, 199: 0.781520 [47.803951/0.208240] [ 832/0.756426]
  1, 25, 249: 0.805598 [47.816736/0.212165] [ 882/0.756426]
  1, 25, 299: 0.761535 [47.821904/0.207647] [ 932/0.756426]
  1, 25, 349: 0.788245 [47.870021/0.201892] [ 982/0.756426]
Epoch 25 done. Evaluation:
(37373, 50000)
(7719, 10000)
  1, 26,  49: 0.768623 [47.920692/0.218940] [1073/0.756426]
  1, 26,  99: 0.789441 [47.920347/0.212682] [1123/0.756426]
  1, 26, 149: 0.784155 [47.944288/0.206093] [1173/0.756426]
  1, 26, 199: 0.778039 [47.962428/0.213806] [1223/0.756426]
  1, 26, 249: 0.770530 [47.943577/0.212816] [1273/0.756426]
  1, 26, 299: 0.767854 [47.911851/0.219094] [1323/0.756426]
  1, 26, 349: 0.804585 [47.890547/0.210621] [1373/0.756426]
Epoch 26 done. Evaluation:
(37568, 50000)
(7245, 10000)
  1, 27,  49: 0.770057 [47.930127/0.227613] [1464/0.756426]
  1, 27,  99: 0.802417 [47.974635/0.193363] [1514/0.756426]
  1, 27, 149: 0.783943 [47.983538/0.213162] [1564/0.756426]
  1, 27, 199: 0.749630 [47.997183/0.203843] [   0/0.749630]
  1, 27, 249: 0.764196 [48.005420/0.194364] [  50/0.749630]
  1, 27, 299: 0.800072 [48.004620/0.222060] [ 100/0.749630]
  1, 27, 349: 0.753928 [48.006266/0.208524] [ 150/0.749630]
Epoch 27 done. Evaluation:
(37680, 50000)
(7223, 10000)
  1, 28,  49: 0.769569 [48.033263/0.213864] [ 241/0.749630]
  1, 28,  99: 0.789631 [48.059162/0.219540] [ 291/0.749630]
  1, 28, 149: 0.764157 [48.073630/0.214803] [ 341/0.749630]
  1, 28, 199: 0.754060 [48.063369/0.220491] [ 391/0.749630]
  1, 28, 249: 0.780782 [48.106887/0.218118] [ 441/0.749630]
  1, 28, 299: 0.784627 [48.142477/0.219257] [ 491/0.749630]
  1, 28, 349: 0.801822 [48.163501/0.221934] [ 541/0.749630]
Epoch 28 done. Evaluation:
(37670, 50000)
(5432, 10000)
  1, 29,  49: 0.801741 [48.238881/0.210690] [ 632/0.749630]
  1, 29,  99: 0.760386 [48.273177/0.236889] [ 682/0.749630]
  1, 29, 149: 0.742309 [48.284156/0.219725] [   0/0.742309]
  1, 29, 199: 0.748017 [48.277196/0.221863] [  50/0.742309]
  1, 29, 249: 0.806310 [48.288408/0.217514] [ 100/0.742309]
  1, 29, 299: 0.769972 [48.282939/0.215635] [ 150/0.742309]
  1, 29, 349: 0.771781 [48.267044/0.199865] [ 200/0.742309]
Epoch 29 done. Evaluation:
(37787, 50000)
(7463, 10000)
  2,  0,  49: 0.690035 [48.155609/0.099217] [   0/0.690035]
  2,  0,  99: 0.653147 [48.030756/0.108151] [   0/0.653147]
  2,  0, 149: 0.657703 [47.901958/0.111808] [  50/0.653147]
  2,  0, 199: 0.638141 [47.791921/0.096263] [   0/0.638141]
  2,  0, 249: 0.637964 [47.673484/0.107836] [   0/0.637964]
  2,  0, 299: 0.642916 [47.560841/0.113007] [  50/0.637964]
  2,  0, 349: 0.630392 [47.458133/0.114287] [   0/0.630392]
Epoch 0 done. Evaluation:
(39658, 50000)
(8070, 10000)
  2,  1,  49: 0.608431 [47.248724/0.103398] [   0/0.608431]
  2,  1,  99: 0.623442 [47.140649/0.105647] [  50/0.608431]
  2,  1, 149: 0.621738 [47.036320/0.100354] [ 100/0.608431]
  2,  1, 199: 0.616438 [46.940629/0.109049] [ 150/0.608431]
  2,  1, 249: 0.630794 [46.843057/0.111253] [ 200/0.608431]
  2,  1, 299: 0.646960 [46.746972/0.112102] [ 250/0.608431]
  2,  1, 349: 0.644753 [46.654965/0.109345] [ 300/0.608431]
Epoch 1 done. Evaluation:
(39979, 50000)
(6824, 10000)
  2,  2,  49: 0.604794 [46.521183/0.113455] [   0/0.604794]
  2,  2,  99: 0.659161 [46.441324/0.116817] [  50/0.604794]
  2,  2, 149: 0.617264 [46.365524/0.111874] [ 100/0.604794]
  2,  2, 199: 0.627350 [46.292958/0.119322] [ 150/0.604794]
  2,  2, 249: 0.647205 [46.231180/0.119525] [ 200/0.604794]
  2,  2, 299: 0.639627 [46.156699/0.110702] [ 250/0.604794]
  2,  2, 349: 0.640665 [46.083417/0.115398] [ 300/0.604794]
Epoch 2 done. Evaluation:
(39969, 50000)
(7550, 10000)
  2,  3,  49: 0.605307 [45.983132/0.113916] [ 391/0.604794]
