  0,  0,  49: 5.133384 [97.499806/0.378920] [   0/5.133384]
  0,  0,  99: 2.558733 [95.404031/0.309369] [   0/2.558733]
  0,  0, 149: 2.136921 [93.165362/0.306585] [   0/2.136921]
  0,  0, 199: 1.943782 [90.985665/0.252382] [   0/1.943782]
  0,  0, 249: 1.790156 [88.870744/0.176127] [   0/1.790156]
  0,  0, 299: 1.660547 [86.822074/0.174521] [   0/1.660547]
  0,  0, 349: 1.632510 [84.849438/0.219413] [   0/1.632510]
Epoch 0 done. Evaluation:
(15129, 50000)
(3170, 10000)
  0,  1,  49: 1.533946 [81.424493/0.192201] [   0/1.533946]
  0,  1,  99: 1.447274 [79.663318/0.202979] [   0/1.447274]
  0,  1, 149: 1.351719 [77.952589/0.211301] [   0/1.351719]
  0,  1, 199: 1.262682 [76.289110/0.206490] [   0/1.262682]
  0,  1, 249: 1.241045 [74.713046/0.206063] [   0/1.241045]
  0,  1, 299: 1.197185 [73.169011/0.195799] [   0/1.197185]
  0,  1, 349: 1.179697 [71.699487/0.227639] [   0/1.179697]
Epoch 1 done. Evaluation:
(26164, 50000)
(4237, 10000)
  0,  2,  49: 1.070662 [69.107122/0.204550] [   0/1.070662]
  0,  2,  99: 1.076240 [67.776685/0.203988] [  50/1.070662]
  0,  2, 149: 1.068192 [66.491066/0.228857] [   0/1.068192]
  0,  2, 199: 1.059040 [65.292914/0.222432] [   0/1.059040]
  0,  2, 249: 0.964882 [64.088007/0.249638] [   0/0.964882]
  0,  2, 299: 0.974411 [62.932085/0.216610] [  50/0.964882]
  0,  2, 349: 0.976817 [61.834022/0.260264] [ 100/0.964882]
Epoch 2 done. Evaluation:
(31590, 50000)
(4251, 10000)
  0,  3,  49: 0.984319 [60.075763/0.243693] [ 191/0.964882]
  0,  3,  99: 0.934659 [59.114686/0.212579] [   0/0.934659]
  0,  3, 149: 0.922028 [58.128575/0.224192] [   0/0.922028]
  0,  3, 199: 0.889174 [57.195653/0.234699] [   0/0.889174]
  0,  3, 249: 0.906315 [56.314030/0.261445] [  50/0.889174]
  0,  3, 299: 0.865304 [55.479343/0.195677] [   0/0.865304]
  0,  3, 349: 0.925603 [54.672596/0.256351] [  50/0.865304]
Epoch 3 done. Evaluation:
(33864, 50000)
(4370, 10000)
  0,  4,  49: 0.847769 [53.345788/0.241934] [   0/0.847769]
  0,  4,  99: 0.880747 [52.674415/0.248329] [  50/0.847769]
  0,  4, 149: 0.846593 [51.993703/0.276180] [   0/0.846593]
  0,  4, 199: 0.854371 [51.350738/0.262003] [  50/0.846593]
  0,  4, 249: 0.823644 [50.738504/0.243329] [   0/0.823644]
  0,  4, 299: 0.843811 [50.103263/0.238523] [  50/0.823644]
  0,  4, 349: 0.821003 [49.491466/0.242402] [   0/0.821003]
Epoch 4 done. Evaluation:
(35234, 50000)
(3660, 10000)
  0,  5,  49: 0.800915 [48.456616/0.238987] [   0/0.800915]
  0,  5,  99: 0.803285 [48.019582/0.257058] [  50/0.800915]
  0,  5, 149: 0.754507 [47.562749/0.238279] [   0/0.754507]
  0,  5, 199: 0.813151 [47.099274/0.274433] [  50/0.754507]
  0,  5, 249: 0.765494 [46.690112/0.265538] [ 100/0.754507]
  0,  5, 299: 0.833765 [46.343526/0.264644] [ 150/0.754507]
  0,  5, 349: 0.759763 [45.962359/0.248213] [ 200/0.754507]
Epoch 5 done. Evaluation:
(36241, 50000)
(4093, 10000)
  0,  6,  49: 0.789750 [45.403664/0.242985] [ 291/0.754507]
  0,  6,  99: 0.730651 [45.040558/0.251121] [   0/0.730651]
  0,  6, 149: 0.737750 [44.690018/0.272768] [  50/0.730651]
  0,  6, 199: 0.764486 [44.377046/0.249805] [ 100/0.730651]
  0,  6, 249: 0.730344 [44.098592/0.299314] [   0/0.730344]
  0,  6, 299: 0.799741 [43.884103/0.262246] [  50/0.730344]
  0,  6, 349: 0.724648 [43.598541/0.248830] [   0/0.724648]
Epoch 6 done. Evaluation:
(36923, 50000)
(3326, 10000)
  0,  7,  49: 0.688681 [43.205364/0.281572] [   0/0.688681]
  0,  7,  99: 0.733679 [43.052416/0.231786] [  50/0.688681]
  0,  7, 149: 0.693821 [42.825174/0.247806] [ 100/0.688681]
  0,  7, 199: 0.710856 [42.594588/0.252778] [ 150/0.688681]
  0,  7, 249: 0.758054 [42.484255/0.268093] [ 200/0.688681]
  0,  7, 299: 0.714292 [42.346087/0.278902] [ 250/0.688681]
  0,  7, 349: 0.703174 [42.213107/0.270403] [ 300/0.688681]
Epoch 7 done. Evaluation:
(37651, 50000)
(3067, 10000)
  0,  8,  49: 0.682195 [42.005253/0.242762] [   0/0.682195]
  0,  8,  99: 0.697588 [41.913720/0.270447] [  50/0.682195]
  0,  8, 149: 0.696360 [41.830418/0.250912] [ 100/0.682195]
  0,  8, 199: 0.719325 [41.726612/0.263027] [ 150/0.682195]
  0,  8, 249: 0.700199 [41.601510/0.243368] [ 200/0.682195]
  0,  8, 299: 0.683393 [41.504221/0.247566] [ 250/0.682195]
  0,  8, 349: 0.672537 [41.385439/0.279524] [   0/0.672537]
Epoch 8 done. Evaluation:
(37958, 50000)
(2684, 10000)
  0,  9,  49: 0.667250 [41.333172/0.270601] [   0/0.667250]
  0,  9,  99: 0.662578 [41.272691/0.280285] [   0/0.662578]
  0,  9, 149: 0.680850 [41.222477/0.258441] [  50/0.662578]
  0,  9, 199: 0.664608 [41.097920/0.238526] [ 100/0.662578]
  0,  9, 249: 0.630019 [41.032616/0.237342] [   0/0.630019]
  0,  9, 299: 0.676835 [41.003510/0.269455] [  50/0.630019]
  0,  9, 349: 0.647883 [40.932186/0.277186] [ 100/0.630019]
Epoch 9 done. Evaluation:
(38582, 50000)
(1993, 10000)
  1,  0,  49: 0.547952 [40.779318/0.127509] [   0/0.547952]
  1,  0,  99: 0.481393 [40.567117/0.125268] [   0/0.481393]
  1,  0, 149: 0.483589 [40.350958/0.138174] [  50/0.481393]
  1,  0, 199: 0.509097 [40.154897/0.129229] [ 100/0.481393]
  1,  0, 249: 0.509823 [39.967491/0.140708] [ 150/0.481393]
  1,  0, 299: 0.499168 [39.783671/0.141267] [ 200/0.481393]
  1,  0, 349: 0.491544 [39.599866/0.147173] [ 250/0.481393]
Epoch 0 done. Evaluation:
(41228, 50000)
(4109, 10000)
  1,  1,  49: 0.473011 [39.327053/0.137799] [   0/0.473011]
  1,  1,  99: 0.455531 [39.183508/0.169060] [   0/0.455531]
  1,  1, 149: 0.506222 [39.060893/0.154814] [  50/0.455531]
  1,  1, 199: 0.493818 [38.950367/0.151920] [ 100/0.455531]
  1,  1, 249: 0.494448 [38.855512/0.152706] [ 150/0.455531]
  1,  1, 299: 0.523165 [38.750408/0.158324] [ 200/0.455531]
  1,  1, 349: 0.478988 [38.662568/0.162564] [ 250/0.455531]
Epoch 1 done. Evaluation:
(41497, 50000)
(3165, 10000)
  1,  2,  49: 0.468219 [38.498859/0.153913] [ 341/0.455531]
  1,  2,  99: 0.448038 [38.428598/0.155536] [   0/0.448038]
  1,  2, 149: 0.496792 [38.364395/0.184430] [  50/0.448038]
  1,  2, 199: 0.477723 [38.305162/0.160015] [ 100/0.448038]
  1,  2, 249: 0.480150 [38.233214/0.163231] [ 150/0.448038]
  1,  2, 299: 0.508554 [38.182812/0.156953] [ 200/0.448038]
  1,  2, 349: 0.498129 [38.129064/0.168204] [ 250/0.448038]
Epoch 2 done. Evaluation:
(41610, 50000)
(1110, 10000)
  1,  3,  49: 0.427375 [38.018999/0.153792] [   0/0.427375]
  1,  3,  99: 0.459830 [37.972838/0.150151] [  50/0.427375]
  1,  3, 149: 0.482443 [37.947311/0.178454] [ 100/0.427375]
  1,  3, 199: 0.492561 [37.893858/0.170390] [ 150/0.427375]
  1,  3, 249: 0.501439 [37.877939/0.161679] [ 200/0.427375]
  1,  3, 299: 0.503853 [37.908436/0.186394] [ 250/0.427375]
  1,  3, 349: 0.488262 [37.893370/0.165480] [ 300/0.427375]
Epoch 3 done. Evaluation:
(41626, 50000)
(3051, 10000)
  1,  4,  49: 0.421899 [37.849248/0.167475] [   0/0.421899]
  1,  4,  99: 0.475380 [37.871538/0.162486] [  50/0.421899]
  1,  4, 149: 0.447717 [37.846972/0.169288] [ 100/0.421899]
  1,  4, 199: 0.468754 [37.866631/0.155486] [ 150/0.421899]
  1,  4, 249: 0.452757 [37.840878/0.153761] [ 200/0.421899]
  1,  4, 299: 0.469148 [37.809948/0.169252] [ 250/0.421899]
  1,  4, 349: 0.496792 [37.841570/0.160326] [ 300/0.421899]
Epoch 4 done. Evaluation:
(41849, 50000)
(1222, 10000)
  1,  5,  49: 0.451296 [37.875388/0.170805] [ 391/0.421899]
  1,  5,  99: 0.479058 [37.916163/0.165053] [ 441/0.421899]
  1,  5, 149: 0.454021 [37.945525/0.189955] [ 491/0.421899]
  1,  5, 199: 0.508077 [37.956268/0.175994] [ 541/0.421899]
  1,  5, 249: 0.474703 [37.980059/0.159191] [ 591/0.421899]
  1,  5, 299: 0.489057 [37.992017/0.158594] [ 641/0.421899]
  1,  5, 349: 0.452169 [37.984569/0.171938] [ 691/0.421899]
Epoch 5 done. Evaluation:
(41785, 50000)
(3558, 10000)
  1,  6,  49: 0.420212 [38.022407/0.159280] [   0/0.420212]
  1,  6,  99: 0.455009 [38.015439/0.187626] [  50/0.420212]
  1,  6, 149: 0.446983 [38.061336/0.173288] [ 100/0.420212]
  1,  6, 199: 0.454351 [38.065700/0.181085] [ 150/0.420212]
  1,  6, 249: 0.463878 [38.063026/0.165061] [ 200/0.420212]
  1,  6, 299: 0.427514 [38.047872/0.175752] [ 250/0.420212]
  1,  6, 349: 0.486378 [38.071224/0.177283] [ 300/0.420212]
Epoch 6 done. Evaluation:
(42129, 50000)
(4463, 10000)
  1,  7,  49: 0.432853 [38.134354/0.191521] [ 391/0.420212]
  1,  7,  99: 0.423616 [38.166102/0.155585] [ 441/0.420212]
  1,  7, 149: 0.422650 [38.209797/0.182311] [ 491/0.420212]
  1,  7, 199: 0.416746 [38.209219/0.190547] [   0/0.416746]
  1,  7, 249: 0.479004 [38.219276/0.169306] [  50/0.416746]
  1,  7, 299: 0.458155 [38.228377/0.169741] [ 100/0.416746]
  1,  7, 349: 0.457762 [38.231626/0.175836] [ 150/0.416746]
Epoch 7 done. Evaluation:
(42290, 50000)
(1474, 10000)
  1,  8,  49: 0.423807 [38.296608/0.162503] [ 241/0.416746]
  1,  8,  99: 0.403103 [38.286611/0.170003] [   0/0.403103]
  1,  8, 149: 0.420072 [38.278086/0.172327] [  50/0.403103]
  1,  8, 199: 0.457086 [38.333311/0.185238] [ 100/0.403103]
  1,  8, 249: 0.469665 [38.374403/0.174315] [ 150/0.403103]
  1,  8, 299: 0.418789 [38.377931/0.165793] [ 200/0.403103]
  1,  8, 349: 0.449917 [38.387300/0.182794] [ 250/0.403103]
Epoch 8 done. Evaluation:
(42525, 50000)
(2334, 10000)
  1,  9,  49: 0.429613 [38.482927/0.204100] [ 341/0.403103]
  1,  9,  99: 0.426630 [38.539765/0.156112] [ 391/0.403103]
  1,  9, 149: 0.410623 [38.552717/0.194606] [ 441/0.403103]
  1,  9, 199: 0.426038 [38.594293/0.189808] [ 491/0.403103]
  1,  9, 249: 0.451289 [38.616438/0.191644] [ 541/0.403103]
  1,  9, 299: 0.440531 [38.679781/0.172577] [ 591/0.403103]
  1,  9, 349: 0.440381 [38.682270/0.194986] [ 641/0.403103]
Epoch 9 done. Evaluation:
(42496, 50000)
(3019, 10000)
  2,  0,  49: 0.322651 [38.621865/0.080032] [   0/0.322651]
  2,  0,  99: 0.267430 [38.527909/0.083307] [   0/0.267430]
  2,  0, 149: 0.287343 [38.422512/0.081814] [  50/0.267430]
  2,  0, 199: 0.291995 [38.329174/0.088952] [ 100/0.267430]
  2,  0, 249: 0.292816 [38.236923/0.088570] [ 150/0.267430]
  2,  0, 299: 0.272752 [38.150183/0.088153] [ 200/0.267430]
  2,  0, 349: 0.280648 [38.064117/0.084434] [ 250/0.267430]
Epoch 0 done. Evaluation:
(45049, 50000)
(6787, 10000)
  2,  1,  49: 0.255847 [37.917322/0.080191] [   0/0.255847]
  2,  1,  99: 0.253176 [37.833525/0.085385] [   0/0.253176]
  2,  1, 149: 0.252088 [37.759606/0.089050] [   0/0.252088]
  2,  1, 199: 0.249714 [37.685508/0.095494] [   0/0.249714]
  2,  1, 249: 0.281610 [37.615908/0.091171] [  50/0.249714]
  2,  1, 299: 0.274745 [37.553154/0.086754] [ 100/0.249714]
  2,  1, 349: 0.261623 [37.487961/0.093644] [ 150/0.249714]
Epoch 1 done. Evaluation:
(45474, 50000)
(6546, 10000)
  2,  2,  49: 0.240423 [37.388123/0.098939] [   0/0.240423]
  2,  2,  99: 0.233113 [37.344233/0.080131] [   0/0.233113]
  2,  2, 149: 0.244733 [37.288458/0.096532] [  50/0.233113]
  2,  2, 199: 0.252866 [37.236242/0.095632] [ 100/0.233113]
  2,  2, 249: 0.262514 [37.187507/0.101048] [ 150/0.233113]
  2,  2, 299: 0.262961 [37.148350/0.098215] [ 200/0.233113]
  2,  2, 349: 0.298562 [37.113391/0.103139] [ 250/0.233113]
Epoch 2 done. Evaluation:
(45527, 50000)
(7395, 10000)
  2,  3,  49: 0.219956 [37.047021/0.097558] [   0/0.219956]
  2,  3,  99: 0.245888 [37.016464/0.094739] [  50/0.219956]
  2,  3, 149: 0.247024 [36.984022/0.093686] [ 100/0.219956]
  2,  3, 199: 0.262654 [36.947701/0.104518] [ 150/0.219956]
  2,  3, 249: 0.274908 [36.923270/0.108294] [ 200/0.219956]
  2,  3, 299: 0.280790 [36.896717/0.110858] [ 250/0.219956]
  2,  3, 349: 0.261197 [36.872760/0.100944] [ 300/0.219956]
Epoch 3 done. Evaluation:
(45593, 50000)
(5171, 10000)
  2,  4,  49: 0.237747 [36.827748/0.099415] [ 391/0.219956]
  2,  4,  99: 0.230141 [36.798805/0.114366] [ 441/0.219956]
  2,  4, 149: 0.249681 [36.786025/0.112989] [ 491/0.219956]
  2,  4, 199: 0.273609 [36.783005/0.112166] [ 541/0.219956]
  2,  4, 249: 0.275051 [36.779658/0.111649] [ 591/0.219956]
  2,  4, 299: 0.273538 [36.764554/0.120457] [ 641/0.219956]
  2,  4, 349: 0.277728 [36.753222/0.106305] [ 691/0.219956]
Epoch 4 done. Evaluation:
(45478, 50000)
(6111, 10000)
  2,  5,  49: 0.220524 [36.714274/0.095111] [ 782/0.219956]
  2,  5,  99: 0.221559 [36.700893/0.107505] [ 832/0.219956]
  2,  5, 149: 0.236364 [36.689960/0.101472] [ 882/0.219956]
  2,  5, 199: 0.266130 [36.687160/0.113227] [ 932/0.219956]
  2,  5, 249: 0.256542 [36.686702/0.116016] [ 982/0.219956]
  2,  5, 299: 0.276617 [36.691588/0.112322] [1032/0.219956]
  2,  5, 349: 0.285511 [36.691663/0.107926] [1082/0.219956]
Epoch 5 done. Evaluation:
(45556, 50000)
(6053, 10000)
  2,  6,  49: 0.226586 [36.661222/0.095257] [1173/0.219956]
  2,  6,  99: 0.211439 [36.642170/0.094115] [   0/0.211439]
  2,  6, 149: 0.216229 [36.619730/0.104020] [  50/0.211439]
  2,  6, 199: 0.221269 [36.601231/0.108766] [ 100/0.211439]
  2,  6, 249: 0.249952 [36.601891/0.127210] [ 150/0.211439]
  2,  6, 299: 0.282294 [36.636192/0.111942] [ 200/0.211439]
  2,  6, 349: 0.287497 [36.639921/0.102979] [ 250/0.211439]
Epoch 6 done. Evaluation:
(45702, 50000)
(2712, 10000)
  2,  7,  49: 0.223551 [36.647290/0.112277] [ 341/0.211439]
  2,  7,  99: 0.236367 [36.649510/0.132247] [ 391/0.211439]
  2,  7, 149: 0.254744 [36.680648/0.122440] [ 441/0.211439]
  2,  7, 199: 0.260065 [36.711180/0.117433] [ 491/0.211439]
  2,  7, 249: 0.254223 [36.719334/0.107446] [ 541/0.211439]
  2,  7, 299: 0.273911 [36.729079/0.115923] [ 591/0.211439]
  2,  7, 349: 0.293938 [36.744871/0.117115] [ 641/0.211439]
Epoch 7 done. Evaluation:
(45550, 50000)
(6441, 10000)
  2,  8,  49: 0.218027 [36.735134/0.112199] [ 732/0.211439]
  2,  8,  99: 0.221531 [36.735390/0.107737] [ 782/0.211439]
  2,  8, 149: 0.211562 [36.714954/0.107580] [ 832/0.211439]
  2,  8, 199: 0.236690 [36.714082/0.111273] [ 882/0.211439]
  2,  8, 249: 0.271243 [36.734663/0.123354] [ 932/0.211439]
  2,  8, 299: 0.272533 [36.754701/0.108765] [ 982/0.211439]
  2,  8, 349: 0.240186 [36.759248/0.121689] [1032/0.211439]
Epoch 8 done. Evaluation:
(45759, 50000)
(3955, 10000)
  2,  9,  49: 0.229336 [36.783490/0.108166] [1123/0.211439]
  2,  9,  99: 0.223160 [36.772522/0.113686] [1173/0.211439]
  2,  9, 149: 0.230666 [36.784210/0.116921] [1223/0.211439]
  2,  9, 199: 0.222670 [36.782375/0.120971] [1273/0.211439]
  2,  9, 249: 0.225025 [36.796448/0.110719] [1323/0.211439]
  2,  9, 299: 0.241278 [36.804005/0.113714] [1373/0.211439]
  2,  9, 349: 0.255954 [36.807766/0.131213] [1423/0.211439]
Epoch 9 done. Evaluation:
(45912, 50000)
(3780, 10000)
  3,  0,  49: 0.172003 [36.790326/0.044395] [   0/0.172003]
  3,  0,  99: 0.138526 [36.738147/0.038914] [   0/0.138526]
  3,  0, 149: 0.137244 [36.681830/0.044482] [   0/0.137244]
  3,  0, 199: 0.135185 [36.629647/0.044473] [   0/0.135185]
  3,  0, 249: 0.129616 [36.573255/0.044127] [   0/0.129616]
  3,  0, 299: 0.125847 [36.517675/0.047484] [   0/0.125847]
  3,  0, 349: 0.120152 [36.462947/0.045068] [   0/0.120152]
Epoch 0 done. Evaluation:
(47775, 50000)
(8064, 10000)
  3,  1,  49: 0.089636 [36.362814/0.038494] [   0/0.089636]
  3,  1,  99: 0.094761 [36.302405/0.044390] [  50/0.089636]
  3,  1, 149: 0.098169 [36.243177/0.040526] [ 100/0.089636]
  3,  1, 199: 0.091705 [36.187073/0.043595] [ 150/0.089636]
  3,  1, 249: 0.098587 [36.131549/0.045145] [ 200/0.089636]
  3,  1, 299: 0.099892 [36.076241/0.051400] [ 250/0.089636]
  3,  1, 349: 0.103808 [36.024681/0.047369] [ 300/0.089636]
Epoch 1 done. Evaluation:
(48398, 50000)
(7719, 10000)
  3,  2,  49: 0.096759 [35.932190/0.047074] [ 391/0.089636]
  3,  2,  99: 0.084177 [35.876109/0.044777] [   0/0.084177]
  3,  2, 149: 0.083283 [35.818934/0.047362] [   0/0.083283]
  3,  2, 199: 0.105855 [35.771029/0.057148] [  50/0.083283]
  3,  2, 249: 0.096891 [35.721042/0.053345] [ 100/0.083283]
  3,  2, 299: 0.098864 [35.673625/0.052654] [ 150/0.083283]
  3,  2, 349: 0.092687 [35.626236/0.050880] [ 200/0.083283]
Epoch 2 done. Evaluation:
(48490, 50000)
(7994, 10000)
  3,  3,  49: 0.086221 [35.542018/0.050846] [ 291/0.083283]
  3,  3,  99: 0.085194 [35.494236/0.045680] [ 341/0.083283]
  3,  3, 149: 0.081414 [35.446019/0.043246] [   0/0.081414]
  3,  3, 199: 0.080765 [35.396247/0.048408] [   0/0.080765]
  3,  3, 249: 0.085672 [35.349762/0.050603] [  50/0.080765]
  3,  3, 299: 0.097732 [35.303281/0.055039] [ 100/0.080765]
  3,  3, 349: 0.101868 [35.260481/0.054940] [ 150/0.080765]
Epoch 3 done. Evaluation:
(48568, 50000)
(7835, 10000)
  3,  4,  49: 0.076321 [35.181665/0.049957] [   0/0.076321]
  3,  4,  99: 0.078500 [35.135907/0.052924] [  50/0.076321]
  3,  4, 149: 0.087608 [35.094896/0.058589] [ 100/0.076321]
  3,  4, 199: 0.074478 [35.048112/0.056998] [   0/0.074478]
  3,  4, 249: 0.096552 [35.012689/0.063898] [  50/0.074478]
  3,  4, 299: 0.091608 [34.974695/0.053602] [ 100/0.074478]
  3,  4, 349: 0.099286 [34.937205/0.059148] [ 150/0.074478]
Epoch 4 done. Evaluation:
(48581, 50000)
(6583, 10000)
  3,  5,  49: 0.077549 [34.870316/0.047899] [ 241/0.074478]
  3,  5,  99: 0.073164 [34.822589/0.048925] [   0/0.073164]
  3,  5, 149: 0.092415 [34.786278/0.057299] [  50/0.073164]
  3,  5, 199: 0.096951 [34.752253/0.059506] [ 100/0.073164]
  3,  5, 249: 0.087186 [34.716132/0.056611] [ 150/0.073164]
  3,  5, 299: 0.091523 [34.679541/0.057838] [ 200/0.073164]
  3,  5, 349: 0.107358 [34.650642/0.065633] [ 250/0.073164]
Epoch 5 done. Evaluation:
(48465, 50000)
(6185, 10000)
  3,  6,  49: 0.094157 [34.611017/0.053555] [ 341/0.073164]
  3,  6,  99: 0.088273 [34.577588/0.060886] [ 391/0.073164]
  3,  6, 149: 0.090432 [34.545470/0.058633] [ 441/0.073164]
  3,  6, 199: 0.084955 [34.512725/0.049673] [ 491/0.073164]
  3,  6, 249: 0.099567 [34.487591/0.059330] [ 541/0.073164]
  3,  6, 299: 0.104042 [34.462445/0.064710] [ 591/0.073164]
  3,  6, 349: 0.099683 [34.441229/0.063131] [ 641/0.073164]
Epoch 6 done. Evaluation:
(48397, 50000)
(7224, 10000)
  3,  7,  49: 0.102455 [34.404416/0.062892] [ 732/0.073164]
  3,  7,  99: 0.079416 [34.372662/0.053365] [ 782/0.073164]
  3,  7, 149: 0.100916 [34.346863/0.064480] [ 832/0.073164]
  3,  7, 199: 0.104667 [34.328709/0.061303] [ 882/0.073164]
  3,  7, 249: 0.102488 [34.305918/0.059127] [ 932/0.073164]
  3,  7, 299: 0.096716 [34.283254/0.067837] [ 982/0.073164]
  3,  7, 349: 0.102895 [34.262248/0.061909] [1032/0.073164]
Epoch 7 done. Evaluation:
(48304, 50000)
(7731, 10000)
  3,  8,  49: 0.093987 [34.220892/0.064102] [1123/0.073164]
  3,  8,  99: 0.089259 [34.194357/0.062439] [1173/0.073164]
  3,  8, 149: 0.092905 [34.174405/0.064505] [1223/0.073164]
  3,  8, 199: 0.090761 [34.156564/0.050393] [1273/0.073164]
  3,  8, 249: 0.105688 [34.138995/0.066329] [1323/0.073164]
  3,  8, 299: 0.113944 [34.133732/0.063327] [1373/0.073164]
  3,  8, 349: 0.104298 [34.115607/0.062270] [1423/0.073164]
Epoch 8 done. Evaluation:
(48296, 50000)
(6880, 10000)
  3,  9,  49: 0.093616 [34.089451/0.057645] [1514/0.073164]
  3,  9,  99: 0.092552 [34.062917/0.066184] [1564/0.073164]
  3,  9, 149: 0.095128 [34.051139/0.063109] [1614/0.073164]
  3,  9, 199: 0.095661 [34.030402/0.072308] [1664/0.073164]
  3,  9, 249: 0.092819 [34.016086/0.058813] [1714/0.073164]
  3,  9, 299: 0.102449 [33.999343/0.078786] [1764/0.073164]
  3,  9, 349: 0.115632 [33.992604/0.067973] [1814/0.073164]
Epoch 9 done. Evaluation:
(48266, 50000)
(6749, 10000)
  4,  0,  49: 0.072042 [33.966618/0.026241] [   0/0.072042]
  4,  0,  99: 0.056336 [33.935555/0.026485] [   0/0.056336]
  4,  0, 149: 0.042788 [33.902840/0.021538] [   0/0.042788]
  4,  0, 199: 0.037894 [33.867539/0.017753] [   0/0.037894]
  4,  0, 249: 0.042509 [33.831896/0.020411] [  50/0.037894]
  4,  0, 299: 0.031716 [33.795092/0.019734] [   0/0.031716]
  4,  0, 349: 0.033985 [33.759329/0.022316] [  50/0.031716]
Epoch 0 done. Evaluation:
(49359, 50000)
(8079, 10000)
  4,  1,  49: 0.029142 [33.692897/0.018326] [   0/0.029142]
  4,  1,  99: 0.030398 [33.655291/0.016452] [  50/0.029142]
  4,  1, 149: 0.028488 [33.618131/0.015550] [   0/0.028488]
  4,  1, 199: 0.027585 [33.579778/0.023083] [   0/0.027585]
  4,  1, 249: 0.029151 [33.542847/0.018662] [  50/0.027585]
  4,  1, 299: 0.023636 [33.504669/0.013460] [   0/0.023636]
  4,  1, 349: 0.025378 [33.465741/0.017232] [  50/0.023636]
Epoch 1 done. Evaluation:
(49691, 50000)
(8427, 10000)
  4,  2,  49: 0.020129 [33.394062/0.015290] [   0/0.020129]
  4,  2,  99: 0.019376 [33.353706/0.015999] [   0/0.019376]
  4,  2, 149: 0.022138 [33.313225/0.015830] [  50/0.019376]
  4,  2, 199: 0.020750 [33.273600/0.015879] [ 100/0.019376]
  4,  2, 249: 0.018538 [33.233995/0.012271] [   0/0.018538]
  4,  2, 299: 0.019606 [33.193636/0.015289] [  50/0.018538]
  4,  2, 349: 0.022228 [33.154151/0.022042] [ 100/0.018538]
Epoch 2 done. Evaluation:
(49786, 50000)
(8477, 10000)
  4,  3,  49: 0.018914 [33.082345/0.015489] [ 191/0.018538]
  4,  3,  99: 0.014618 [33.041646/0.014125] [   0/0.014618]
  4,  3, 149: 0.014305 [32.999993/0.012685] [   0/0.014305]
  4,  3, 199: 0.014913 [32.958309/0.012932] [  50/0.014305]
  4,  3, 249: 0.016388 [32.917969/0.013221] [ 100/0.014305]
  4,  3, 299: 0.019595 [32.878247/0.013770] [ 150/0.014305]
  4,  3, 349: 0.020656 [32.838920/0.018161] [ 200/0.014305]
Epoch 3 done. Evaluation:
(49843, 50000)
(8394, 10000)
  4,  4,  49: 0.013712 [32.766684/0.008410] [   0/0.013712]
  4,  4,  99: 0.013763 [32.725270/0.010418] [  50/0.013712]
  4,  4, 149: 0.014345 [32.683272/0.010388] [ 100/0.013712]
  4,  4, 199: 0.014639 [32.642211/0.011166] [ 150/0.013712]
  4,  4, 249: 0.016648 [32.601890/0.013459] [ 200/0.013712]
  4,  4, 299: 0.014920 [32.562387/0.010200] [ 250/0.013712]
  4,  4, 349: 0.012947 [32.520619/0.012790] [   0/0.012947]
Epoch 4 done. Evaluation:
(49905, 50000)
(8504, 10000)
  4,  5,  49: 0.010643 [32.445455/0.010440] [   0/0.010643]
  4,  5,  99: 0.010349 [32.403196/0.010571] [   0/0.010349]
  4,  5, 149: 0.011564 [32.361324/0.010055] [  50/0.010349]
  4,  5, 199: 0.011124 [32.319689/0.011790] [ 100/0.010349]
  4,  5, 249: 0.012372 [32.278415/0.012031] [ 150/0.010349]
  4,  5, 299: 0.011971 [32.237705/0.012028] [ 200/0.010349]
  4,  5, 349: 0.011270 [32.196565/0.009577] [ 250/0.010349]
Epoch 5 done. Evaluation:
(49944, 50000)
(8483, 10000)
  4,  6,  49: 0.009810 [32.120601/0.010823] [   0/0.009810]
  4,  6,  99: 0.009648 [32.078952/0.008833] [   0/0.009648]
  4,  6, 149: 0.009910 [32.037154/0.009431] [  50/0.009648]
  4,  6, 199: 0.009623 [31.995570/0.008272] [   0/0.009623]
  4,  6, 249: 0.011459 [31.953818/0.009583] [  50/0.009623]
  4,  6, 299: 0.009002 [31.911518/0.011058] [   0/0.009002]
  4,  6, 349: 0.010092 [31.870281/0.007268] [  50/0.009002]
Epoch 6 done. Evaluation:
(49958, 50000)
(8407, 10000)
  4,  7,  49: 0.009484 [31.795310/0.011656] [ 141/0.009002]
  4,  7,  99: 0.010153 [31.754580/0.007644] [ 191/0.009002]
  4,  7, 149: 0.009250 [31.713155/0.008102] [ 241/0.009002]
  4,  7, 199: 0.011333 [31.672181/0.019872] [ 291/0.009002]
  4,  7, 249: 0.012030 [31.632586/0.012990] [ 341/0.009002]
  4,  7, 299: 0.010975 [31.592862/0.011167] [ 391/0.009002]
  4,  7, 349: 0.010057 [31.552743/0.008738] [ 441/0.009002]
Epoch 7 done. Evaluation:
(49940, 50000)
(8457, 10000)
  4,  8,  49: 0.008124 [31.478130/0.008558] [   0/0.008124]
  4,  8,  99: 0.008114 [31.436547/0.006770] [   0/0.008114]
  4,  8, 149: 0.007889 [31.394388/0.011391] [   0/0.007889]
  4,  8, 199: 0.009285 [31.353405/0.009422] [  50/0.007889]
  4,  8, 249: 0.008681 [31.312457/0.010139] [ 100/0.007889]
  4,  8, 299: 0.009641 [31.271737/0.013362] [ 150/0.007889]
  4,  8, 349: 0.011247 [31.232712/0.009718] [ 200/0.007889]
Epoch 8 done. Evaluation:
(49963, 50000)
(8252, 10000)
  4,  9,  49: 0.007506 [31.159282/0.008049] [   0/0.007506]
  4,  9,  99: 0.007299 [31.117643/0.011570] [   0/0.007299]
  4,  9, 149: 0.006577 [31.075957/0.009464] [   0/0.006577]
  4,  9, 199: 0.008131 [31.034777/0.009544] [  50/0.006577]
  4,  9, 249: 0.007494 [30.993646/0.006929] [ 100/0.006577]
  4,  9, 299: 0.007998 [30.952951/0.008119] [ 150/0.006577]
  4,  9, 349: 0.007851 [30.911931/0.010714] [ 200/0.006577]
Epoch 9 done. Evaluation:
(49981, 50000)
(8523, 10000)
  5,  0,  49: 0.006542 [30.858088/0.003463] [   0/0.006542]
  5,  0,  99: 0.005519 [30.836767/0.002704] [   0/0.005519]
  5,  0, 149: 0.004934 [30.815247/0.002956] [   0/0.004934]
  5,  0, 199: 0.005462 [30.793935/0.002578] [  50/0.004934]
  5,  0, 249: 0.006747 [30.772646/0.006593] [ 100/0.004934]
  5,  0, 299: 0.006677 [30.751547/0.003527] [ 150/0.004934]
  5,  0, 349: 0.005243 [30.730232/0.003597] [ 200/0.004934]
Epoch 0 done. Evaluation:
(49985, 50000)
(8578, 10000)
  5,  1,  49: 0.005208 [30.691395/0.002830] [ 291/0.004934]
  5,  1,  99: 0.004076 [30.669831/0.002178] [   0/0.004076]
  5,  1, 149: 0.004443 [30.648263/0.001873] [  50/0.004076]
  5,  1, 199: 0.004510 [30.626741/0.002551] [ 100/0.004076]
  5,  1, 249: 0.004589 [30.605288/0.002260] [ 150/0.004076]
  5,  1, 299: 0.004696 [30.583853/0.002467] [ 200/0.004076]
  5,  1, 349: 0.005262 [30.562538/0.003899] [ 250/0.004076]
Epoch 1 done. Evaluation:
(49992, 50000)
(8572, 10000)
  5,  2,  49: 0.005087 [30.524105/0.002553] [ 341/0.004076]
  5,  2,  99: 0.004322 [30.502765/0.002208] [ 391/0.004076]
  5,  2, 149: 0.004466 [30.481257/0.003061] [ 441/0.004076]
  5,  2, 199: 0.004253 [30.459724/0.002716] [ 491/0.004076]
  5,  2, 249: 0.004756 [30.438427/0.003097] [ 541/0.004076]
  5,  2, 299: 0.004643 [30.417158/0.002251] [ 591/0.004076]
  5,  2, 349: 0.005651 [30.396088/0.005242] [ 641/0.004076]
Epoch 2 done. Evaluation:
(49992, 50000)
(8572, 10000)
  5,  3,  49: 0.004144 [30.357511/0.002543] [ 732/0.004076]
  5,  3,  99: 0.004682 [30.336290/0.004157] [ 782/0.004076]
  5,  3, 149: 0.004746 [30.315136/0.003447] [ 832/0.004076]
  5,  3, 199: 0.004517 [30.293947/0.003483] [ 882/0.004076]
  5,  3, 249: 0.004905 [30.272938/0.003492] [ 932/0.004076]
  5,  3, 299: 0.004835 [30.251923/0.003035] [ 982/0.004076]
  5,  3, 349: 0.004369 [30.230749/0.002490] [1032/0.004076]
Epoch 3 done. Evaluation:
(49995, 50000)
(8573, 10000)
  5,  4,  49: 0.004427 [30.192227/0.002713] [1123/0.004076]
  5,  4,  99: 0.004376 [30.171150/0.002191] [1173/0.004076]
  5,  4, 149: 0.004020 [30.149894/0.002309] [   0/0.004020]
  5,  4, 199: 0.003935 [30.128578/0.004048] [   0/0.003935]
  5,  4, 249: 0.004687 [30.107610/0.002536] [  50/0.003935]
  5,  4, 299: 0.004410 [30.086556/0.003174] [ 100/0.003935]
  5,  4, 349: 0.004505 [30.065513/0.002179] [ 150/0.003935]
Epoch 4 done. Evaluation:
(49997, 50000)
(8569, 10000)
  5,  5,  49: 0.003725 [30.027050/0.001880] [   0/0.003725]
  5,  5,  99: 0.003480 [30.005753/0.001780] [   0/0.003480]
  5,  5, 149: 0.003998 [29.984596/0.002063] [  50/0.003480]
  5,  5, 199: 0.004041 [29.963545/0.002618] [ 100/0.003480]
  5,  5, 249: 0.004117 [29.942500/0.003360] [ 150/0.003480]
  5,  5, 299: 0.004081 [29.921538/0.002417] [ 200/0.003480]
  5,  5, 349: 0.004230 [29.900548/0.002631] [ 250/0.003480]
Epoch 5 done. Evaluation:
(50000, 50000)
(8578, 10000)
  5,  6,  49: 0.004226 [29.862460/0.004723] [ 341/0.003480]
  5,  6,  99: 0.004087 [29.841561/0.003287] [ 391/0.003480]
  5,  6, 149: 0.004471 [29.820899/0.002162] [ 441/0.003480]
  5,  6, 199: 0.003816 [29.799930/0.001686] [ 491/0.003480]
  5,  6, 249: 0.003876 [29.778977/0.002078] [ 541/0.003480]
  5,  6, 299: 0.003645 [29.757960/0.002282] [ 591/0.003480]
  5,  6, 349: 0.004341 [29.737107/0.003622] [ 641/0.003480]
Epoch 6 done. Evaluation:
(49997, 50000)
(8579, 10000)
  5,  7,  49: 0.004383 [29.699588/0.004038] [ 732/0.003480]
  5,  7,  99: 0.004539 [29.679071/0.002176] [ 782/0.003480]
  5,  7, 149: 0.003883 [29.658224/0.002542] [ 832/0.003480]
  5,  7, 199: 0.004315 [29.637574/0.002488] [ 882/0.003480]
  5,  7, 249: 0.004163 [29.616877/0.002939] [ 932/0.003480]
  5,  7, 299: 0.004306 [29.596315/0.002598] [ 982/0.003480]
  5,  7, 349: 0.004665 [29.575887/0.002815] [1032/0.003480]
Epoch 7 done. Evaluation:
(49996, 50000)
(8561, 10000)
  5,  8,  49: 0.004176 [29.538511/0.002890] [1123/0.003480]
  5,  8,  99: 0.003988 [29.517875/0.001992] [1173/0.003480]
  5,  8, 149: 0.004013 [29.497288/0.002182] [1223/0.003480]
  5,  8, 199: 0.003632 [29.476513/0.003016] [1273/0.003480]
  5,  8, 249: 0.004272 [29.455997/0.002392] [1323/0.003480]
  5,  8, 299: 0.003994 [29.435429/0.002153] [1373/0.003480]
  5,  8, 349: 0.004343 [29.415024/0.002128] [1423/0.003480]
Epoch 8 done. Evaluation:
(49999, 50000)
(8545, 10000)
  5,  9,  49: 0.004676 [29.377867/0.002927] [1514/0.003480]
  5,  9,  99: 0.003930 [29.357373/0.002489] [1564/0.003480]
  5,  9, 149: 0.003526 [29.336852/0.001855] [1614/0.003480]
  5,  9, 199: 0.003821 [29.316209/0.002840] [1664/0.003480]
  5,  9, 249: 0.004039 [29.295762/0.002140] [1714/0.003480]
  5,  9, 299: 0.004098 [29.275347/0.002845] [1764/0.003480]
  5,  9, 349: 0.003882 [29.254902/0.002644] [1814/0.003480]
Epoch 9 done. Evaluation:
(49999, 50000)
(8583, 10000)
  6,  0,  49: 0.003824 [29.228182/0.000905] [1905/0.003480]
  6,  0,  99: 0.003874 [29.217905/0.000878] [1955/0.003480]
  6,  0, 149: 0.003420 [29.207550/0.000930] [   0/0.003420]
  6,  0, 199: 0.003460 [29.197201/0.001023] [  50/0.003420]
  6,  0, 249: 0.003251 [29.186842/0.001145] [   0/0.003251]
  6,  0, 299: 0.003341 [29.176495/0.000976] [  50/0.003251]
  6,  0, 349: 0.003713 [29.166222/0.001079] [ 100/0.003251]
Epoch 0 done. Evaluation:
(49999, 50000)
(8575, 10000)
  6,  1,  49: 0.003300 [29.147414/0.001334] [ 191/0.003251]
  6,  1,  99: 0.003168 [29.137053/0.001175] [   0/0.003168]
  6,  1, 149: 0.003425 [29.126734/0.002039] [  50/0.003168]
  6,  1, 199: 0.002848 [29.116387/0.000797] [   0/0.002848]
  6,  1, 249: 0.002902 [29.105912/0.001075] [  50/0.002848]
  6,  1, 299: 0.003132 [29.095538/0.000983] [ 100/0.002848]
  6,  1, 349: 0.003488 [29.085231/0.001267] [ 150/0.002848]
Epoch 1 done. Evaluation:
(50000, 50000)
(8592, 10000)
  6,  2,  49: 0.003518 [29.066441/0.001971] [ 241/0.002848]
  6,  2,  99: 0.002822 [29.056079/0.000720] [   0/0.002822]
  6,  2, 149: 0.003034 [29.045709/0.000961] [  50/0.002822]
  6,  2, 199: 0.003195 [29.035359/0.001117] [ 100/0.002822]
  6,  2, 249: 0.003017 [29.025015/0.000900] [ 150/0.002822]
  6,  2, 299: 0.003363 [29.014709/0.001111] [ 200/0.002822]
  6,  2, 349: 0.003252 [29.004388/0.001701] [ 250/0.002822]
Epoch 2 done. Evaluation:
(49999, 50000)
(8551, 10000)
  6,  3,  49: 0.003046 [28.985620/0.001010] [ 341/0.002822]
  6,  3,  99: 0.002699 [28.975221/0.000903] [   0/0.002699]
  6,  3, 149: 0.003302 [28.964902/0.001345] [  50/0.002699]
  6,  3, 199: 0.003065 [28.954634/0.000819] [ 100/0.002699]
  6,  3, 249: 0.003444 [28.944338/0.001143] [ 150/0.002699]
  6,  3, 299: 0.002973 [28.934013/0.001148] [ 200/0.002699]
  6,  3, 349: 0.003786 [28.923810/0.001713] [ 250/0.002699]
Epoch 3 done. Evaluation:
(49999, 50000)
(8567, 10000)
  6,  4,  49: 0.003713 [28.905309/0.001174] [ 341/0.002699]
  6,  4,  99: 0.003398 [28.895120/0.001138] [ 391/0.002699]
  6,  4, 149: 0.003406 [28.884910/0.001774] [ 441/0.002699]
  6,  4, 199: 0.003391 [28.874717/0.001164] [ 491/0.002699]
  6,  4, 249: 0.003172 [28.864520/0.000978] [ 541/0.002699]
  6,  4, 299: 0.003388 [28.854285/0.001179] [ 591/0.002699]
  6,  4, 349: 0.003124 [28.844056/0.001671] [ 641/0.002699]
Epoch 4 done. Evaluation:
(49999, 50000)
(8558, 10000)
  6,  5,  49: 0.003211 [28.825466/0.000952] [ 732/0.002699]
  6,  5,  99: 0.002850 [28.815165/0.001209] [ 782/0.002699]
  6,  5, 149: 0.003313 [28.804924/0.001078] [ 832/0.002699]
  6,  5, 199: 0.003069 [28.794721/0.000905] [ 882/0.002699]
  6,  5, 249: 0.003296 [28.784531/0.001029] [ 932/0.002699]
  6,  5, 299: 0.003673 [28.774397/0.001744] [ 982/0.002699]
  6,  5, 349: 0.003508 [28.764298/0.001682] [1032/0.002699]
Epoch 5 done. Evaluation:
(50000, 50000)
(8565, 10000)
  6,  6,  49: 0.002996 [28.745670/0.001371] [1123/0.002699]
  6,  6,  99: 0.002656 [28.735353/0.000993] [   0/0.002656]
  6,  6, 149: 0.002639 [28.725028/0.001116] [   0/0.002639]
  6,  6, 199: 0.002935 [28.714802/0.000899] [  50/0.002639]
  6,  6, 249: 0.002769 [28.704552/0.000826] [ 100/0.002639]
  6,  6, 299: 0.003075 [28.694285/0.001207] [ 150/0.002639]
  6,  6, 349: 0.003160 [28.684102/0.001500] [ 200/0.002639]
Epoch 6 done. Evaluation:
(50000, 50000)
(8570, 10000)
  6,  7,  49: 0.002783 [28.665476/0.000985] [ 291/0.002639]
  6,  7,  99: 0.002437 [28.655139/0.000823] [   0/0.002437]
  6,  7, 149: 0.002825 [28.644905/0.001068] [  50/0.002437]
  6,  7, 199: 0.002790 [28.634646/0.000964] [ 100/0.002437]
  6,  7, 249: 0.002960 [28.624434/0.001970] [ 150/0.002437]
  6,  7, 299: 0.003005 [28.614252/0.001394] [ 200/0.002437]
  6,  7, 349: 0.002922 [28.604062/0.001287] [ 250/0.002437]
Epoch 7 done. Evaluation:
(50000, 50000)
(8569, 10000)
  6,  8,  49: 0.002973 [28.585500/0.001056] [ 341/0.002437]
  6,  8,  99: 0.002893 [28.575294/0.001278] [ 391/0.002437]
  6,  8, 149: 0.002842 [28.565076/0.000939] [ 441/0.002437]
  6,  8, 199: 0.002903 [28.554885/0.001490] [ 491/0.002437]
  6,  8, 249: 0.003031 [28.544719/0.001290] [ 541/0.002437]
  6,  8, 299: 0.002811 [28.534540/0.000689] [ 591/0.002437]
  6,  8, 349: 0.002613 [28.524295/0.000904] [ 641/0.002437]
Epoch 8 done. Evaluation:
(50000, 50000)
(8576, 10000)
  6,  9,  49: 0.002873 [28.505798/0.001146] [ 732/0.002437]
  6,  9,  99: 0.002797 [28.495607/0.000940] [ 782/0.002437]
  6,  9, 149: 0.003138 [28.485493/0.001448] [ 832/0.002437]
  6,  9, 199: 0.003018 [28.475345/0.001680] [ 882/0.002437]
  6,  9, 249: 0.002754 [28.465194/0.001241] [ 932/0.002437]
  6,  9, 299: 0.003122 [28.455122/0.001220] [ 982/0.002437]
  6,  9, 349: 0.002616 [28.444958/0.000864] [1032/0.002437]
Epoch 9 done. Evaluation:
(50000, 50000)
(8583, 10000)
  7,  0,  49: 0.002895 [28.431549/0.000835] [1123/0.002437]
  7,  0,  99: 0.002905 [28.426476/0.000553] [1173/0.002437]
  7,  0, 149: 0.002372 [28.421329/0.000554] [   0/0.002372]
  7,  0, 199: 0.002700 [28.416239/0.000509] [  50/0.002372]
  7,  0, 249: 0.002569 [28.411130/0.000383] [ 100/0.002372]
  7,  0, 299: 0.002823 [28.406034/0.000793] [ 150/0.002372]
  7,  0, 349: 0.002828 [28.400944/0.000635] [ 200/0.002372]
Epoch 0 done. Evaluation:
(49999, 50000)
(8583, 10000)
  7,  1,  49: 0.002601 [28.391650/0.000527] [ 291/0.002372]
  7,  1,  99: 0.002667 [28.386546/0.000498] [ 341/0.002372]
  7,  1, 149: 0.002609 [28.381444/0.000507] [ 391/0.002372]
  7,  1, 199: 0.002755 [28.376345/0.000510] [ 441/0.002372]
  7,  1, 249: 0.002812 [28.371267/0.000813] [ 491/0.002372]
  7,  1, 299: 0.002634 [28.366174/0.000779] [ 541/0.002372]
  7,  1, 349: 0.002647 [28.361098/0.000498] [ 591/0.002372]
Epoch 1 done. Evaluation:
(50000, 50000)
(8587, 10000)
  7,  2,  49: 0.002529 [28.351797/0.000412] [ 682/0.002372]
  7,  2,  99: 0.002373 [28.346671/0.000348] [ 732/0.002372]
  7,  2, 149: 0.002397 [28.341554/0.000597] [ 782/0.002372]
  7,  2, 199: 0.002725 [28.336463/0.000971] [ 832/0.002372]
  7,  2, 249: 0.002440 [28.331376/0.000372] [ 882/0.002372]
  7,  2, 299: 0.002468 [28.326262/0.000410] [ 932/0.002372]
  7,  2, 349: 0.002573 [28.321157/0.000805] [ 982/0.002372]
Epoch 2 done. Evaluation:
(50000, 50000)
(8567, 10000)
  7,  3,  49: 0.002488 [28.311907/0.000514] [1073/0.002372]
  7,  3,  99: 0.002398 [28.306802/0.000443] [1123/0.002372]
  7,  3, 149: 0.002347 [28.301687/0.000419] [   0/0.002347]
  7,  3, 199: 0.002575 [28.296605/0.000879] [  50/0.002347]
  7,  3, 249: 0.002825 [28.291547/0.000556] [ 100/0.002347]
  7,  3, 299: 0.002586 [28.286458/0.000857] [ 150/0.002347]
  7,  3, 349: 0.002483 [28.281368/0.000568] [ 200/0.002347]
Epoch 3 done. Evaluation:
(50000, 50000)
(8579, 10000)
  7,  4,  49: 0.002689 [28.272109/0.000566] [ 291/0.002347]
  7,  4,  99: 0.002360 [28.267007/0.000545] [ 341/0.002347]
  7,  4, 149: 0.002665 [28.261917/0.000793] [ 391/0.002347]
  7,  4, 199: 0.002483 [28.256843/0.000615] [ 441/0.002347]
  7,  4, 249: 0.002392 [28.251754/0.000439] [ 491/0.002347]
  7,  4, 299: 0.002648 [28.246665/0.000699] [ 541/0.002347]
  7,  4, 349: 0.002623 [28.241584/0.000572] [ 591/0.002347]
Epoch 4 done. Evaluation:
(50000, 50000)
(8580, 10000)
  7,  5,  49: 0.002595 [28.232352/0.000573] [ 682/0.002347]
  7,  5,  99: 0.002802 [28.227296/0.000882] [ 732/0.002347]
  7,  5, 149: 0.002608 [28.222228/0.000478] [ 782/0.002347]
  7,  5, 199: 0.002576 [28.217153/0.000455] [ 832/0.002347]
  7,  5, 249: 0.002642 [28.212093/0.000494] [ 882/0.002347]
  7,  5, 299: 0.002681 [28.207043/0.000639] [ 932/0.002347]
  7,  5, 349: 0.002502 [28.201966/0.000582] [ 982/0.002347]
Epoch 5 done. Evaluation:
(49999, 50000)
(8573, 10000)
  7,  6,  49: 0.002678 [28.192770/0.000447] [1073/0.002347]
  7,  6,  99: 0.002360 [28.187677/0.000830] [1123/0.002347]
  7,  6, 149: 0.002133 [28.182583/0.000349] [   0/0.002133]
  7,  6, 199: 0.002509 [28.177503/0.000646] [  50/0.002133]
  7,  6, 249: 0.002573 [28.172439/0.000462] [ 100/0.002133]
  7,  6, 299: 0.002436 [28.167362/0.000549] [ 150/0.002133]
  7,  6, 349: 0.002426 [28.162275/0.000533] [ 200/0.002133]
Epoch 6 done. Evaluation:
(50000, 50000)
(8574, 10000)
  7,  7,  49: 0.002712 [28.153101/0.000483] [ 291/0.002133]
  7,  7,  99: 0.002638 [28.148052/0.000593] [ 341/0.002133]
  7,  7, 149: 0.002300 [28.142969/0.000437] [ 391/0.002133]
  7,  7, 199: 0.002664 [28.137931/0.000446] [ 441/0.002133]
  7,  7, 249: 0.002424 [28.132854/0.000410] [ 491/0.002133]
  7,  7, 299: 0.002626 [28.127807/0.000634] [ 541/0.002133]
  7,  7, 349: 0.002790 [28.122761/0.000849] [ 591/0.002133]
Epoch 7 done. Evaluation:
(50000, 50000)
(8583, 10000)
  7,  8,  49: 0.002458 [28.113621/0.000340] [ 682/0.002133]
  7,  8,  99: 0.002579 [28.108569/0.000639] [ 732/0.002133]
  7,  8, 149: 0.002459 [28.103515/0.000476] [ 782/0.002133]
  7,  8, 199: 0.002529 [28.098473/0.000506] [ 832/0.002133]
  7,  8, 249: 0.002646 [28.093438/0.000458] [ 882/0.002133]
  7,  8, 299: 0.002314 [28.088366/0.000588] [ 932/0.002133]
  7,  8, 349: 0.003058 [28.083358/0.000930] [ 982/0.002133]
Epoch 8 done. Evaluation:
(50000, 50000)
(8595, 10000)
  7,  9,  49: 0.003328 [28.074281/0.000942] [1073/0.002133]
  7,  9,  99: 0.002463 [28.069268/0.000501] [1123/0.002133]
  7,  9, 149: 0.002491 [28.064216/0.000493] [1173/0.002133]
  7,  9, 199: 0.002740 [28.059204/0.000683] [1223/0.002133]
  7,  9, 249: 0.002491 [28.054170/0.000438] [1273/0.002133]
  7,  9, 299: 0.002656 [28.049134/0.000674] [1323/0.002133]
  7,  9, 349: 0.002609 [28.044109/0.000417] [1373/0.002133]
Epoch 9 done. Evaluation:
(50000, 50000)
(8568, 10000)
  8,  0,  49: 0.002399 [28.037432/0.000256] [1464/0.002133]
  8,  0,  99: 0.002285 [28.034899/0.000257] [1514/0.002133]
  8,  0, 149: 0.002619 [28.032385/0.000310] [1564/0.002133]
  8,  0, 199: 0.002326 [28.029854/0.000270] [1614/0.002133]
  8,  0, 249: 0.002278 [28.027316/0.000219] [1664/0.002133]
  8,  0, 299: 0.002361 [28.024786/0.000250] [1714/0.002133]
  8,  0, 349: 0.002470 [28.022262/0.000301] [1764/0.002133]
Epoch 0 done. Evaluation:
(50000, 50000)
(8576, 10000)
  8,  1,  49: 0.002286 [28.017658/0.000212] [1855/0.002133]
  8,  1,  99: 0.002445 [28.015125/0.000634] [1905/0.002133]
  8,  1, 149: 0.002405 [28.012603/0.000322] [1955/0.002133]
  8,  1, 199: 0.002283 [28.010068/0.000265] [2005/0.002133]
  8,  1, 249: 0.002251 [28.007534/0.000252] [2055/0.002133]
  8,  1, 299: 0.002380 [28.005005/0.000228] [2105/0.002133]
  8,  1, 349: 0.002351 [28.002478/0.000194] [2155/0.002133]
Epoch 1 done. Evaluation:
(50000, 50000)
(8578, 10000)
  8,  2,  49: 0.002395 [27.997868/0.000287] [2246/0.002133]
  8,  2,  99: 0.002356 [27.995338/0.000252] [2296/0.002133]
  8,  2, 149: 0.002296 [27.992807/0.000435] [2346/0.002133]
  8,  2, 199: 0.002500 [27.990288/0.000317] [2396/0.002133]
  8,  2, 249: 0.002514 [27.987768/0.000420] [2446/0.002133]
  8,  2, 299: 0.002265 [27.985246/0.000261] [2496/0.002133]
  8,  2, 349: 0.002532 [27.982732/0.000281] [2546/0.002133]
Epoch 2 done. Evaluation:
(50000, 50000)
(8573, 10000)
  8,  3,  49: 0.002159 [27.978121/0.000248] [2637/0.002133]
  8,  3,  99: 0.002136 [27.975580/0.000272] [2687/0.002133]
  8,  3, 149: 0.002250 [27.973051/0.000215] [2737/0.002133]
  8,  3, 199: 0.002692 [27.970547/0.000336] [2787/0.002133]
  8,  3, 249: 0.002521 [27.968028/0.000546] [2837/0.002133]
  8,  3, 299: 0.002347 [27.965516/0.000285] [2887/0.002133]
  8,  3, 349: 0.002508 [27.962999/0.000332] [2937/0.002133]
Epoch 3 done. Evaluation:
(50000, 50000)
(8571, 10000)
  8,  4,  49: 0.002450 [27.958418/0.000287] [3028/0.002133]
  8,  4,  99: 0.002144 [27.955885/0.000272] [3078/0.002133]
  8,  4, 149: 0.002256 [27.953356/0.000275] [3128/0.002133]
  8,  4, 199: 0.002209 [27.950823/0.000271] [3178/0.002133]
  8,  4, 249: 0.002345 [27.948302/0.000272] [3228/0.002133]
  8,  4, 299: 0.002240 [27.945772/0.000331] [3278/0.002133]
  8,  4, 349: 0.002332 [27.943251/0.000417] [3328/0.002133]
Epoch 4 done. Evaluation:
(50000, 50000)
(8587, 10000)
  8,  5,  49: 0.002392 [27.938670/0.000317] [3419/0.002133]
  8,  5,  99: 0.002074 [27.936130/0.000276] [   0/0.002074]
  8,  5, 149: 0.002374 [27.933616/0.000289] [  50/0.002074]
  8,  5, 199: 0.002085 [27.931077/0.000236] [ 100/0.002074]
  8,  5, 249: 0.002329 [27.928547/0.000369] [ 150/0.002074]
  8,  5, 299: 0.002434 [27.926028/0.000421] [ 200/0.002074]
  8,  5, 349: 0.002690 [27.923527/0.000336] [ 250/0.002074]
Epoch 5 done. Evaluation:
(50000, 50000)
(8579, 10000)
  8,  6,  49: 0.002510 [27.918968/0.000355] [ 341/0.002074]
  8,  6,  99: 0.002080 [27.916429/0.000236] [ 391/0.002074]
  8,  6, 149: 0.002247 [27.913901/0.000277] [ 441/0.002074]
  8,  6, 199: 0.002292 [27.911379/0.000293] [ 491/0.002074]
  8,  6, 249: 0.002291 [27.908859/0.000215] [ 541/0.002074]
  8,  6, 299: 0.002415 [27.906339/0.000336] [ 591/0.002074]
  8,  6, 349: 0.002310 [27.903824/0.000302] [ 641/0.002074]
Epoch 6 done. Evaluation:
(50000, 50000)
(8578, 10000)
  8,  7,  49: 0.002336 [27.899241/0.000357] [ 732/0.002074]
  8,  7,  99: 0.002233 [27.896720/0.000275] [ 782/0.002074]
  8,  7, 149: 0.002654 [27.894224/0.000339] [ 832/0.002074]
  8,  7, 199: 0.002386 [27.891723/0.000252] [ 882/0.002074]
  8,  7, 249: 0.002021 [27.889188/0.000207] [   0/0.002021]
  8,  7, 299: 0.002286 [27.886663/0.000253] [  50/0.002021]
  8,  7, 349: 0.002496 [27.884151/0.000402] [ 100/0.002021]
Epoch 7 done. Evaluation:
(50000, 50000)
(8577, 10000)
  8,  8,  49: 0.002529 [27.879613/0.000434] [ 191/0.002021]
  8,  8,  99: 0.002349 [27.877101/0.000312] [ 241/0.002021]
  8,  8, 149: 0.002271 [27.874582/0.000350] [ 291/0.002021]
  8,  8, 199: 0.002292 [27.872068/0.000296] [ 341/0.002021]
  8,  8, 249: 0.002293 [27.869555/0.000363] [ 391/0.002021]
  8,  8, 299: 0.002332 [27.867039/0.000320] [ 441/0.002021]
  8,  8, 349: 0.002490 [27.864535/0.000271] [ 491/0.002021]
Epoch 8 done. Evaluation:
(50000, 50000)
(8571, 10000)
  8,  9,  49: 0.002222 [27.859948/0.000316] [ 582/0.002021]
  8,  9,  99: 0.002200 [27.857427/0.000290] [ 632/0.002021]
  8,  9, 149: 0.002602 [27.854928/0.000322] [ 682/0.002021]
  8,  9, 199: 0.002400 [27.852422/0.000259] [ 732/0.002021]
  8,  9, 249: 0.002297 [27.849906/0.000223] [ 782/0.002021]
  8,  9, 299: 0.002563 [27.847399/0.000281] [ 832/0.002021]
  8,  9, 349: 0.002470 [27.844901/0.000315] [ 882/0.002021]
Epoch 9 done. Evaluation:
(50000, 50000)
(8575, 10000)
  9,  0,  49: 0.002533 [27.841605/0.000209] [ 973/0.002021]
  9,  0,  99: 0.002207 [27.840348/0.000159] [1023/0.002021]
  9,  0, 149: 0.002493 [27.839090/0.000168] [1073/0.002021]
  9,  0, 199: 0.002307 [27.837832/0.000246] [1123/0.002021]
  9,  0, 249: 0.002257 [27.836573/0.000204] [1173/0.002021]
  9,  0, 299: 0.002357 [27.835321/0.000181] [1223/0.002021]
  9,  0, 349: 0.002355 [27.834064/0.000163] [1273/0.002021]
Epoch 0 done. Evaluation:
(50000, 50000)
(8576, 10000)
  9,  1,  49: 0.002141 [27.831769/0.000170] [1364/0.002021]
  9,  1,  99: 0.002211 [27.830507/0.000169] [1414/0.002021]
  9,  1, 149: 0.002258 [27.829250/0.000139] [1464/0.002021]
  9,  1, 199: 0.002088 [27.827987/0.000164] [1514/0.002021]
  9,  1, 249: 0.002652 [27.826737/0.000175] [1564/0.002021]
  9,  1, 299: 0.002102 [27.825480/0.000151] [1614/0.002021]
  9,  1, 349: 0.002141 [27.824218/0.000135] [1664/0.002021]
Epoch 1 done. Evaluation:
(50000, 50000)
(8581, 10000)
  9,  2,  49: 0.002845 [27.821935/0.000212] [1755/0.002021]
  9,  2,  99: 0.002218 [27.820682/0.000150] [1805/0.002021]
  9,  2, 149: 0.002051 [27.819420/0.000198] [1855/0.002021]
  9,  2, 199: 0.002107 [27.818159/0.000155] [1905/0.002021]
  9,  2, 249: 0.002068 [27.816895/0.000150] [1955/0.002021]
  9,  2, 299: 0.002130 [27.815635/0.000144] [2005/0.002021]
  9,  2, 349: 0.002128 [27.814376/0.000159] [2055/0.002021]
Epoch 2 done. Evaluation:
(50000, 50000)
(8570, 10000)
  9,  3,  49: 0.002330 [27.812083/0.000190] [2146/0.002021]
  9,  3,  99: 0.002385 [27.810828/0.000193] [2196/0.002021]
  9,  3, 149: 0.002309 [27.809575/0.000168] [2246/0.002021]
  9,  3, 199: 0.002311 [27.808316/0.000164] [2296/0.002021]
  9,  3, 249: 0.002400 [27.807062/0.000180] [2346/0.002021]
  9,  3, 299: 0.002099 [27.805799/0.000161] [2396/0.002021]
  9,  3, 349: 0.002550 [27.804547/0.000274] [2446/0.002021]
Epoch 3 done. Evaluation:
(50000, 50000)
(8576, 10000)
  9,  4,  49: 0.002120 [27.802260/0.000278] [2537/0.002021]
  9,  4,  99: 0.002211 [27.801001/0.000158] [2587/0.002021]
  9,  4, 149: 0.002230 [27.799744/0.000158] [2637/0.002021]
  9,  4, 199: 0.002098 [27.798482/0.000132] [2687/0.002021]
  9,  4, 249: 0.002253 [27.797222/0.000190] [2737/0.002021]
  9,  4, 299: 0.002413 [27.795972/0.000168] [2787/0.002021]
  9,  4, 349: 0.002305 [27.794719/0.000166] [2837/0.002021]
Epoch 4 done. Evaluation:
(50000, 50000)
(8579, 10000)
  9,  5,  49: 0.002038 [27.792426/0.000160] [2928/0.002021]
  9,  5,  99: 0.002259 [27.791168/0.000197] [2978/0.002021]
  9,  5, 149: 0.002228 [27.789909/0.000185] [3028/0.002021]
  9,  5, 199: 0.002375 [27.788658/0.000158] [3078/0.002021]
  9,  5, 249: 0.002118 [27.787399/0.000152] [3128/0.002021]
  9,  5, 299: 0.002308 [27.786143/0.000176] [3178/0.002021]
  9,  5, 349: 0.002411 [27.784892/0.000137] [3228/0.002021]
Epoch 5 done. Evaluation:
(50000, 50000)
(8574, 10000)
  9,  6,  49: 0.002050 [27.782596/0.000185] [3319/0.002021]
  9,  6,  99: 0.002094 [27.781337/0.000159] [3369/0.002021]
  9,  6, 149: 0.002229 [27.780079/0.000227] [3419/0.002021]
  9,  6, 199: 0.002116 [27.778818/0.000166] [3469/0.002021]
  9,  6, 249: 0.002528 [27.777568/0.000221] [3519/0.002021]
  9,  6, 299: 0.002431 [27.776319/0.000168] [3569/0.002021]
  9,  6, 349: 0.002259 [27.775063/0.000172] [3619/0.002021]
Epoch 6 done. Evaluation:
(50000, 50000)
(8566, 10000)
  9,  7,  49: 0.002160 [27.772776/0.000144] [3710/0.002021]
  9,  7,  99: 0.002157 [27.771515/0.000173] [3760/0.002021]
  9,  7, 149: 0.002149 [27.770259/0.000161] [3810/0.002021]
  9,  7, 199: 0.002219 [27.769004/0.000151] [3860/0.002021]
  9,  7, 249: 0.002321 [27.767749/0.000203] [3910/0.002021]
  9,  7, 299: 0.002450 [27.766502/0.000150] [3960/0.002021]
  9,  7, 349: 0.002201 [27.765250/0.000130] [4010/0.002021]
Epoch 7 done. Evaluation:
(50000, 50000)
(8571, 10000)
  9,  8,  49: 0.002393 [27.762968/0.000197] [4101/0.002021]
  9,  8,  99: 0.002277 [27.761716/0.000143] [4151/0.002021]
  9,  8, 149: 0.002471 [27.760468/0.000173] [4201/0.002021]
  9,  8, 199: 0.002217 [27.759215/0.000135] [4251/0.002021]
  9,  8, 249: 0.002100 [27.757953/0.000152] [4301/0.002021]
  9,  8, 299: 0.002146 [27.756695/0.000200] [4351/0.002021]
  9,  8, 349: 0.002247 [27.755442/0.000176] [4401/0.002021]
Epoch 8 done. Evaluation:
(50000, 50000)
(8572, 10000)
  9,  9,  49: 0.002325 [27.753162/0.000168] [4492/0.002021]
  9,  9,  99: 0.002231 [27.751903/0.000206] [4542/0.002021]
  9,  9, 149: 0.002065 [27.750646/0.000151] [4592/0.002021]
  9,  9, 199: 0.002690 [27.749403/0.000178] [4642/0.002021]
  9,  9, 249: 0.002308 [27.748152/0.000269] [4692/0.002021]
  9,  9, 299: 0.002335 [27.746904/0.000171] [4742/0.002021]
  9,  9, 349: 0.002176 [27.745649/0.000148] [4792/0.002021]
Epoch 9 done. Evaluation:
(50000, 50000)
(8560, 10000)
