  0,  0,  49: 2.758454 [93.591935/0.370969] [   0/2.758454]
  0,  0,  99: 2.332848 [91.264018/0.265881] [   0/2.332848]
  0,  0, 149: 1.841100 [89.040256/0.237745] [   0/1.841100]
  0,  0, 199: 1.559560 [86.889940/0.297459] [   0/1.559560]
  0,  0, 249: 1.557725 [84.906252/0.211520] [   0/1.557725]
  0,  0, 299: 1.470473 [82.915595/0.218309] [   0/1.470473]
  0,  0, 349: 1.309090 [81.037258/0.205382] [   0/1.309090]
Epoch 0 done. Evaluation:
(20803, 50000)
(5048, 10000)
  0,  1,  49: 1.194151 [77.775276/0.228945] [   0/1.194151]
  0,  1,  99: 1.116634 [76.082654/0.225488] [   0/1.116634]
  0,  1, 149: 1.128650 [74.447763/0.236699] [  50/1.116634]
  0,  1, 199: 1.090270 [72.858627/0.205206] [   0/1.090270]
  0,  1, 249: 1.042120 [71.319236/0.246386] [   0/1.042120]
  0,  1, 299: 1.054179 [69.852525/0.211795] [  50/1.042120]
  0,  1, 349: 0.999199 [68.417882/0.206352] [   0/0.999199]
Epoch 1 done. Evaluation:
(30741, 50000)
(6324, 10000)
  0,  2,  49: 0.928321 [65.936817/0.217846] [   0/0.928321]
  0,  2,  99: 0.908455 [64.661983/0.224290] [   0/0.908455]
  0,  2, 149: 0.914771 [63.427941/0.230183] [  50/0.908455]
  0,  2, 199: 0.896328 [62.238405/0.220258] [   0/0.896328]
  0,  2, 249: 0.903878 [61.082974/0.202012] [  50/0.896328]
  0,  2, 299: 0.867714 [59.967148/0.234826] [   0/0.867714]
  0,  2, 349: 0.849839 [58.886253/0.242789] [   0/0.849839]
Epoch 2 done. Evaluation:
(34159, 50000)
(6752, 10000)
  0,  3,  49: 0.800986 [57.005727/0.211549] [   0/0.800986]
  0,  3,  99: 0.791574 [56.037531/0.243680] [   0/0.791574]
  0,  3, 149: 0.768166 [55.115725/0.242316] [   0/0.768166]
  0,  3, 199: 0.790790 [54.207954/0.242118] [  50/0.768166]
  0,  3, 249: 0.772822 [53.366009/0.230961] [ 100/0.768166]
  0,  3, 299: 0.802475 [52.519187/0.231987] [ 150/0.768166]
  0,  3, 349: 0.761588 [51.709800/0.239350] [   0/0.761588]
Epoch 3 done. Evaluation:
(36254, 50000)
(6833, 10000)
  0,  4,  49: 0.720388 [50.366460/0.237312] [   0/0.720388]
  0,  4,  99: 0.702591 [49.669476/0.242034] [   0/0.702591]
  0,  4, 149: 0.744010 [48.968968/0.235645] [  50/0.702591]
  0,  4, 199: 0.701069 [48.353235/0.229649] [   0/0.701069]
  0,  4, 249: 0.723515 [47.736673/0.239919] [  50/0.701069]
  0,  4, 299: 0.724956 [47.178174/0.232017] [ 100/0.701069]
  0,  4, 349: 0.702479 [46.597633/0.232005] [ 150/0.701069]
Epoch 4 done. Evaluation:
(37526, 50000)
(7229, 10000)
  0,  5,  49: 0.682878 [45.636765/0.219108] [   0/0.682878]
  0,  5,  99: 0.658552 [45.196944/0.250420] [   0/0.658552]
  0,  5, 149: 0.687812 [44.770179/0.254318] [  50/0.658552]
  0,  5, 199: 0.660702 [44.330636/0.261513] [ 100/0.658552]
  0,  5, 249: 0.654678 [43.887628/0.249451] [   0/0.654678]
  0,  5, 299: 0.663822 [43.478980/0.247867] [  50/0.654678]
  0,  5, 349: 0.672109 [43.085103/0.234668] [ 100/0.654678]
Epoch 5 done. Evaluation:
(38324, 50000)
(7353, 10000)
  0,  6,  49: 0.599863 [42.465557/0.251262] [   0/0.599863]
  0,  6,  99: 0.639023 [42.126213/0.247297] [  50/0.599863]
  0,  6, 149: 0.626089 [41.861296/0.250943] [ 100/0.599863]
  0,  6, 199: 0.646472 [41.609499/0.252229] [ 150/0.599863]
  0,  6, 249: 0.641719 [41.371266/0.240067] [ 200/0.599863]
  0,  6, 299: 0.635129 [41.115047/0.229553] [ 250/0.599863]
  0,  6, 349: 0.645067 [40.856834/0.234623] [ 300/0.599863]
Epoch 6 done. Evaluation:
(39058, 50000)
(7402, 10000)
  0,  7,  49: 0.588799 [40.478948/0.238840] [   0/0.588799]
  0,  7,  99: 0.582249 [40.292086/0.260183] [   0/0.582249]
  0,  7, 149: 0.613086 [40.114070/0.255670] [  50/0.582249]
  0,  7, 199: 0.576523 [39.955103/0.244907] [   0/0.576523]
  0,  7, 249: 0.614953 [39.780443/0.259315] [  50/0.576523]
  0,  7, 299: 0.617492 [39.629285/0.268582] [ 100/0.576523]
  0,  7, 349: 0.625032 [39.522905/0.259196] [ 150/0.576523]
Epoch 7 done. Evaluation:
(39469, 50000)
(7673, 10000)
  0,  8,  49: 0.571899 [39.260051/0.273621] [   0/0.571899]
  0,  8,  99: 0.585961 [39.237089/0.263657] [  50/0.571899]
  0,  8, 149: 0.584466 [39.161240/0.266393] [ 100/0.571899]
  0,  8, 199: 0.575758 [39.067513/0.254633] [ 150/0.571899]
  0,  8, 249: 0.578608 [38.972811/0.242126] [ 200/0.571899]
  0,  8, 299: 0.605704 [38.886784/0.249881] [ 250/0.571899]
  0,  8, 349: 0.569112 [38.803585/0.247520] [   0/0.569112]
Epoch 8 done. Evaluation:
(39916, 50000)
(7617, 10000)
  0,  9,  49: 0.517699 [38.651515/0.281253] [   0/0.517699]
  0,  9,  99: 0.544235 [38.579722/0.268875] [  50/0.517699]
  0,  9, 149: 0.578380 [38.540477/0.245334] [ 100/0.517699]
  0,  9, 199: 0.559565 [38.515312/0.286407] [ 150/0.517699]
  0,  9, 249: 0.597850 [38.578658/0.272041] [ 200/0.517699]
  0,  9, 299: 0.573556 [38.548665/0.239974] [ 250/0.517699]
  0,  9, 349: 0.562463 [38.490043/0.269752] [ 300/0.517699]
Epoch 9 done. Evaluation:
(40202, 50000)
(7526, 10000)
  1,  0,  49: 0.451991 [38.335988/0.121259] [   0/0.451991]
  1,  0,  99: 0.408572 [38.133214/0.149668] [   0/0.408572]
  1,  0, 149: 0.413387 [37.934843/0.130034] [  50/0.408572]
  1,  0, 199: 0.433175 [37.738304/0.137923] [ 100/0.408572]
  1,  0, 249: 0.425023 [37.552825/0.152860] [ 150/0.408572]
  1,  0, 299: 0.412586 [37.394719/0.145845] [ 200/0.408572]
  1,  0, 349: 0.430795 [37.250955/0.148022] [ 250/0.408572]
Epoch 0 done. Evaluation:
(42655, 50000)
(8172, 10000)
  1,  1,  49: 0.354531 [36.989565/0.146994] [   0/0.354531]
  1,  1,  99: 0.386758 [36.871092/0.153580] [  50/0.354531]
  1,  1, 149: 0.371960 [36.766833/0.149756] [ 100/0.354531]
  1,  1, 199: 0.416486 [36.656169/0.167258] [ 150/0.354531]
  1,  1, 249: 0.422577 [36.585475/0.158598] [ 200/0.354531]
  1,  1, 299: 0.408819 [36.488299/0.161297] [ 250/0.354531]
  1,  1, 349: 0.414722 [36.425630/0.173785] [ 300/0.354531]
Epoch 1 done. Evaluation:
(43058, 50000)
(8072, 10000)
  1,  2,  49: 0.351277 [36.266166/0.150575] [   0/0.351277]
  1,  2,  99: 0.354076 [36.195165/0.182298] [  50/0.351277]
  1,  2, 149: 0.401374 [36.157870/0.172752] [ 100/0.351277]
  1,  2, 199: 0.393430 [36.108768/0.173122] [ 150/0.351277]
  1,  2, 249: 0.390656 [36.077429/0.165317] [ 200/0.351277]
  1,  2, 299: 0.415139 [36.057099/0.175846] [ 250/0.351277]
  1,  2, 349: 0.397136 [36.021684/0.163834] [ 300/0.351277]
Epoch 2 done. Evaluation:
(43203, 50000)
(7902, 10000)
  1,  3,  49: 0.353816 [35.968141/0.163055] [ 391/0.351277]
  1,  3,  99: 0.354549 [35.959111/0.169738] [ 441/0.351277]
  1,  3, 149: 0.391470 [35.960079/0.186595] [ 491/0.351277]
  1,  3, 199: 0.403664 [35.980744/0.165220] [ 541/0.351277]
  1,  3, 249: 0.388616 [35.969156/0.163155] [ 591/0.351277]
  1,  3, 299: 0.373021 [35.931757/0.168393] [ 641/0.351277]
  1,  3, 349: 0.384042 [35.918212/0.173727] [ 691/0.351277]
Epoch 3 done. Evaluation:
(43331, 50000)
(8083, 10000)
  1,  4,  49: 0.346523 [35.935638/0.154197] [   0/0.346523]
  1,  4,  99: 0.347669 [35.947525/0.178049] [  50/0.346523]
  1,  4, 149: 0.378285 [35.988743/0.194859] [ 100/0.346523]
  1,  4, 199: 0.380828 [36.025398/0.166121] [ 150/0.346523]
  1,  4, 249: 0.371390 [36.026432/0.175359] [ 200/0.346523]
  1,  4, 299: 0.369329 [36.011069/0.182408] [ 250/0.346523]
  1,  4, 349: 0.396316 [36.006771/0.179022] [ 300/0.346523]
Epoch 4 done. Evaluation:
(43575, 50000)
(8023, 10000)
  1,  5,  49: 0.301312 [36.017909/0.182046] [   0/0.301312]
  1,  5,  99: 0.358060 [36.063716/0.190575] [  50/0.301312]
  1,  5, 149: 0.354045 [36.083896/0.179544] [ 100/0.301312]
  1,  5, 199: 0.360902 [36.085429/0.184727] [ 150/0.301312]
  1,  5, 249: 0.383195 [36.100714/0.175486] [ 200/0.301312]
  1,  5, 299: 0.378060 [36.117617/0.180421] [ 250/0.301312]
  1,  5, 349: 0.394104 [36.131753/0.185483] [ 300/0.301312]
Epoch 5 done. Evaluation:
(43669, 50000)
(8007, 10000)
  1,  6,  49: 0.325014 [36.171129/0.188959] [ 391/0.301312]
  1,  6,  99: 0.330487 [36.211610/0.190522] [ 441/0.301312]
  1,  6, 149: 0.343180 [36.244106/0.172525] [ 491/0.301312]
  1,  6, 199: 0.379926 [36.288978/0.170720] [ 541/0.301312]
  1,  6, 249: 0.363869 [36.315160/0.202044] [ 591/0.301312]
  1,  6, 299: 0.373158 [36.339062/0.174776] [ 641/0.301312]
  1,  6, 349: 0.368956 [36.367305/0.180792] [ 691/0.301312]
Epoch 6 done. Evaluation:
(43780, 50000)
(7798, 10000)
  1,  7,  49: 0.316872 [36.418053/0.172726] [ 782/0.301312]
  1,  7,  99: 0.331420 [36.453029/0.177982] [ 832/0.301312]
  1,  7, 149: 0.361892 [36.494179/0.196671] [ 882/0.301312]
  1,  7, 199: 0.335464 [36.538192/0.173300] [ 932/0.301312]
  1,  7, 249: 0.338401 [36.562157/0.183479] [ 982/0.301312]
  1,  7, 299: 0.359573 [36.568621/0.186185] [1032/0.301312]
  1,  7, 349: 0.371994 [36.565227/0.182289] [1082/0.301312]
Epoch 7 done. Evaluation:
(43943, 50000)
(7987, 10000)
  1,  8,  49: 0.298671 [36.644197/0.177480] [   0/0.298671]
  1,  8,  99: 0.336597 [36.694893/0.194681] [  50/0.298671]
  1,  8, 149: 0.364813 [36.746831/0.200263] [ 100/0.298671]
  1,  8, 199: 0.353420 [36.822575/0.185757] [ 150/0.298671]
  1,  8, 249: 0.349620 [36.826270/0.185513] [ 200/0.298671]
  1,  8, 299: 0.352050 [36.849815/0.193576] [ 250/0.298671]
  1,  8, 349: 0.363356 [36.889613/0.171686] [ 300/0.298671]
Epoch 8 done. Evaluation:
(43910, 50000)
(8174, 10000)
  1,  9,  49: 0.280636 [36.903230/0.164238] [   0/0.280636]
  1,  9,  99: 0.315228 [36.925362/0.187987] [  50/0.280636]
  1,  9, 149: 0.326156 [36.972293/0.197291] [ 100/0.280636]
  1,  9, 199: 0.346626 [37.043407/0.201114] [ 150/0.280636]
  1,  9, 249: 0.350086 [37.102106/0.199200] [ 200/0.280636]
  1,  9, 299: 0.358270 [37.140318/0.195194] [ 250/0.280636]
  1,  9, 349: 0.348607 [37.161588/0.185974] [ 300/0.280636]
Epoch 9 done. Evaluation:
(44180, 50000)
(7903, 10000)
  2,  0,  49: 0.231130 [37.092213/0.082028] [   0/0.231130]
  2,  0,  99: 0.193575 [36.988365/0.081514] [   0/0.193575]
  2,  0, 149: 0.189451 [36.884260/0.085551] [   0/0.189451]
  2,  0, 199: 0.189617 [36.781255/0.089003] [  50/0.189451]
  2,  0, 249: 0.201293 [36.682580/0.080913] [ 100/0.189451]
  2,  0, 299: 0.190138 [36.586575/0.092074] [ 150/0.189451]
  2,  0, 349: 0.199457 [36.494711/0.103838] [ 200/0.189451]
Epoch 0 done. Evaluation:
(46652, 50000)
(8393, 10000)
  2,  1,  49: 0.148007 [36.322144/0.082707] [   0/0.148007]
  2,  1,  99: 0.148167 [36.221671/0.091758] [  50/0.148007]
  2,  1, 149: 0.158849 [36.138282/0.095009] [ 100/0.148007]
  2,  1, 199: 0.173911 [36.067996/0.104992] [ 150/0.148007]
  2,  1, 249: 0.187719 [36.001015/0.098738] [ 200/0.148007]
  2,  1, 299: 0.174901 [35.933126/0.095538] [ 250/0.148007]
  2,  1, 349: 0.217997 [35.880067/0.114326] [ 300/0.148007]
Epoch 1 done. Evaluation:
(47034, 50000)
(8290, 10000)
  2,  2,  49: 0.154196 [35.782514/0.089780] [ 391/0.148007]
  2,  2,  99: 0.141803 [35.710068/0.095139] [   0/0.141803]
  2,  2, 149: 0.144387 [35.642276/0.092433] [  50/0.141803]
  2,  2, 199: 0.163844 [35.587490/0.113434] [ 100/0.141803]
  2,  2, 249: 0.172870 [35.548000/0.101915] [ 150/0.141803]
  2,  2, 299: 0.171268 [35.499323/0.115354] [ 200/0.141803]
  2,  2, 349: 0.193418 [35.474012/0.112645] [ 250/0.141803]
Epoch 2 done. Evaluation:
(47112, 50000)
(8228, 10000)
  2,  3,  49: 0.156514 [35.418052/0.096798] [ 341/0.141803]
  2,  3,  99: 0.143281 [35.362219/0.098925] [ 391/0.141803]
  2,  3, 149: 0.152661 [35.315918/0.120677] [ 441/0.141803]
  2,  3, 199: 0.177605 [35.294427/0.122646] [ 491/0.141803]
  2,  3, 249: 0.166769 [35.263657/0.119502] [ 541/0.141803]
  2,  3, 299: 0.179434 [35.242011/0.110958] [ 591/0.141803]
  2,  3, 349: 0.179322 [35.218365/0.110823] [ 641/0.141803]
Epoch 3 done. Evaluation:
(47099, 50000)
(8106, 10000)
  2,  4,  49: 0.146479 [35.167713/0.094442] [ 732/0.141803]
  2,  4,  99: 0.149730 [35.123916/0.101763] [ 782/0.141803]
  2,  4, 149: 0.159626 [35.100551/0.116921] [ 832/0.141803]
  2,  4, 199: 0.183152 [35.092578/0.124132] [ 882/0.141803]
  2,  4, 249: 0.188021 [35.091505/0.122309] [ 932/0.141803]
  2,  4, 299: 0.205928 [35.097835/0.125428] [ 982/0.141803]
  2,  4, 349: 0.187004 [35.085278/0.119321] [1032/0.141803]
Epoch 4 done. Evaluation:
(46936, 50000)
(8244, 10000)
  2,  5,  49: 0.135051 [35.042266/0.112919] [   0/0.135051]
  2,  5,  99: 0.132123 [35.003164/0.106010] [   0/0.132123]
  2,  5, 149: 0.154891 [34.982269/0.106863] [  50/0.132123]
  2,  5, 199: 0.187028 [34.981346/0.128888] [ 100/0.132123]
  2,  5, 249: 0.187917 [34.993171/0.128337] [ 150/0.132123]
  2,  5, 299: 0.185642 [34.995062/0.111741] [ 200/0.132123]
  2,  5, 349: 0.183941 [34.987673/0.124575] [ 250/0.132123]
Epoch 5 done. Evaluation:
(47025, 50000)
(8143, 10000)
  2,  6,  49: 0.139852 [34.970836/0.107182] [ 341/0.132123]
  2,  6,  99: 0.138460 [34.934320/0.109258] [ 391/0.132123]
  2,  6, 149: 0.155493 [34.917478/0.128046] [ 441/0.132123]
  2,  6, 199: 0.164856 [34.914644/0.125862] [ 491/0.132123]
  2,  6, 249: 0.179123 [34.925600/0.111219] [ 541/0.132123]
  2,  6, 299: 0.181898 [34.924836/0.121810] [ 591/0.132123]
  2,  6, 349: 0.191713 [34.924202/0.117065] [ 641/0.132123]
Epoch 6 done. Evaluation:
(47036, 50000)
(8294, 10000)
  2,  7,  49: 0.129339 [34.898711/0.115050] [   0/0.129339]
  2,  7,  99: 0.132999 [34.874322/0.098235] [  50/0.129339]
  2,  7, 149: 0.149259 [34.854676/0.105470] [ 100/0.129339]
  2,  7, 199: 0.164092 [34.834755/0.131438] [ 150/0.129339]
  2,  7, 249: 0.172416 [34.849051/0.124815] [ 200/0.129339]
  2,  7, 299: 0.168816 [34.850282/0.130276] [ 250/0.129339]
  2,  7, 349: 0.191427 [34.870855/0.128784] [ 300/0.129339]
Epoch 7 done. Evaluation:
(47166, 50000)
(8220, 10000)
  2,  8,  49: 0.154901 [34.896751/0.104231] [ 391/0.129339]
  2,  8,  99: 0.135577 [34.870635/0.108778] [ 441/0.129339]
  2,  8, 149: 0.156835 [34.858681/0.128683] [ 491/0.129339]
  2,  8, 199: 0.165123 [34.862869/0.124302] [ 541/0.129339]
  2,  8, 249: 0.150659 [34.858001/0.113088] [ 591/0.129339]
  2,  8, 299: 0.186959 [34.875212/0.131692] [ 641/0.129339]
  2,  8, 349: 0.180525 [34.883717/0.127257] [ 691/0.129339]
Epoch 8 done. Evaluation:
(47118, 50000)
(8194, 10000)
  2,  9,  49: 0.143798 [34.885779/0.101213] [ 782/0.129339]
  2,  9,  99: 0.133215 [34.855536/0.116478] [ 832/0.129339]
  2,  9, 149: 0.132709 [34.829580/0.110770] [ 882/0.129339]
  2,  9, 199: 0.160528 [34.834892/0.113883] [ 932/0.129339]
  2,  9, 249: 0.169071 [34.843555/0.127778] [ 982/0.129339]
  2,  9, 299: 0.186427 [34.872614/0.131826] [1032/0.129339]
  2,  9, 349: 0.188585 [34.900799/0.133149] [1082/0.129339]
Epoch 9 done. Evaluation:
(47196, 50000)
(8280, 10000)
  3,  0,  49: 0.106483 [34.868125/0.045029] [   0/0.106483]
  3,  0,  99: 0.075505 [34.805863/0.039679] [   0/0.075505]
  3,  0, 149: 0.070455 [34.738294/0.043980] [   0/0.070455]
  3,  0, 199: 0.076858 [34.671691/0.043650] [  50/0.070455]
  3,  0, 249: 0.070241 [34.607129/0.041541] [   0/0.070241]
  3,  0, 299: 0.066084 [34.540151/0.039267] [   0/0.066084]
  3,  0, 349: 0.064945 [34.472554/0.038638] [   0/0.064945]
Epoch 0 done. Evaluation:
(48859, 50000)
(8511, 10000)
  3,  1,  49: 0.043403 [34.343954/0.034935] [   0/0.043403]
  3,  1,  99: 0.045776 [34.270539/0.035307] [  50/0.043403]
  3,  1, 149: 0.039165 [34.195774/0.034732] [   0/0.039165]
  3,  1, 199: 0.044446 [34.123738/0.035662] [  50/0.039165]
  3,  1, 249: 0.041185 [34.050911/0.033873] [ 100/0.039165]
  3,  1, 299: 0.044973 [33.978404/0.040318] [ 150/0.039165]
  3,  1, 349: 0.040812 [33.906705/0.041212] [ 200/0.039165]
Epoch 1 done. Evaluation:
(49402, 50000)
(8483, 10000)
  3,  2,  49: 0.031464 [33.774028/0.030531] [   0/0.031464]
  3,  2,  99: 0.027472 [33.694435/0.033139] [   0/0.027472]
  3,  2, 149: 0.027263 [33.616004/0.030005] [   0/0.027263]
  3,  2, 199: 0.026037 [33.538377/0.029954] [   0/0.026037]
  3,  2, 249: 0.026122 [33.460624/0.031734] [  50/0.026037]
  3,  2, 299: 0.030529 [33.384494/0.035396] [ 100/0.026037]
  3,  2, 349: 0.030106 [33.309531/0.035758] [ 150/0.026037]
Epoch 2 done. Evaluation:
(49651, 50000)
(8476, 10000)
  3,  3,  49: 0.026487 [33.170963/0.025118] [ 241/0.026037]
  3,  3,  99: 0.021446 [33.092306/0.025002] [   0/0.021446]
  3,  3, 149: 0.025257 [33.016105/0.030677] [  50/0.021446]
  3,  3, 199: 0.023168 [32.940105/0.032412] [ 100/0.021446]
  3,  3, 249: 0.023396 [32.864975/0.031720] [ 150/0.021446]
  3,  3, 299: 0.022878 [32.788366/0.026789] [ 200/0.021446]
  3,  3, 349: 0.022533 [32.712225/0.031675] [ 250/0.021446]
Epoch 3 done. Evaluation:
(49725, 50000)
(8501, 10000)
  3,  4,  49: 0.021604 [32.577367/0.028067] [ 341/0.021446]
  3,  4,  99: 0.018102 [32.497744/0.023832] [   0/0.018102]
  3,  4, 149: 0.018119 [32.418474/0.023942] [  50/0.018102]
  3,  4, 199: 0.020909 [32.341156/0.031211] [ 100/0.018102]
  3,  4, 249: 0.018512 [32.265295/0.025120] [ 150/0.018102]
  3,  4, 299: 0.023589 [32.190986/0.027431] [ 200/0.018102]
  3,  4, 349: 0.026538 [32.119247/0.035527] [ 250/0.018102]
Epoch 4 done. Evaluation:
(49731, 50000)
(8468, 10000)
  3,  5,  49: 0.021177 [31.994247/0.034669] [ 341/0.018102]
  3,  5,  99: 0.016951 [31.917928/0.030810] [   0/0.016951]
  3,  5, 149: 0.019999 [31.842975/0.035328] [  50/0.016951]
  3,  5, 199: 0.020200 [31.770479/0.035056] [ 100/0.016951]
  3,  5, 249: 0.019091 [31.698809/0.027390] [ 150/0.016951]
  3,  5, 299: 0.022679 [31.630319/0.035018] [ 200/0.016951]
  3,  5, 349: 0.022060 [31.563722/0.030964] [ 250/0.016951]
Epoch 5 done. Evaluation:
(49747, 50000)
(8499, 10000)
  3,  6,  49: 0.019869 [31.437352/0.034064] [ 341/0.016951]
  3,  6,  99: 0.014814 [31.363913/0.023396] [   0/0.014814]
  3,  6, 149: 0.017180 [31.288950/0.031113] [  50/0.014814]
  3,  6, 199: 0.020202 [31.218185/0.045695] [ 100/0.014814]
  3,  6, 249: 0.019190 [31.151246/0.028272] [ 150/0.014814]
  3,  6, 299: 0.015087 [31.078289/0.019630] [ 200/0.014814]
  3,  6, 349: 0.020476 [31.008768/0.028592] [ 250/0.014814]
Epoch 6 done. Evaluation:
(49772, 50000)
(8450, 10000)
  3,  7,  49: 0.015266 [30.889528/0.024486] [ 341/0.014814]
  3,  7,  99: 0.017578 [30.819920/0.034410] [ 391/0.014814]
  3,  7, 149: 0.021723 [30.756675/0.042942] [ 441/0.014814]
  3,  7, 199: 0.020500 [30.690530/0.037752] [ 491/0.014814]
  3,  7, 249: 0.018965 [30.626193/0.035697] [ 541/0.014814]
  3,  7, 299: 0.021473 [30.562550/0.036242] [ 591/0.014814]
  3,  7, 349: 0.031391 [30.508603/0.042880] [ 641/0.014814]
Epoch 7 done. Evaluation:
(49709, 50000)
(8375, 10000)
  3,  8,  49: 0.029181 [30.421099/0.042450] [ 732/0.014814]
  3,  8,  99: 0.022672 [30.364008/0.025082] [ 782/0.014814]
  3,  8, 149: 0.020952 [30.302751/0.037074] [ 832/0.014814]
  3,  8, 199: 0.022601 [30.243100/0.043785] [ 882/0.014814]
  3,  8, 249: 0.025288 [30.186637/0.047040] [ 932/0.014814]
  3,  8, 299: 0.023689 [30.132670/0.034468] [ 982/0.014814]
  3,  8, 349: 0.026090 [30.079695/0.039098] [1032/0.014814]
Epoch 8 done. Evaluation:
(49644, 50000)
(8426, 10000)
  3,  9,  49: 0.035276 [30.005993/0.042430] [1123/0.014814]
  3,  9,  99: 0.030139 [29.960281/0.045201] [1173/0.014814]
  3,  9, 149: 0.037985 [29.924500/0.054178] [1223/0.014814]
  3,  9, 199: 0.052135 [29.902437/0.064930] [1273/0.014814]
  3,  9, 249: 0.045526 [29.878152/0.058315] [1323/0.014814]
  3,  9, 299: 0.045281 [29.854968/0.062154] [1373/0.014814]
  3,  9, 349: 0.066752 [29.846564/0.080536] [1423/0.014814]
Epoch 9 done. Evaluation:
(49200, 50000)
(8256, 10000)
  4,  0,  49: 0.041354 [29.834051/0.027704] [1514/0.014814]
  4,  0,  99: 0.032707 [29.803719/0.022136] [1564/0.014814]
  4,  0, 149: 0.027218 [29.771996/0.019516] [1614/0.014814]
  4,  0, 199: 0.016242 [29.735754/0.017585] [1664/0.014814]
  4,  0, 249: 0.021527 [29.700873/0.016239] [1714/0.014814]
  4,  0, 299: 0.017951 [29.664686/0.020217] [1764/0.014814]
  4,  0, 349: 0.018234 [29.629681/0.015120] [1814/0.014814]
Epoch 0 done. Evaluation:
(49672, 50000)
(8500, 10000)
  4,  1,  49: 0.012417 [29.562573/0.015101] [   0/0.012417]
  4,  1,  99: 0.010470 [29.524213/0.008520] [   0/0.010470]
  4,  1, 149: 0.011012 [29.485069/0.013571] [  50/0.010470]
  4,  1, 199: 0.008598 [29.445851/0.008776] [   0/0.008598]
  4,  1, 249: 0.009072 [29.406236/0.011679] [  50/0.008598]
  4,  1, 299: 0.009456 [29.366659/0.010313] [ 100/0.008598]
  4,  1, 349: 0.008087 [29.326889/0.010891] [   0/0.008087]
Epoch 1 done. Evaluation:
(49928, 50000)
(8542, 10000)
  4,  2,  49: 0.006372 [29.254873/0.004784] [   0/0.006372]
  4,  2,  99: 0.007474 [29.214650/0.008660] [  50/0.006372]
  4,  2, 149: 0.005986 [29.173969/0.009107] [   0/0.005986]
  4,  2, 199: 0.006093 [29.133098/0.009446] [  50/0.005986]
  4,  2, 249: 0.005577 [29.092576/0.006602] [   0/0.005577]
  4,  2, 299: 0.005806 [29.051988/0.011462] [  50/0.005577]
  4,  2, 349: 0.005232 [29.011338/0.009011] [   0/0.005232]
Epoch 2 done. Evaluation:
(49970, 50000)
(8569, 10000)
  4,  3,  49: 0.003954 [28.937146/0.005162] [   0/0.003954]
  4,  3,  99: 0.003592 [28.895685/0.002897] [   0/0.003592]
  4,  3, 149: 0.003665 [28.854120/0.003018] [  50/0.003592]
  4,  3, 199: 0.003844 [28.812750/0.003444] [ 100/0.003592]
  4,  3, 249: 0.003643 [28.771275/0.007290] [ 150/0.003592]
  4,  3, 299: 0.004453 [28.730430/0.005437] [ 200/0.003592]
  4,  3, 349: 0.003981 [28.689517/0.005251] [ 250/0.003592]
Epoch 3 done. Evaluation:
(49993, 50000)
(8548, 10000)
  4,  4,  49: 0.003824 [28.615541/0.004250] [ 341/0.003592]
  4,  4,  99: 0.003234 [28.574196/0.005416] [   0/0.003234]
  4,  4, 149: 0.003324 [28.533067/0.003861] [  50/0.003234]
  4,  4, 199: 0.003121 [28.491858/0.002606] [   0/0.003121]
  4,  4, 249: 0.003894 [28.451101/0.003666] [  50/0.003121]
  4,  4, 299: 0.003455 [28.410292/0.003469] [ 100/0.003121]
  4,  4, 349: 0.003036 [28.369248/0.005058] [   0/0.003036]
Epoch 4 done. Evaluation:
(49994, 50000)
(8567, 10000)
  4,  5,  49: 0.002714 [28.294718/0.002068] [   0/0.002714]
  4,  5,  99: 0.002659 [28.253376/0.005378] [   0/0.002659]
  4,  5, 149: 0.003037 [28.212599/0.003726] [  50/0.002659]
  4,  5, 199: 0.002606 [28.171578/0.003060] [   0/0.002606]
  4,  5, 249: 0.002829 [28.130710/0.002741] [  50/0.002606]
  4,  5, 299: 0.003155 [28.090102/0.003960] [ 100/0.002606]
  4,  5, 349: 0.003096 [28.049406/0.007195] [ 150/0.002606]
Epoch 5 done. Evaluation:
(49997, 50000)
(8543, 10000)
  4,  6,  49: 0.002617 [27.976285/0.002288] [ 241/0.002606]
  4,  6,  99: 0.002390 [27.935396/0.002674] [   0/0.002390]
  4,  6, 149: 0.002613 [27.894714/0.002595] [  50/0.002390]
  4,  6, 199: 0.002508 [27.854105/0.003158] [ 100/0.002390]
  4,  6, 249: 0.002527 [27.813566/0.002570] [ 150/0.002390]
  4,  6, 299: 0.002722 [27.773219/0.004060] [ 200/0.002390]
  4,  6, 349: 0.002671 [27.733080/0.001976] [ 250/0.002390]
Epoch 6 done. Evaluation:
(50000, 50000)
(8575, 10000)
  4,  7,  49: 0.002441 [27.659978/0.001908] [ 341/0.002390]
  4,  7,  99: 0.002329 [27.619643/0.002145] [   0/0.002329]
  4,  7, 149: 0.002541 [27.579490/0.003130] [  50/0.002329]
  4,  7, 199: 0.002616 [27.539450/0.004245] [ 100/0.002329]
  4,  7, 249: 0.002643 [27.499593/0.003141] [ 150/0.002329]
  4,  7, 299: 0.002277 [27.459617/0.001988] [   0/0.002277]
  4,  7, 349: 0.002352 [27.419612/0.002514] [  50/0.002277]
Epoch 7 done. Evaluation:
(49999, 50000)
(8597, 10000)
  4,  8,  49: 0.002107 [27.347276/0.002418] [   0/0.002107]
  4,  8,  99: 0.002187 [27.307368/0.002338] [  50/0.002107]
  4,  8, 149: 0.002365 [27.267702/0.002330] [ 100/0.002107]
  4,  8, 199: 0.002215 [27.227941/0.002922] [ 150/0.002107]
  4,  8, 249: 0.002756 [27.188606/0.007266] [ 200/0.002107]
  4,  8, 299: 0.002365 [27.149249/0.002080] [ 250/0.002107]
  4,  8, 349: 0.002179 [27.109689/0.002113] [ 300/0.002107]
Epoch 8 done. Evaluation:
(50000, 50000)
(8578, 10000)
  4,  9,  49: 0.002186 [27.038274/0.002124] [ 391/0.002107]
  4,  9,  99: 0.002167 [26.998875/0.002480] [ 441/0.002107]
  4,  9, 149: 0.002163 [26.959574/0.002154] [ 491/0.002107]
  4,  9, 199: 0.002250 [26.920379/0.002186] [ 541/0.002107]
  4,  9, 249: 0.001981 [26.881008/0.002835] [   0/0.001981]
  4,  9, 299: 0.002133 [26.841835/0.002711] [  50/0.001981]
  4,  9, 349: 0.002325 [26.802934/0.002269] [ 100/0.001981]
Epoch 9 done. Evaluation:
(50000, 50000)
(8567, 10000)
  5,  0,  49: 0.002013 [26.751416/0.001074] [ 191/0.001981]
  5,  0,  99: 0.002020 [26.731856/0.001069] [ 241/0.001981]
  5,  0, 149: 0.002018 [26.712340/0.000803] [ 291/0.001981]
  5,  0, 199: 0.002002 [26.692833/0.000907] [ 341/0.001981]
  5,  0, 249: 0.002263 [26.673444/0.001063] [ 391/0.001981]
  5,  0, 299: 0.002102 [26.654050/0.000824] [ 441/0.001981]
  5,  0, 349: 0.002280 [26.634685/0.001153] [ 491/0.001981]
Epoch 0 done. Evaluation:
(50000, 50000)
(8576, 10000)
  5,  1,  49: 0.002099 [26.599391/0.001040] [ 582/0.001981]
  5,  1,  99: 0.002107 [26.580030/0.001025] [ 632/0.001981]
  5,  1, 149: 0.001993 [26.560668/0.000833] [ 682/0.001981]
  5,  1, 199: 0.002174 [26.541384/0.000769] [ 732/0.001981]
  5,  1, 249: 0.002045 [26.522043/0.000918] [ 782/0.001981]
  5,  1, 299: 0.001849 [26.502633/0.000910] [   0/0.001849]
  5,  1, 349: 0.002181 [26.483369/0.000951] [  50/0.001849]
Epoch 1 done. Evaluation:
(50000, 50000)
(8576, 10000)
  5,  2,  49: 0.002044 [26.448299/0.000986] [ 141/0.001849]
  5,  2,  99: 0.002143 [26.429067/0.000952] [ 191/0.001849]
  5,  2, 149: 0.002138 [26.409860/0.001066] [ 241/0.001849]
  5,  2, 199: 0.001832 [26.390603/0.000767] [   0/0.001832]
  5,  2, 249: 0.001981 [26.371343/0.001022] [  50/0.001832]
  5,  2, 299: 0.001931 [26.352145/0.000734] [ 100/0.001832]
  5,  2, 349: 0.002104 [26.332968/0.001166] [ 150/0.001832]
Epoch 2 done. Evaluation:
(50000, 50000)
(8576, 10000)
  5,  3,  49: 0.001881 [26.298145/0.000801] [ 241/0.001832]
  5,  3,  99: 0.002080 [26.279034/0.001000] [ 291/0.001832]
  5,  3, 149: 0.002031 [26.259964/0.000740] [ 341/0.001832]
  5,  3, 199: 0.002004 [26.240824/0.001064] [ 391/0.001832]
  5,  3, 249: 0.001954 [26.221720/0.000949] [ 441/0.001832]
  5,  3, 299: 0.002059 [26.202669/0.000936] [ 491/0.001832]
  5,  3, 349: 0.002001 [26.183626/0.000800] [ 541/0.001832]
Epoch 3 done. Evaluation:
(50000, 50000)
(8574, 10000)
  5,  4,  49: 0.002106 [26.149051/0.000934] [ 632/0.001832]
  5,  4,  99: 0.001911 [26.130056/0.000711] [ 682/0.001832]
  5,  4, 149: 0.002157 [26.111129/0.000837] [ 732/0.001832]
  5,  4, 199: 0.001933 [26.092137/0.001095] [ 782/0.001832]
  5,  4, 249: 0.002106 [26.073217/0.000850] [ 832/0.001832]
  5,  4, 299: 0.002298 [26.054395/0.001761] [ 882/0.001832]
  5,  4, 349: 0.002042 [26.035522/0.000948] [ 932/0.001832]
Epoch 4 done. Evaluation:
(50000, 50000)
(8578, 10000)
  5,  5,  49: 0.001934 [26.001026/0.000943] [1023/0.001832]
  5,  5,  99: 0.002032 [25.982161/0.000876] [1073/0.001832]
  5,  5, 149: 0.001991 [25.963314/0.000771] [1123/0.001832]
  5,  5, 199: 0.001911 [25.944430/0.000760] [1173/0.001832]
  5,  5, 249: 0.002004 [25.925588/0.000992] [1223/0.001832]
  5,  5, 299: 0.002024 [25.906809/0.000886] [1273/0.001832]
  5,  5, 349: 0.001921 [25.887982/0.000819] [1323/0.001832]
Epoch 5 done. Evaluation:
(50000, 50000)
(8582, 10000)
  5,  6,  49: 0.001875 [25.853822/0.000847] [1414/0.001832]
  5,  6,  99: 0.002034 [25.835081/0.001502] [1464/0.001832]
  5,  6, 149: 0.001890 [25.816308/0.000711] [1514/0.001832]
  5,  6, 199: 0.001851 [25.797527/0.000849] [1564/0.001832]
  5,  6, 249: 0.002069 [25.778856/0.000749] [1614/0.001832]
  5,  6, 299: 0.001943 [25.760170/0.000673] [1664/0.001832]
  5,  6, 349: 0.001958 [25.741475/0.000781] [1714/0.001832]
Epoch 6 done. Evaluation:
(50000, 50000)
(8582, 10000)
  5,  7,  49: 0.001880 [25.707568/0.000715] [1805/0.001832]
  5,  7,  99: 0.001958 [25.688891/0.000980] [1855/0.001832]
  5,  7, 149: 0.002002 [25.670302/0.000838] [1905/0.001832]
  5,  7, 199: 0.002167 [25.651799/0.001008] [1955/0.001832]
  5,  7, 249: 0.001971 [25.633220/0.000795] [2005/0.001832]
  5,  7, 299: 0.001989 [25.614683/0.000797] [2055/0.001832]
  5,  7, 349: 0.002014 [25.596175/0.000853] [2105/0.001832]
Epoch 7 done. Evaluation:
(50000, 50000)
(8572, 10000)
  5,  8,  49: 0.001946 [25.562434/0.000956] [2196/0.001832]
  5,  8,  99: 0.001959 [25.543940/0.000779] [2246/0.001832]
  5,  8, 149: 0.001885 [25.525444/0.000637] [2296/0.001832]
  5,  8, 199: 0.001885 [25.506918/0.000802] [2346/0.001832]
  5,  8, 249: 0.001893 [25.488445/0.000716] [2396/0.001832]
  5,  8, 299: 0.002099 [25.470061/0.000854] [2446/0.001832]
  5,  8, 349: 0.002117 [25.451704/0.001019] [2496/0.001832]
Epoch 8 done. Evaluation:
(50000, 50000)
(8574, 10000)
  5,  9,  49: 0.001827 [25.418228/0.000650] [   0/0.001827]
  5,  9,  99: 0.002064 [25.399859/0.000891] [  50/0.001827]
  5,  9, 149: 0.001899 [25.381506/0.000683] [ 100/0.001827]
  5,  9, 199: 0.002070 [25.363198/0.000814] [ 150/0.001827]
  5,  9, 249: 0.002232 [25.345012/0.000830] [ 200/0.001827]
  5,  9, 299: 0.001852 [25.326681/0.000676] [ 250/0.001827]
  5,  9, 349: 0.002120 [25.308425/0.000803] [ 300/0.001827]
Epoch 9 done. Evaluation:
(50000, 50000)
(8581, 10000)
  6,  0,  49: 0.001887 [25.284293/0.000457] [ 391/0.001827]
  6,  0,  99: 0.001936 [25.275165/0.000479] [ 441/0.001827]
  6,  0, 149: 0.001956 [25.266034/0.000365] [ 491/0.001827]
  6,  0, 199: 0.001965 [25.256905/0.000480] [ 541/0.001827]
  6,  0, 249: 0.001853 [25.247772/0.000339] [ 591/0.001827]
  6,  0, 299: 0.002174 [25.238693/0.000462] [ 641/0.001827]
  6,  0, 349: 0.002185 [25.229626/0.000715] [ 691/0.001827]
Epoch 0 done. Evaluation:
(50000, 50000)
(8575, 10000)
  6,  1,  49: 0.001922 [25.213069/0.000390] [ 782/0.001827]
  6,  1,  99: 0.001858 [25.203949/0.000369] [ 832/0.001827]
  6,  1, 149: 0.001963 [25.194853/0.000387] [ 882/0.001827]
  6,  1, 199: 0.002039 [25.185773/0.000425] [ 932/0.001827]
  6,  1, 249: 0.002074 [25.176703/0.000421] [ 982/0.001827]
  6,  1, 299: 0.002207 [25.167683/0.000436] [1032/0.001827]
  6,  1, 349: 0.002076 [25.158631/0.000536] [1082/0.001827]
Epoch 1 done. Evaluation:
(50000, 50000)
(8582, 10000)
  6,  2,  49: 0.001999 [25.142132/0.000369] [1173/0.001827]
  6,  2,  99: 0.002029 [25.133093/0.000358] [1223/0.001827]
  6,  2, 149: 0.002034 [25.124033/0.000590] [1273/0.001827]
  6,  2, 199: 0.001945 [25.114976/0.000526] [1323/0.001827]
  6,  2, 249: 0.002014 [25.105927/0.000430] [1373/0.001827]
  6,  2, 299: 0.001910 [25.096863/0.000474] [1423/0.001827]
  6,  2, 349: 0.002059 [25.087837/0.000462] [1473/0.001827]
Epoch 2 done. Evaluation:
(50000, 50000)
(8583, 10000)
  6,  3,  49: 0.001975 [25.071373/0.000362] [1564/0.001827]
  6,  3,  99: 0.001917 [25.062314/0.000443] [1614/0.001827]
  6,  3, 149: 0.002063 [25.053294/0.000652] [1664/0.001827]
  6,  3, 199: 0.001900 [25.044258/0.000385] [1714/0.001827]
  6,  3, 249: 0.001930 [25.035221/0.000416] [1764/0.001827]
  6,  3, 299: 0.002012 [25.026222/0.000363] [1814/0.001827]
  6,  3, 349: 0.002010 [25.017218/0.000383] [1864/0.001827]
Epoch 3 done. Evaluation:
(50000, 50000)
(8571, 10000)
  6,  4,  49: 0.001956 [25.000831/0.000417] [1955/0.001827]
  6,  4,  99: 0.001884 [24.991811/0.000398] [2005/0.001827]
  6,  4, 149: 0.001875 [24.982796/0.000339] [2055/0.001827]
  6,  4, 199: 0.001953 [24.973783/0.000455] [2105/0.001827]
  6,  4, 249: 0.001958 [24.964792/0.000359] [2155/0.001827]
  6,  4, 299: 0.001863 [24.955781/0.000366] [2205/0.001827]
  6,  4, 349: 0.001950 [24.946796/0.000378] [2255/0.001827]
Epoch 4 done. Evaluation:
(50000, 50000)
(8575, 10000)
  6,  5,  49: 0.001984 [24.930437/0.000415] [2346/0.001827]
  6,  5,  99: 0.001935 [24.921451/0.000533] [2396/0.001827]
  6,  5, 149: 0.002168 [24.912528/0.000442] [2446/0.001827]
  6,  5, 199: 0.002131 [24.903598/0.000451] [2496/0.001827]
  6,  5, 249: 0.001961 [24.894628/0.000422] [2546/0.001827]
  6,  5, 299: 0.002075 [24.885687/0.000508] [2596/0.001827]
  6,  5, 349: 0.001912 [24.876726/0.000415] [2646/0.001827]
Epoch 5 done. Evaluation:
(50000, 50000)
(8579, 10000)
  6,  6,  49: 0.001963 [24.860418/0.000557] [2737/0.001827]
  6,  6,  99: 0.002089 [24.851509/0.000495] [2787/0.001827]
  6,  6, 149: 0.001947 [24.842581/0.000437] [2837/0.001827]
  6,  6, 199: 0.001845 [24.833629/0.000362] [2887/0.001827]
  6,  6, 249: 0.001907 [24.824677/0.000422] [2937/0.001827]
  6,  6, 299: 0.001867 [24.815727/0.000365] [2987/0.001827]
  6,  6, 349: 0.002004 [24.806804/0.000434] [3037/0.001827]
Epoch 6 done. Evaluation:
(50000, 50000)
(8587, 10000)
  6,  7,  49: 0.001912 [24.790600/0.000417] [3128/0.001827]
  6,  7,  99: 0.001890 [24.781673/0.000390] [3178/0.001827]
  6,  7, 149: 0.002060 [24.772775/0.000559] [3228/0.001827]
  6,  7, 199: 0.002189 [24.763926/0.000471] [3278/0.001827]
  6,  7, 249: 0.002003 [24.755057/0.000413] [3328/0.001827]
  6,  7, 299: 0.001956 [24.746160/0.000434] [3378/0.001827]
  6,  7, 349: 0.001885 [24.737258/0.000397] [3428/0.001827]
Epoch 7 done. Evaluation:
(50000, 50000)
(8577, 10000)
  6,  8,  49: 0.002018 [24.721082/0.000405] [3519/0.001827]
  6,  8,  99: 0.001867 [24.712186/0.000356] [3569/0.001827]
  6,  8, 149: 0.002030 [24.703310/0.000364] [3619/0.001827]
  6,  8, 199: 0.002067 [24.694458/0.000420] [3669/0.001827]
  6,  8, 249: 0.001920 [24.685591/0.000370] [3719/0.001827]
  6,  8, 299: 0.001924 [24.676709/0.000366] [3769/0.001827]
  6,  8, 349: 0.002035 [24.667840/0.000388] [3819/0.001827]
Epoch 8 done. Evaluation:
(50000, 50000)
(8581, 10000)
  6,  9,  49: 0.002010 [24.651763/0.000488] [3910/0.001827]
  6,  9,  99: 0.001965 [24.642913/0.000415] [3960/0.001827]
  6,  9, 149: 0.001923 [24.634070/0.000345] [4010/0.001827]
  6,  9, 199: 0.002009 [24.625236/0.000367] [4060/0.001827]
  6,  9, 249: 0.001883 [24.616383/0.000333] [4110/0.001827]
  6,  9, 299: 0.001915 [24.607532/0.000374] [4160/0.001827]
  6,  9, 349: 0.001846 [24.598683/0.000368] [4210/0.001827]
Epoch 9 done. Evaluation:
(50000, 50000)
(8582, 10000)
  7,  0,  49: 0.001820 [24.586996/0.000176] [   0/0.001820]
  7,  0,  99: 0.002024 [24.582582/0.000241] [  50/0.001820]
  7,  0, 149: 0.002057 [24.578191/0.000212] [ 100/0.001820]
  7,  0, 199: 0.001936 [24.573781/0.000224] [ 150/0.001820]
  7,  0, 249: 0.001914 [24.569371/0.000190] [ 200/0.001820]
  7,  0, 299: 0.002010 [24.564966/0.000233] [ 250/0.001820]
  7,  0, 349: 0.002010 [24.560566/0.000210] [ 300/0.001820]
Epoch 0 done. Evaluation:
(50000, 50000)
(8587, 10000)
  7,  1,  49: 0.001875 [24.552532/0.000218] [ 391/0.001820]
  7,  1,  99: 0.001859 [24.548119/0.000196] [ 441/0.001820]
  7,  1, 149: 0.001961 [24.543717/0.000232] [ 491/0.001820]
  7,  1, 199: 0.002007 [24.539322/0.000206] [ 541/0.001820]
  7,  1, 249: 0.001900 [24.534912/0.000210] [ 591/0.001820]
  7,  1, 299: 0.001850 [24.530497/0.000225] [ 641/0.001820]
  7,  1, 349: 0.002020 [24.526102/0.000235] [ 691/0.001820]
Epoch 1 done. Evaluation:
(50000, 50000)
(8581, 10000)
  7,  2,  49: 0.001947 [24.518105/0.000228] [ 782/0.001820]
  7,  2,  99: 0.001845 [24.513692/0.000211] [ 832/0.001820]
  7,  2, 149: 0.002153 [24.509317/0.000239] [ 882/0.001820]
  7,  2, 199: 0.002002 [24.504935/0.000232] [ 932/0.001820]
  7,  2, 249: 0.001892 [24.500536/0.000209] [ 982/0.001820]
  7,  2, 299: 0.002050 [24.496149/0.000225] [1032/0.001820]
  7,  2, 349: 0.002020 [24.491762/0.000817] [1082/0.001820]
Epoch 2 done. Evaluation:
(50000, 50000)
(8590, 10000)
  7,  3,  49: 0.001958 [24.483805/0.000192] [1173/0.001820]
  7,  3,  99: 0.002056 [24.479424/0.000248] [1223/0.001820]
  7,  3, 149: 0.002003 [24.475037/0.000265] [1273/0.001820]
  7,  3, 199: 0.001958 [24.470663/0.000202] [1323/0.001820]
  7,  3, 249: 0.001991 [24.466282/0.000211] [1373/0.001820]
  7,  3, 299: 0.002082 [24.461909/0.000293] [1423/0.001820]
  7,  3, 349: 0.001973 [24.457527/0.000232] [1473/0.001820]
Epoch 3 done. Evaluation:
(50000, 50000)
(8585, 10000)
  7,  4,  49: 0.002134 [24.449578/0.000254] [1564/0.001820]
  7,  4,  99: 0.001946 [24.445203/0.000203] [1614/0.001820]
  7,  4, 149: 0.001902 [24.440814/0.000206] [1664/0.001820]
  7,  4, 199: 0.002002 [24.436436/0.000213] [1714/0.001820]
  7,  4, 249: 0.002052 [24.432062/0.000291] [1764/0.001820]
  7,  4, 299: 0.001996 [24.427691/0.000250] [1814/0.001820]
  7,  4, 349: 0.001995 [24.423324/0.000209] [1864/0.001820]
Epoch 4 done. Evaluation:
(50000, 50000)
(8583, 10000)
  7,  5,  49: 0.001925 [24.415365/0.000208] [1955/0.001820]
  7,  5,  99: 0.001944 [24.410992/0.000223] [2005/0.001820]
  7,  5, 149: 0.001897 [24.406610/0.000207] [2055/0.001820]
  7,  5, 199: 0.002013 [24.402250/0.000189] [2105/0.001820]
  7,  5, 249: 0.001935 [24.397874/0.000200] [2155/0.001820]
  7,  5, 299: 0.001883 [24.393500/0.000193] [2205/0.001820]
  7,  5, 349: 0.002011 [24.389130/0.000265] [2255/0.001820]
Epoch 5 done. Evaluation:
(50000, 50000)
(8591, 10000)
  7,  6,  49: 0.002029 [24.381180/0.000215] [2346/0.001820]
  7,  6,  99: 0.001985 [24.376821/0.000214] [2396/0.001820]
  7,  6, 149: 0.001898 [24.372443/0.000213] [2446/0.001820]
  7,  6, 199: 0.001935 [24.368076/0.000223] [2496/0.001820]
  7,  6, 249: 0.001972 [24.363721/0.000207] [2546/0.001820]
  7,  6, 299: 0.002006 [24.359359/0.000216] [2596/0.001820]
  7,  6, 349: 0.001986 [24.355005/0.000242] [2646/0.001820]
Epoch 6 done. Evaluation:
(50000, 50000)
(8588, 10000)
  7,  7,  49: 0.001907 [24.347066/0.000201] [2737/0.001820]
  7,  7,  99: 0.001954 [24.342709/0.000195] [2787/0.001820]
  7,  7, 149: 0.001809 [24.338330/0.000220] [   0/0.001809]
  7,  7, 199: 0.001961 [24.333970/0.000255] [  50/0.001809]
  7,  7, 249: 0.001935 [24.329620/0.000219] [ 100/0.001809]
  7,  7, 299: 0.002074 [24.325281/0.000256] [ 150/0.001809]
  7,  7, 349: 0.001838 [24.320917/0.000217] [ 200/0.001809]
Epoch 7 done. Evaluation:
(50000, 50000)
(8566, 10000)
  7,  8,  49: 0.002057 [24.313033/0.000231] [ 291/0.001809]
  7,  8,  99: 0.002013 [24.308689/0.000306] [ 341/0.001809]
  7,  8, 149: 0.001941 [24.304337/0.000233] [ 391/0.001809]
  7,  8, 199: 0.002019 [24.299997/0.000224] [ 441/0.001809]
  7,  8, 249: 0.001899 [24.295636/0.000257] [ 491/0.001809]
  7,  8, 299: 0.001926 [24.291288/0.000201] [ 541/0.001809]
  7,  8, 349: 0.001894 [24.286936/0.000210] [ 591/0.001809]
Epoch 8 done. Evaluation:
(50000, 50000)
(8578, 10000)
  7,  9,  49: 0.001889 [24.279005/0.000224] [ 682/0.001809]
  7,  9,  99: 0.001869 [24.274651/0.000209] [ 732/0.001809]
  7,  9, 149: 0.002029 [24.270319/0.000218] [ 782/0.001809]
  7,  9, 199: 0.001994 [24.265982/0.000219] [ 832/0.001809]
  7,  9, 249: 0.001999 [24.261652/0.000195] [ 882/0.001809]
  7,  9, 299: 0.002070 [24.257325/0.000264] [ 932/0.001809]
  7,  9, 349: 0.001943 [24.252986/0.000226] [ 982/0.001809]
Epoch 9 done. Evaluation:
(50000, 50000)
(8578, 10000)
  8,  0,  49: 0.001914 [24.247267/0.000135] [1073/0.001809]
  8,  0,  99: 0.001946 [24.245097/0.000133] [1123/0.001809]
  8,  0, 149: 0.001975 [24.242929/0.000132] [1173/0.001809]
  8,  0, 199: 0.002054 [24.240768/0.000142] [1223/0.001809]
  8,  0, 249: 0.002068 [24.238603/0.000159] [1273/0.001809]
  8,  0, 299: 0.001981 [24.236444/0.000128] [1323/0.001809]
  8,  0, 349: 0.001918 [24.234273/0.000144] [1373/0.001809]
Epoch 0 done. Evaluation:
(50000, 50000)
(8577, 10000)
  8,  1,  49: 0.001993 [24.230330/0.000135] [1464/0.001809]
  8,  1,  99: 0.001935 [24.228164/0.000134] [1514/0.001809]
  8,  1, 149: 0.001948 [24.225998/0.000154] [1564/0.001809]
  8,  1, 199: 0.001910 [24.223827/0.000142] [1614/0.001809]
  8,  1, 249: 0.001944 [24.221661/0.000148] [1664/0.001809]
  8,  1, 299: 0.001927 [24.219498/0.000133] [1714/0.001809]
  8,  1, 349: 0.001869 [24.217330/0.000126] [1764/0.001809]
Epoch 1 done. Evaluation:
(50000, 50000)
(8590, 10000)
  8,  2,  49: 0.001856 [24.213382/0.000135] [1855/0.001809]
  8,  2,  99: 0.001968 [24.211216/0.000138] [1905/0.001809]
  8,  2, 149: 0.001875 [24.209048/0.000129] [1955/0.001809]
  8,  2, 199: 0.002044 [24.206886/0.000136] [2005/0.001809]
  8,  2, 249: 0.002070 [24.204731/0.000137] [2055/0.001809]
  8,  2, 299: 0.001914 [24.202567/0.000139] [2105/0.001809]
  8,  2, 349: 0.001949 [24.200401/0.000135] [2155/0.001809]
Epoch 2 done. Evaluation:
(50000, 50000)
(8579, 10000)
  8,  3,  49: 0.002016 [24.196479/0.000135] [2246/0.001809]
  8,  3,  99: 0.002010 [24.194319/0.000136] [2296/0.001809]
  8,  3, 149: 0.001945 [24.192157/0.000132] [2346/0.001809]
  8,  3, 199: 0.002008 [24.189998/0.000143] [2396/0.001809]
  8,  3, 249: 0.002041 [24.187841/0.000152] [2446/0.001809]
  8,  3, 299: 0.002015 [24.185684/0.000157] [2496/0.001809]
  8,  3, 349: 0.001891 [24.183518/0.000195] [2546/0.001809]
Epoch 3 done. Evaluation:
(50000, 50000)
(8585, 10000)
  8,  4,  49: 0.001855 [24.179579/0.000146] [2637/0.001809]
  8,  4,  99: 0.001967 [24.177420/0.000135] [2687/0.001809]
  8,  4, 149: 0.002001 [24.175260/0.000148] [2737/0.001809]
  8,  4, 199: 0.001868 [24.173099/0.000128] [2787/0.001809]
  8,  4, 249: 0.001970 [24.170937/0.000139] [2837/0.001809]
  8,  4, 299: 0.001970 [24.168777/0.000133] [2887/0.001809]
  8,  4, 349: 0.002049 [24.166622/0.000147] [2937/0.001809]
Epoch 4 done. Evaluation:
(50000, 50000)
(8578, 10000)
  8,  5,  49: 0.002000 [24.162703/0.000126] [3028/0.001809]
  8,  5,  99: 0.001864 [24.160536/0.000128] [3078/0.001809]
  8,  5, 149: 0.001887 [24.158370/0.000134] [3128/0.001809]
  8,  5, 199: 0.001822 [24.156202/0.000138] [3178/0.001809]
  8,  5, 249: 0.002036 [24.154051/0.000145] [3228/0.001809]
  8,  5, 299: 0.001892 [24.151889/0.000133] [3278/0.001809]
  8,  5, 349: 0.001971 [24.149734/0.000137] [3328/0.001809]
Epoch 5 done. Evaluation:
(50000, 50000)
(8586, 10000)
  8,  6,  49: 0.002059 [24.145826/0.000148] [3419/0.001809]
  8,  6,  99: 0.001955 [24.143672/0.000133] [3469/0.001809]
  8,  6, 149: 0.001960 [24.141516/0.000130] [3519/0.001809]
  8,  6, 199: 0.001992 [24.139359/0.000145] [3569/0.001809]
  8,  6, 249: 0.002049 [24.137207/0.000140] [3619/0.001809]
  8,  6, 299: 0.001891 [24.135048/0.000141] [3669/0.001809]
  8,  6, 349: 0.002020 [24.132898/0.000130] [3719/0.001809]
Epoch 6 done. Evaluation:
(50000, 50000)
(8588, 10000)
  8,  7,  49: 0.001971 [24.128979/0.000151] [3810/0.001809]
  8,  7,  99: 0.001953 [24.126827/0.000134] [3860/0.001809]
  8,  7, 149: 0.002040 [24.124679/0.000134] [3910/0.001809]
  8,  7, 199: 0.001975 [24.122527/0.000133] [3960/0.001809]
  8,  7, 249: 0.001952 [24.120376/0.000128] [4010/0.001809]
  8,  7, 299: 0.001993 [24.118223/0.000137] [4060/0.001809]
  8,  7, 349: 0.002082 [24.116076/0.000154] [4110/0.001809]
Epoch 7 done. Evaluation:
(50000, 50000)
(8594, 10000)
  8,  8,  49: 0.002003 [24.112163/0.000135] [4201/0.001809]
  8,  8,  99: 0.001970 [24.110012/0.000134] [4251/0.001809]
  8,  8, 149: 0.001872 [24.107855/0.000133] [4301/0.001809]
  8,  8, 199: 0.001973 [24.105705/0.000132] [4351/0.001809]
  8,  8, 249: 0.001993 [24.103555/0.000132] [4401/0.001809]
  8,  8, 299: 0.001942 [24.101404/0.000128] [4451/0.001809]
  8,  8, 349: 0.001845 [24.099247/0.000129] [4501/0.001809]
Epoch 8 done. Evaluation:
(50000, 50000)
(8584, 10000)
  8,  9,  49: 0.001937 [24.095327/0.000133] [4592/0.001809]
  8,  9,  99: 0.001864 [24.093172/0.000126] [4642/0.001809]
  8,  9, 149: 0.002060 [24.091027/0.000138] [4692/0.001809]
  8,  9, 199: 0.001889 [24.088872/0.000135] [4742/0.001809]
  8,  9, 249: 0.002057 [24.086730/0.000137] [4792/0.001809]
  8,  9, 299: 0.002064 [24.084591/0.000146] [4842/0.001809]
  8,  9, 349: 0.001954 [24.082442/0.000136] [4892/0.001809]
Epoch 9 done. Evaluation:
(50000, 50000)
(8588, 10000)
  9,  0,  49: 0.001951 [24.079612/0.000109] [4983/0.001809]
  9,  0,  99: 0.001957 [24.078536/0.000115] [5033/0.001809]
  9,  0, 149: 0.002111 [24.077467/0.000112] [5083/0.001809]
  9,  0, 199: 0.001886 [24.076391/0.000109] [5133/0.001809]
  9,  0, 249: 0.001986 [24.075318/0.000112] [5183/0.001809]
  9,  0, 299: 0.001896 [24.074242/0.000112] [5233/0.001809]
  9,  0, 349: 0.001966 [24.073170/0.000108] [5283/0.001809]
Epoch 0 done. Evaluation:
(50000, 50000)
(8582, 10000)
  9,  1,  49: 0.001945 [24.071215/0.000112] [5374/0.001809]
  9,  1,  99: 0.001928 [24.070140/0.000113] [5424/0.001809]
  9,  1, 149: 0.001963 [24.069066/0.000109] [5474/0.001809]
  9,  1, 199: 0.002026 [24.067994/0.000110] [5524/0.001809]
  9,  1, 249: 0.002065 [24.066923/0.000113] [5574/0.001809]
  9,  1, 299: 0.001906 [24.065850/0.000109] [5624/0.001809]
  9,  1, 349: 0.002066 [24.064780/0.000109] [5674/0.001809]
Epoch 1 done. Evaluation:
(50000, 50000)
(8583, 10000)
  9,  2,  49: 0.001849 [24.062821/0.000110] [5765/0.001809]
  9,  2,  99: 0.002022 [24.061748/0.000112] [5815/0.001809]
  9,  2, 149: 0.001900 [24.060674/0.000110] [5865/0.001809]
  9,  2, 199: 0.001916 [24.059599/0.000108] [5915/0.001809]
  9,  2, 249: 0.001848 [24.058521/0.000110] [5965/0.001809]
  9,  2, 299: 0.001977 [24.057447/0.000115] [6015/0.001809]
  9,  2, 349: 0.001931 [24.056374/0.000112] [6065/0.001809]
Epoch 2 done. Evaluation:
(50000, 50000)
(8594, 10000)
  9,  3,  49: 0.002043 [24.054423/0.000115] [6156/0.001809]
  9,  3,  99: 0.001912 [24.053350/0.000112] [6206/0.001809]
  9,  3, 149: 0.002007 [24.052277/0.000110] [6256/0.001809]
  9,  3, 199: 0.002030 [24.051205/0.000112] [6306/0.001809]
  9,  3, 249: 0.001918 [24.050132/0.000112] [6356/0.001809]
  9,  3, 299: 0.001895 [24.049056/0.000110] [6406/0.001809]
  9,  3, 349: 0.001949 [24.047984/0.000109] [6456/0.001809]
Epoch 3 done. Evaluation:
(50000, 50000)
(8587, 10000)
  9,  4,  49: 0.001861 [24.046026/0.000110] [6547/0.001809]
  9,  4,  99: 0.001976 [24.044953/0.000108] [6597/0.001809]
  9,  4, 149: 0.002043 [24.043884/0.000110] [6647/0.001809]
  9,  4, 199: 0.001891 [24.042806/0.000123] [6697/0.001809]
  9,  4, 249: 0.002129 [24.041739/0.000112] [6747/0.001809]
  9,  4, 299: 0.001894 [24.040667/0.000112] [6797/0.001809]
  9,  4, 349: 0.002049 [24.039595/0.000116] [6847/0.001809]
Epoch 4 done. Evaluation:
(50000, 50000)
(8583, 10000)
  9,  5,  49: 0.001939 [24.037644/0.000109] [6938/0.001809]
  9,  5,  99: 0.001902 [24.036570/0.000111] [6988/0.001809]
  9,  5, 149: 0.001965 [24.035499/0.000113] [7038/0.001809]
  9,  5, 199: 0.001843 [24.034424/0.000109] [7088/0.001809]
  9,  5, 249: 0.002056 [24.033354/0.000110] [7138/0.001809]
  9,  5, 299: 0.001898 [24.032278/0.000114] [7188/0.001809]
  9,  5, 349: 0.001978 [24.031208/0.000109] [7238/0.001809]
Epoch 5 done. Evaluation:
(50000, 50000)
(8576, 10000)
  9,  6,  49: 0.001903 [24.029255/0.000109] [7329/0.001809]
  9,  6,  99: 0.001813 [24.028179/0.000108] [7379/0.001809]
  9,  6, 149: 0.001897 [24.027103/0.000110] [7429/0.001809]
  9,  6, 199: 0.001951 [24.026031/0.000111] [7479/0.001809]
  9,  6, 249: 0.001892 [24.024959/0.000109] [7529/0.001809]
  9,  6, 299: 0.001947 [24.023885/0.000112] [7579/0.001809]
  9,  6, 349: 0.002106 [24.022819/0.000111] [7629/0.001809]
Epoch 6 done. Evaluation:
(50000, 50000)
(8578, 10000)
  9,  7,  49: 0.001905 [24.020872/0.000114] [7720/0.001809]
  9,  7,  99: 0.001919 [24.019800/0.000108] [7770/0.001809]
  9,  7, 149: 0.001957 [24.018729/0.000112] [7820/0.001809]
  9,  7, 199: 0.002130 [24.017664/0.000111] [7870/0.001809]
  9,  7, 249: 0.001948 [24.016593/0.000107] [7920/0.001809]
  9,  7, 299: 0.001874 [24.015520/0.000109] [7970/0.001809]
  9,  7, 349: 0.002100 [24.014452/0.000115] [8020/0.001809]
Epoch 7 done. Evaluation:
(50000, 50000)
(8580, 10000)
  9,  8,  49: 0.001992 [24.012511/0.000108] [8111/0.001809]
  9,  8,  99: 0.001909 [24.011440/0.000107] [8161/0.001809]
  9,  8, 149: 0.001921 [24.010367/0.000113] [8211/0.001809]
  9,  8, 199: 0.001898 [24.009295/0.000109] [8261/0.001809]
  9,  8, 249: 0.001977 [24.008224/0.000109] [8311/0.001809]
  9,  8, 299: 0.002033 [24.007155/0.000118] [8361/0.001809]
  9,  8, 349: 0.001912 [24.006084/0.000110] [8411/0.001809]
Epoch 8 done. Evaluation:
(50000, 50000)
(8579, 10000)
  9,  9,  49: 0.002105 [24.004137/0.000113] [8502/0.001809]
  9,  9,  99: 0.001950 [24.003068/0.000109] [8552/0.001809]
  9,  9, 149: 0.001837 [24.001994/0.000108] [8602/0.001809]
  9,  9, 199: 0.001995 [24.000923/0.000112] [8652/0.001809]
  9,  9, 249: 0.002010 [23.999856/0.000112] [8702/0.001809]
  9,  9, 299: 0.002143 [23.998793/0.000110] [8752/0.001809]
  9,  9, 349: 0.001927 [23.997721/0.000111] [8802/0.001809]
Epoch 9 done. Evaluation:
(50000, 50000)
(8583, 10000)
