  0,  0,  49: 2.477036 [92.962395/0.373577] [   0/2.477036]
  0,  0,  99: 1.964611 [90.837046/0.253055] [   0/1.964611]
  0,  0, 149: 1.841742 [88.700343/0.215068] [   0/1.841742]
  0,  0, 199: 1.500794 [86.623384/0.265243] [   0/1.500794]
  0,  0, 249: 1.434425 [84.650041/0.233159] [   0/1.434425]
  0,  0, 299: 1.326577 [82.731686/0.200879] [   0/1.326577]
  0,  0, 349: 1.251649 [80.880195/0.216402] [   0/1.251649]
Epoch 0 done. Evaluation:
(22010, 50000)
(5334, 10000)
  0,  1,  49: 1.095975 [77.718157/0.251547] [   0/1.095975]
  0,  1,  99: 1.055444 [76.075655/0.229796] [   0/1.055444]
  0,  1, 149: 0.995519 [74.492504/0.254562] [   0/0.995519]
  0,  1, 199: 1.001508 [72.996667/0.232795] [  50/0.995519]
  0,  1, 249: 0.953734 [71.511327/0.251668] [   0/0.953734]
  0,  1, 299: 0.920774 [70.107450/0.233361] [   0/0.920774]
  0,  1, 349: 0.883642 [68.732657/0.239331] [   0/0.883642]
Epoch 1 done. Evaluation:
(32475, 50000)
(6510, 10000)
  0,  2,  49: 0.799803 [66.387744/0.250345] [   0/0.799803]
  0,  2,  99: 0.798297 [65.166232/0.230518] [   0/0.798297]
  0,  2, 149: 0.772158 [63.975127/0.247278] [   0/0.772158]
  0,  2, 199: 0.787589 [62.788362/0.251776] [  50/0.772158]
  0,  2, 249: 0.776516 [61.690834/0.249085] [ 100/0.772158]
  0,  2, 299: 0.768940 [60.613693/0.254537] [   0/0.768940]
  0,  2, 349: 0.731107 [59.595019/0.274291] [   0/0.731107]
Epoch 2 done. Evaluation:
(36525, 50000)
(7208, 10000)
  0,  3,  49: 0.680735 [57.822496/0.260397] [   0/0.680735]
  0,  3,  99: 0.663003 [56.941364/0.238692] [   0/0.663003]
  0,  3, 149: 0.657346 [56.058606/0.271778] [   0/0.657346]
  0,  3, 199: 0.653201 [55.230187/0.258205] [   0/0.653201]
  0,  3, 249: 0.651518 [54.383459/0.239774] [   0/0.651518]
  0,  3, 299: 0.645051 [53.603574/0.256355] [   0/0.645051]
  0,  3, 349: 0.687337 [52.897592/0.279860] [  50/0.645051]
Epoch 3 done. Evaluation:
(38519, 50000)
(7518, 10000)
  0,  4,  49: 0.573040 [51.660153/0.283895] [   0/0.573040]
  0,  4,  99: 0.618957 [51.062727/0.285617] [  50/0.573040]
  0,  4, 149: 0.607653 [50.506389/0.259693] [ 100/0.573040]
  0,  4, 199: 0.600985 [49.933554/0.254683] [ 150/0.573040]
  0,  4, 249: 0.569971 [49.394621/0.264194] [   0/0.569971]
  0,  4, 299: 0.612812 [48.896568/0.261409] [  50/0.569971]
  0,  4, 349: 0.617466 [48.436636/0.276696] [ 100/0.569971]
Epoch 4 done. Evaluation:
(39702, 50000)
(7150, 10000)
  0,  5,  49: 0.528423 [47.660519/0.293966] [   0/0.528423]
  0,  5,  99: 0.541825 [47.324797/0.300710] [  50/0.528423]
  0,  5, 149: 0.549137 [47.004294/0.286934] [ 100/0.528423]
  0,  5, 199: 0.548027 [46.635298/0.270924] [ 150/0.528423]
  0,  5, 249: 0.555547 [46.298822/0.301446] [ 200/0.528423]
  0,  5, 299: 0.576177 [45.992527/0.274964] [ 250/0.528423]
  0,  5, 349: 0.560087 [45.676846/0.277695] [ 300/0.528423]
Epoch 5 done. Evaluation:
(40598, 50000)
(7202, 10000)
  0,  6,  49: 0.488025 [45.160282/0.306347] [   0/0.488025]
  0,  6,  99: 0.525532 [45.033821/0.296857] [  50/0.488025]
  0,  6, 149: 0.506006 [44.858181/0.316394] [ 100/0.488025]
  0,  6, 199: 0.522615 [44.693278/0.309683] [ 150/0.488025]
  0,  6, 249: 0.556080 [44.542596/0.307831] [ 200/0.488025]
  0,  6, 299: 0.522707 [44.376974/0.289971] [ 250/0.488025]
  0,  6, 349: 0.527688 [44.150050/0.281941] [ 300/0.488025]
Epoch 6 done. Evaluation:
(41043, 50000)
(7050, 10000)
  0,  7,  49: 0.470697 [43.892375/0.317952] [   0/0.470697]
  0,  7,  99: 0.496612 [43.862715/0.325930] [  50/0.470697]
  0,  7, 149: 0.508586 [43.826201/0.336361] [ 100/0.470697]
  0,  7, 199: 0.506273 [43.785322/0.288591] [ 150/0.470697]
  0,  7, 249: 0.499994 [43.739840/0.286514] [ 200/0.470697]
  0,  7, 299: 0.513724 [43.659504/0.323281] [ 250/0.470697]
  0,  7, 349: 0.520101 [43.600818/0.286336] [ 300/0.470697]
Epoch 7 done. Evaluation:
(41462, 50000)
(7567, 10000)
  0,  8,  49: 0.437063 [43.512042/0.332313] [   0/0.437063]
  0,  8,  99: 0.466282 [43.519723/0.327903] [  50/0.437063]
  0,  8, 149: 0.476449 [43.523047/0.314683] [ 100/0.437063]
  0,  8, 199: 0.499619 [43.577657/0.337431] [ 150/0.437063]
  0,  8, 249: 0.476476 [43.527634/0.313114] [ 200/0.437063]
  0,  8, 299: 0.478446 [43.467795/0.312021] [ 250/0.437063]
  0,  8, 349: 0.500676 [43.438866/0.352721] [ 300/0.437063]
Epoch 8 done. Evaluation:
(41873, 50000)
(7163, 10000)
  0,  9,  49: 0.417214 [43.433868/0.296501] [   0/0.417214]
  0,  9,  99: 0.430041 [43.446362/0.324516] [  50/0.417214]
  0,  9, 149: 0.475557 [43.468653/0.296147] [ 100/0.417214]
  0,  9, 199: 0.433961 [43.435492/0.343639] [ 150/0.417214]
  0,  9, 249: 0.464538 [43.476585/0.306327] [ 200/0.417214]
  0,  9, 299: 0.478019 [43.507909/0.302609] [ 250/0.417214]
  0,  9, 349: 0.451345 [43.446179/0.291322] [ 300/0.417214]
Epoch 9 done. Evaluation:
(42284, 50000)
(7713, 10000)
  1,  0,  49: 0.333120 [43.267503/0.145559] [   0/0.333120]
  1,  0,  99: 0.296912 [42.994292/0.158135] [   0/0.296912]
  1,  0, 149: 0.306504 [42.736266/0.153289] [  50/0.296912]
  1,  0, 199: 0.275367 [42.490506/0.150347] [   0/0.275367]
  1,  0, 249: 0.290748 [42.277440/0.159066] [  50/0.275367]
  1,  0, 299: 0.328560 [42.090090/0.164621] [ 100/0.275367]
  1,  0, 349: 0.314235 [41.914710/0.157343] [ 150/0.275367]
Epoch 0 done. Evaluation:
(44912, 50000)
(8313, 10000)
  1,  1,  49: 0.225929 [41.572933/0.174632] [   0/0.225929]
  1,  1,  99: 0.237564 [41.430245/0.176077] [  50/0.225929]
  1,  1, 149: 0.266611 [41.295284/0.163113] [ 100/0.225929]
  1,  1, 199: 0.277059 [41.185140/0.189283] [ 150/0.225929]
  1,  1, 249: 0.288667 [41.106424/0.178294] [ 200/0.225929]
  1,  1, 299: 0.301623 [41.031894/0.202364] [ 250/0.225929]
  1,  1, 349: 0.297766 [40.964265/0.196183] [ 300/0.225929]
Epoch 1 done. Evaluation:
(45234, 50000)
(8006, 10000)
  1,  2,  49: 0.243787 [40.874844/0.194883] [ 391/0.225929]
  1,  2,  99: 0.241184 [40.811715/0.197613] [ 441/0.225929]
  1,  2, 149: 0.266695 [40.767824/0.190844] [ 491/0.225929]
  1,  2, 199: 0.262172 [40.718507/0.204655] [ 541/0.225929]
  1,  2, 249: 0.278619 [40.708960/0.202169] [ 591/0.225929]
  1,  2, 299: 0.291438 [40.685317/0.195048] [ 641/0.225929]
  1,  2, 349: 0.278969 [40.649057/0.186947] [ 691/0.225929]
Epoch 2 done. Evaluation:
(45409, 50000)
(8208, 10000)
  1,  3,  49: 0.228728 [40.548163/0.177032] [ 782/0.225929]
  1,  3,  99: 0.218472 [40.488444/0.213441] [   0/0.218472]
  1,  3, 149: 0.256181 [40.490322/0.210106] [  50/0.218472]
  1,  3, 199: 0.254077 [40.494227/0.189233] [ 100/0.218472]
  1,  3, 249: 0.250705 [40.488739/0.211076] [ 150/0.218472]
  1,  3, 299: 0.312612 [40.543014/0.215824] [ 200/0.218472]
  1,  3, 349: 0.259983 [40.542493/0.222766] [ 250/0.218472]
Epoch 3 done. Evaluation:
(45618, 50000)
(8077, 10000)
  1,  4,  49: 0.231086 [40.558896/0.194437] [ 341/0.218472]
  1,  4,  99: 0.229494 [40.528629/0.215651] [ 391/0.218472]
  1,  4, 149: 0.238498 [40.560168/0.198928] [ 441/0.218472]
  1,  4, 199: 0.231256 [40.574667/0.214567] [ 491/0.218472]
  1,  4, 249: 0.271880 [40.647314/0.226536] [ 541/0.218472]
  1,  4, 299: 0.295014 [40.731121/0.219680] [ 591/0.218472]
  1,  4, 349: 0.272248 [40.780700/0.205847] [ 641/0.218472]
Epoch 4 done. Evaluation:
(45637, 50000)
(8096, 10000)
  1,  5,  49: 0.235119 [40.830664/0.189776] [ 732/0.218472]
  1,  5,  99: 0.217000 [40.818466/0.197188] [   0/0.217000]
  1,  5, 149: 0.252033 [40.883553/0.239932] [  50/0.217000]
  1,  5, 199: 0.252629 [40.938265/0.209641] [ 100/0.217000]
  1,  5, 249: 0.243128 [40.973361/0.207102] [ 150/0.217000]
  1,  5, 299: 0.262187 [40.986184/0.186538] [ 200/0.217000]
  1,  5, 349: 0.296592 [41.033999/0.231135] [ 250/0.217000]
Epoch 5 done. Evaluation:
(45642, 50000)
(8216, 10000)
  1,  6,  49: 0.219822 [41.115926/0.202115] [ 341/0.217000]
  1,  6,  99: 0.215531 [41.109649/0.228553] [   0/0.215531]
  1,  6, 149: 0.224445 [41.130661/0.209299] [  50/0.215531]
  1,  6, 199: 0.234471 [41.165353/0.241861] [ 100/0.215531]
  1,  6, 249: 0.277864 [41.281541/0.236306] [ 150/0.215531]
  1,  6, 299: 0.281251 [41.369373/0.228346] [ 200/0.215531]
  1,  6, 349: 0.263014 [41.442597/0.222547] [ 250/0.215531]
Epoch 6 done. Evaluation:
(45772, 50000)
(8115, 10000)
  1,  7,  49: 0.201465 [41.461983/0.209915] [   0/0.201465]
  1,  7,  99: 0.237757 [41.504074/0.223871] [  50/0.201465]
  1,  7, 149: 0.245302 [41.552863/0.216852] [ 100/0.201465]
  1,  7, 199: 0.245192 [41.600163/0.223270] [ 150/0.201465]
  1,  7, 249: 0.264602 [41.654369/0.230497] [ 200/0.201465]
  1,  7, 299: 0.266757 [41.710298/0.227587] [ 250/0.201465]
  1,  7, 349: 0.251129 [41.750485/0.220968] [ 300/0.201465]
Epoch 7 done. Evaluation:
(45803, 50000)
(8007, 10000)
  1,  8,  49: 0.174048 [41.731855/0.212275] [   0/0.174048]
  1,  8,  99: 0.214765 [41.756983/0.246892] [  50/0.174048]
  1,  8, 149: 0.237662 [41.857094/0.218487] [ 100/0.174048]
  1,  8, 199: 0.230699 [41.931454/0.235153] [ 150/0.174048]
  1,  8, 249: 0.258874 [42.019487/0.210897] [ 200/0.174048]
  1,  8, 299: 0.244693 [42.059303/0.244924] [ 250/0.174048]
  1,  8, 349: 0.266865 [42.122930/0.219825] [ 300/0.174048]
Epoch 8 done. Evaluation:
(45930, 50000)
(8103, 10000)
  1,  9,  49: 0.181964 [42.155839/0.198111] [ 391/0.174048]
  1,  9,  99: 0.233277 [42.196765/0.218892] [ 441/0.174048]
  1,  9, 149: 0.226506 [42.209259/0.209095] [ 491/0.174048]
  1,  9, 199: 0.221689 [42.249104/0.200810] [ 541/0.174048]
  1,  9, 249: 0.227299 [42.299181/0.223940] [ 591/0.174048]
  1,  9, 299: 0.249081 [42.374823/0.226599] [ 641/0.174048]
  1,  9, 349: 0.249907 [42.431020/0.239504] [ 691/0.174048]
Epoch 9 done. Evaluation:
(46034, 50000)
(8326, 10000)
  2,  0,  49: 0.156744 [42.379320/0.081601] [   0/0.156744]
  2,  0,  99: 0.109744 [42.223624/0.081974] [   0/0.109744]
  2,  0, 149: 0.100961 [42.061592/0.080469] [   0/0.100961]
  2,  0, 199: 0.104977 [41.900270/0.088731] [  50/0.100961]
  2,  0, 249: 0.109025 [41.748109/0.086122] [ 100/0.100961]
  2,  0, 299: 0.106755 [41.601780/0.099281] [ 150/0.100961]
  2,  0, 349: 0.107956 [41.465007/0.104524] [ 200/0.100961]
Epoch 0 done. Evaluation:
(48159, 50000)
(8630, 10000)
  2,  1,  49: 0.082084 [41.215014/0.082260] [   0/0.082084]
  2,  1,  99: 0.076376 [41.055634/0.087792] [   0/0.076376]
  2,  1, 149: 0.082312 [40.908289/0.087560] [  50/0.076376]
  2,  1, 199: 0.080881 [40.758839/0.099568] [ 100/0.076376]
  2,  1, 249: 0.078593 [40.615725/0.093661] [ 150/0.076376]
  2,  1, 299: 0.084233 [40.480742/0.092752] [ 200/0.076376]
  2,  1, 349: 0.080679 [40.356271/0.102990] [ 250/0.076376]
Epoch 1 done. Evaluation:
(48680, 50000)
(8526, 10000)
  2,  2,  49: 0.074300 [40.156157/0.081730] [   0/0.074300]
  2,  2,  99: 0.066551 [40.028199/0.096636] [   0/0.066551]
  2,  2, 149: 0.073208 [39.902849/0.095893] [  50/0.066551]
  2,  2, 199: 0.067409 [39.778826/0.094772] [ 100/0.066551]
  2,  2, 249: 0.081148 [39.679045/0.116418] [ 150/0.066551]
  2,  2, 299: 0.087711 [39.587836/0.105433] [ 200/0.066551]
  2,  2, 349: 0.084958 [39.491580/0.100714] [ 250/0.066551]
Epoch 2 done. Evaluation:
(48698, 50000)
(8499, 10000)
  2,  3,  49: 0.071237 [39.321948/0.113095] [ 341/0.066551]
  2,  3,  99: 0.081092 [39.232343/0.106258] [ 391/0.066551]
  2,  3, 149: 0.073285 [39.140004/0.112307] [ 441/0.066551]
  2,  3, 199: 0.080437 [39.050893/0.104306] [ 491/0.066551]
  2,  3, 249: 0.076975 [38.974177/0.117643] [ 541/0.066551]
  2,  3, 299: 0.085513 [38.911055/0.129876] [ 591/0.066551]
  2,  3, 349: 0.092559 [38.849147/0.120444] [ 641/0.066551]
Epoch 3 done. Evaluation:
(48632, 50000)
(8521, 10000)
  2,  4,  49: 0.075054 [38.736234/0.095517] [ 732/0.066551]
  2,  4,  99: 0.065683 [38.633272/0.107960] [   0/0.065683]
  2,  4, 149: 0.072981 [38.545576/0.116174] [  50/0.065683]
  2,  4, 199: 0.098249 [38.506397/0.133679] [ 100/0.065683]
  2,  4, 249: 0.101017 [38.485959/0.133804] [ 150/0.065683]
  2,  4, 299: 0.102843 [38.472343/0.118003] [ 200/0.065683]
  2,  4, 349: 0.123699 [38.453531/0.136732] [ 250/0.065683]
Epoch 4 done. Evaluation:
(48432, 50000)
(8451, 10000)
  2,  5,  49: 0.079414 [38.380936/0.103018] [ 341/0.065683]
  2,  5,  99: 0.086502 [38.311564/0.114601] [ 391/0.065683]
  2,  5, 149: 0.072133 [38.235331/0.115413] [ 441/0.065683]
  2,  5, 199: 0.085068 [38.166070/0.123018] [ 491/0.065683]
  2,  5, 249: 0.094791 [38.133714/0.124395] [ 541/0.065683]
  2,  5, 299: 0.114483 [38.112209/0.150981] [ 591/0.065683]
  2,  5, 349: 0.101841 [38.096476/0.132919] [ 641/0.065683]
Epoch 5 done. Evaluation:
(48443, 50000)
(8418, 10000)
  2,  6,  49: 0.088651 [38.070073/0.118075] [ 732/0.065683]
  2,  6,  99: 0.077082 [38.001866/0.118780] [ 782/0.065683]
  2,  6, 149: 0.079478 [37.944724/0.117197] [ 832/0.065683]
  2,  6, 199: 0.096824 [37.925598/0.135843] [ 882/0.065683]
  2,  6, 249: 0.103829 [37.919370/0.153337] [ 932/0.065683]
  2,  6, 299: 0.114700 [37.922764/0.123823] [ 982/0.065683]
  2,  6, 349: 0.114327 [37.930196/0.144272] [1032/0.065683]
Epoch 6 done. Evaluation:
(48300, 50000)
(8374, 10000)
  2,  7,  49: 0.083026 [37.910232/0.117614] [1123/0.065683]
  2,  7,  99: 0.082734 [37.865945/0.106099] [1173/0.065683]
  2,  7, 149: 0.110608 [37.857500/0.151572] [1223/0.065683]
  2,  7, 199: 0.108560 [37.852861/0.137506] [1273/0.065683]
  2,  7, 249: 0.097917 [37.836399/0.117544] [1323/0.065683]
  2,  7, 299: 0.098281 [37.799817/0.111129] [1373/0.065683]
  2,  7, 349: 0.098077 [37.757245/0.146860] [1423/0.065683]
Epoch 7 done. Evaluation:
(48311, 50000)
(8400, 10000)
  2,  8,  49: 0.097968 [37.748753/0.129002] [1514/0.065683]
  2,  8,  99: 0.083166 [37.718698/0.132536] [1564/0.065683]
  2,  8, 149: 0.097912 [37.704260/0.117487] [1614/0.065683]
  2,  8, 199: 0.104849 [37.688769/0.137067] [1664/0.065683]
  2,  8, 249: 0.097456 [37.673081/0.126580] [1714/0.065683]
  2,  8, 299: 0.102568 [37.657360/0.131750] [1764/0.065683]
  2,  8, 349: 0.102968 [37.660269/0.128583] [1814/0.065683]
Epoch 8 done. Evaluation:
(48337, 50000)
(8427, 10000)
  2,  9,  49: 0.082879 [37.628977/0.118742] [1905/0.065683]
  2,  9,  99: 0.076902 [37.579152/0.139708] [1955/0.065683]
  2,  9, 149: 0.106197 [37.597981/0.123491] [2005/0.065683]
  2,  9, 199: 0.097010 [37.594677/0.137670] [2055/0.065683]
  2,  9, 249: 0.093240 [37.598363/0.114712] [2105/0.065683]
  2,  9, 299: 0.093619 [37.587857/0.134800] [2155/0.065683]
  2,  9, 349: 0.116947 [37.628962/0.141647] [2205/0.065683]
Epoch 9 done. Evaluation:
(48331, 50000)
(8496, 10000)
  3,  0,  49: 0.060304 [37.611457/0.044016] [   0/0.060304]
  3,  0,  99: 0.056775 [37.534642/0.042793] [   0/0.056775]
  3,  0, 149: 0.042543 [37.453941/0.037665] [   0/0.042543]
  3,  0, 199: 0.034557 [37.368282/0.037835] [   0/0.034557]
  3,  0, 249: 0.031709 [37.280340/0.038259] [   0/0.031709]
  3,  0, 299: 0.038688 [37.195389/0.049626] [  50/0.031709]
  3,  0, 349: 0.042068 [37.112884/0.054530] [ 100/0.031709]
Epoch 0 done. Evaluation:
(49325, 50000)
(8791, 10000)
  3,  1,  49: 0.027190 [36.961102/0.036075] [   0/0.027190]
  3,  1,  99: 0.018122 [36.867188/0.027386] [   0/0.018122]
  3,  1, 149: 0.019051 [36.770698/0.028119] [  50/0.018122]
  3,  1, 199: 0.018290 [36.675208/0.035598] [ 100/0.018122]
  3,  1, 249: 0.021151 [36.585006/0.035550] [ 150/0.018122]
  3,  1, 299: 0.019063 [36.494003/0.034586] [ 200/0.018122]
  3,  1, 349: 0.025947 [36.406642/0.048600] [ 250/0.018122]
Epoch 1 done. Evaluation:
(49689, 50000)
(8745, 10000)
  3,  2,  49: 0.014265 [36.246166/0.029425] [   0/0.014265]
  3,  2,  99: 0.013558 [36.152962/0.023598] [   0/0.013558]
  3,  2, 149: 0.009458 [36.054398/0.038888] [   0/0.009458]
  3,  2, 199: 0.010333 [35.957611/0.024103] [  50/0.009458]
  3,  2, 249: 0.012560 [35.861716/0.020836] [ 100/0.009458]
  3,  2, 299: 0.010919 [35.766269/0.021044] [ 150/0.009458]
  3,  2, 349: 0.010845 [35.668528/0.029052] [ 200/0.009458]
Epoch 2 done. Evaluation:
(49852, 50000)
(8748, 10000)
  3,  3,  49: 0.009778 [35.497499/0.020463] [ 291/0.009458]
  3,  3,  99: 0.010464 [35.401651/0.032306] [ 341/0.009458]
  3,  3, 149: 0.012467 [35.309635/0.030358] [ 391/0.009458]
  3,  3, 199: 0.012028 [35.219063/0.027150] [ 441/0.009458]
  3,  3, 249: 0.007297 [35.123791/0.023115] [   0/0.007297]
  3,  3, 299: 0.008360 [35.027364/0.024635] [  50/0.007297]
  3,  3, 349: 0.006767 [34.931037/0.016806] [   0/0.006767]
Epoch 3 done. Evaluation:
(49888, 50000)
(8792, 10000)
  3,  4,  49: 0.006147 [34.755451/0.012360] [   0/0.006147]
  3,  4,  99: 0.006850 [34.659372/0.019933] [  50/0.006147]
  3,  4, 149: 0.009014 [34.566162/0.028275] [ 100/0.006147]
  3,  4, 199: 0.008036 [34.472922/0.039089] [ 150/0.006147]
  3,  4, 249: 0.009320 [34.381026/0.030707] [ 200/0.006147]
  3,  4, 299: 0.008162 [34.289515/0.024741] [ 250/0.006147]
  3,  4, 349: 0.008125 [34.199196/0.016838] [ 300/0.006147]
Epoch 4 done. Evaluation:
(49909, 50000)
(8791, 10000)
  3,  5,  49: 0.005682 [34.031896/0.027590] [   0/0.005682]
  3,  5,  99: 0.006387 [33.938596/0.022630] [  50/0.005682]
  3,  5, 149: 0.007223 [33.847748/0.021887] [ 100/0.005682]
  3,  5, 199: 0.007086 [33.756106/0.018559] [ 150/0.005682]
  3,  5, 249: 0.006739 [33.664555/0.028005] [ 200/0.005682]
  3,  5, 299: 0.006128 [33.573071/0.015741] [ 250/0.005682]
  3,  5, 349: 0.006005 [33.480907/0.024798] [ 300/0.005682]
Epoch 5 done. Evaluation:
(49930, 50000)
(8782, 10000)
  3,  6,  49: 0.007953 [33.325225/0.027547] [ 391/0.005682]
  3,  6,  99: 0.006501 [33.236164/0.015445] [ 441/0.005682]
  3,  6, 149: 0.006424 [33.146220/0.034351] [ 491/0.005682]
  3,  6, 199: 0.009088 [33.059096/0.047811] [ 541/0.005682]
  3,  6, 249: 0.009084 [32.979562/0.022639] [ 591/0.005682]
  3,  6, 299: 0.007430 [32.893351/0.026270] [ 641/0.005682]
  3,  6, 349: 0.009138 [32.813063/0.022096] [ 691/0.005682]
Epoch 6 done. Evaluation:
(49902, 50000)
(8702, 10000)
  3,  7,  49: 0.008196 [32.659612/0.017892] [ 782/0.005682]
  3,  7,  99: 0.005095 [32.570887/0.026610] [   0/0.005095]
  3,  7, 149: 0.007827 [32.484276/0.026136] [  50/0.005095]
  3,  7, 199: 0.011474 [32.406652/0.043222] [ 100/0.005095]
  3,  7, 249: 0.012053 [32.333999/0.026761] [ 150/0.005095]
  3,  7, 299: 0.011764 [32.259292/0.035315] [ 200/0.005095]
  3,  7, 349: 0.012348 [32.190440/0.030464] [ 250/0.005095]
Epoch 7 done. Evaluation:
(49857, 50000)
(8681, 10000)
  3,  8,  49: 0.010445 [32.062792/0.037426] [ 341/0.005095]
  3,  8,  99: 0.010606 [31.988662/0.040832] [ 391/0.005095]
  3,  8, 149: 0.012581 [31.922766/0.044563] [ 441/0.005095]
  3,  8, 199: 0.012862 [31.856121/0.047897] [ 491/0.005095]
  3,  8, 249: 0.013856 [31.791796/0.039443] [ 541/0.005095]
  3,  8, 299: 0.022175 [31.742859/0.039937] [ 591/0.005095]
  3,  8, 349: 0.016493 [31.689743/0.046430] [ 641/0.005095]
Epoch 8 done. Evaluation:
(49790, 50000)
(8614, 10000)
  3,  9,  49: 0.019542 [31.585793/0.059887] [ 732/0.005095]
  3,  9,  99: 0.017722 [31.530289/0.044753] [ 782/0.005095]
  3,  9, 149: 0.027416 [31.483859/0.064504] [ 832/0.005095]
  3,  9, 199: 0.025007 [31.447659/0.055195] [ 882/0.005095]
  3,  9, 249: 0.037595 [31.429831/0.064278] [ 932/0.005095]
  3,  9, 299: 0.031022 [31.400179/0.057703] [ 982/0.005095]
  3,  9, 349: 0.035828 [31.373547/0.075629] [1032/0.005095]
Epoch 9 done. Evaluation:
(49556, 50000)
(8510, 10000)
  4,  0,  49: 0.021230 [31.333317/0.019604] [1123/0.005095]
  4,  0,  99: 0.019612 [31.296315/0.023600] [1173/0.005095]
  4,  0, 149: 0.012767 [31.258748/0.014395] [1223/0.005095]
  4,  0, 199: 0.009999 [31.219129/0.012243] [1273/0.005095]
  4,  0, 249: 0.009000 [31.178285/0.019377] [1323/0.005095]
  4,  0, 299: 0.010142 [31.138791/0.014716] [1373/0.005095]
  4,  0, 349: 0.009252 [31.098038/0.018156] [1423/0.005095]
Epoch 0 done. Evaluation:
(49822, 50000)
(8782, 10000)
  4,  1,  49: 0.006908 [31.022630/0.010344] [1514/0.005095]
  4,  1,  99: 0.004169 [30.978540/0.015254] [   0/0.004169]
  4,  1, 149: 0.006392 [30.935721/0.014037] [  50/0.004169]
  4,  1, 199: 0.004417 [30.892495/0.011495] [ 100/0.004169]
  4,  1, 249: 0.005457 [30.849453/0.020376] [ 150/0.004169]
  4,  1, 299: 0.003989 [30.806302/0.015099] [   0/0.003989]
  4,  1, 349: 0.006510 [30.764236/0.015424] [  50/0.003989]
Epoch 1 done. Evaluation:
(49943, 50000)
(8809, 10000)
  4,  2,  49: 0.003138 [30.685413/0.006158] [   0/0.003138]
  4,  2,  99: 0.003172 [30.641024/0.005467] [  50/0.003138]
  4,  2, 149: 0.003418 [30.596857/0.004870] [ 100/0.003138]
  4,  2, 199: 0.003273 [30.552776/0.007745] [ 150/0.003138]
  4,  2, 249: 0.002398 [30.508488/0.003082] [   0/0.002398]
  4,  2, 299: 0.002655 [30.464008/0.004498] [  50/0.002398]
  4,  2, 349: 0.002602 [30.419703/0.004165] [ 100/0.002398]
Epoch 2 done. Evaluation:
(49987, 50000)
(8846, 10000)
  4,  3,  49: 0.002038 [30.338698/0.006438] [   0/0.002038]
  4,  3,  99: 0.003285 [30.294698/0.015429] [  50/0.002038]
  4,  3, 149: 0.002435 [30.250923/0.007539] [ 100/0.002038]
  4,  3, 199: 0.002229 [30.206626/0.003212] [ 150/0.002038]
  4,  3, 249: 0.003461 [30.163767/0.005537] [ 200/0.002038]
  4,  3, 299: 0.002346 [30.119881/0.003055] [ 250/0.002038]
  4,  3, 349: 0.003026 [30.076552/0.007064] [ 300/0.002038]
Epoch 3 done. Evaluation:
(49986, 50000)
(8851, 10000)
  4,  4,  49: 0.002334 [29.998352/0.005346] [ 391/0.002038]
  4,  4,  99: 0.002157 [29.954470/0.005218] [ 441/0.002038]
  4,  4, 149: 0.001900 [29.910349/0.006728] [   0/0.001900]
  4,  4, 199: 0.002488 [29.866626/0.004625] [  50/0.001900]
  4,  4, 249: 0.002604 [29.823103/0.012171] [ 100/0.001900]
  4,  4, 299: 0.002371 [29.779889/0.010026] [ 150/0.001900]
  4,  4, 349: 0.002288 [29.736629/0.002518] [ 200/0.001900]
Epoch 4 done. Evaluation:
(49991, 50000)
(8858, 10000)
  4,  5,  49: 0.001938 [29.657246/0.003334] [ 291/0.001900]
  4,  5,  99: 0.001687 [29.613382/0.004118] [   0/0.001687]
  4,  5, 149: 0.001636 [29.569609/0.001668] [   0/0.001636]
  4,  5, 199: 0.001520 [29.525790/0.001269] [   0/0.001520]
  4,  5, 249: 0.002378 [29.482480/0.004804] [  50/0.001520]
  4,  5, 299: 0.001781 [29.439228/0.002337] [ 100/0.001520]
  4,  5, 349: 0.001920 [29.396029/0.001832] [ 150/0.001520]
Epoch 5 done. Evaluation:
(49996, 50000)
(8858, 10000)
  4,  6,  49: 0.001613 [29.317556/0.001418] [ 241/0.001520]
  4,  6,  99: 0.001619 [29.274200/0.002129] [ 291/0.001520]
  4,  6, 149: 0.002441 [29.231760/0.004362] [ 341/0.001520]
  4,  6, 199: 0.001933 [29.189199/0.002344] [ 391/0.001520]
  4,  6, 249: 0.002048 [29.146559/0.004159] [ 441/0.001520]
  4,  6, 299: 0.001790 [29.103867/0.002071] [ 491/0.001520]
  4,  6, 349: 0.001766 [29.061092/0.001767] [ 541/0.001520]
Epoch 6 done. Evaluation:
(49995, 50000)
(8858, 10000)
  4,  7,  49: 0.001532 [28.983127/0.001554] [ 632/0.001520]
  4,  7,  99: 0.001679 [28.940452/0.001528] [ 682/0.001520]
  4,  7, 149: 0.001533 [28.897713/0.001647] [ 732/0.001520]
  4,  7, 199: 0.001512 [28.854984/0.001876] [   0/0.001512]
  4,  7, 249: 0.001544 [28.812325/0.004630] [  50/0.001512]
  4,  7, 299: 0.001509 [28.769829/0.001216] [   0/0.001509]
  4,  7, 349: 0.001458 [28.727302/0.001145] [   0/0.001458]
Epoch 7 done. Evaluation:
(50000, 50000)
(8858, 10000)
  4,  8,  49: 0.001485 [28.650211/0.001261] [  91/0.001458]
  4,  8,  99: 0.001487 [28.607905/0.001130] [ 141/0.001458]
  4,  8, 149: 0.001390 [28.565588/0.001115] [   0/0.001390]
  4,  8, 199: 0.001408 [28.523350/0.001480] [  50/0.001390]
  4,  8, 249: 0.001523 [28.481268/0.001362] [ 100/0.001390]
  4,  8, 299: 0.001527 [28.439280/0.002146] [ 150/0.001390]
  4,  8, 349: 0.001532 [28.397354/0.004312] [ 200/0.001390]
Epoch 8 done. Evaluation:
(50000, 50000)
(8866, 10000)
  4,  9,  49: 0.001548 [28.321309/0.002560] [ 291/0.001390]
  4,  9,  99: 0.001537 [28.279632/0.001747] [ 341/0.001390]
  4,  9, 149: 0.001426 [28.237958/0.001145] [ 391/0.001390]
  4,  9, 199: 0.001468 [28.196373/0.001080] [ 441/0.001390]
  4,  9, 249: 0.001411 [28.154783/0.001557] [ 491/0.001390]
  4,  9, 299: 0.001480 [28.113342/0.001966] [ 541/0.001390]
  4,  9, 349: 0.001507 [28.071983/0.003236] [ 591/0.001390]
Epoch 9 done. Evaluation:
(50000, 50000)
(8866, 10000)
  5,  0,  49: 0.001420 [28.017457/0.001341] [ 682/0.001390]
  5,  0,  99: 0.001400 [27.996817/0.000677] [ 732/0.001390]
  5,  0, 149: 0.001394 [27.976190/0.000530] [ 782/0.001390]
  5,  0, 199: 0.001557 [27.955575/0.001667] [ 832/0.001390]
  5,  0, 249: 0.001422 [27.935008/0.000576] [ 882/0.001390]
  5,  0, 299: 0.001404 [27.914425/0.000586] [ 932/0.001390]
  5,  0, 349: 0.001427 [27.893866/0.000548] [ 982/0.001390]
Epoch 0 done. Evaluation:
(49999, 50000)
(8862, 10000)
  5,  1,  49: 0.001460 [27.856550/0.000623] [1073/0.001390]
  5,  1,  99: 0.001446 [27.836047/0.000571] [1123/0.001390]
  5,  1, 149: 0.001494 [27.815592/0.000640] [1173/0.001390]
  5,  1, 199: 0.001501 [27.795170/0.000738] [1223/0.001390]
  5,  1, 249: 0.001477 [27.774738/0.000871] [1273/0.001390]
  5,  1, 299: 0.001380 [27.754306/0.000487] [   0/0.001380]
  5,  1, 349: 0.001479 [27.733913/0.000599] [  50/0.001380]
Epoch 1 done. Evaluation:
(50000, 50000)
(8867, 10000)
  5,  2,  49: 0.001359 [27.696759/0.000555] [   0/0.001359]
  5,  2,  99: 0.001410 [27.676382/0.000502] [  50/0.001359]
  5,  2, 149: 0.001521 [27.656076/0.000571] [ 100/0.001359]
  5,  2, 199: 0.001510 [27.635818/0.000601] [ 150/0.001359]
  5,  2, 249: 0.001445 [27.615516/0.000664] [ 200/0.001359]
  5,  2, 299: 0.001467 [27.595238/0.000609] [ 250/0.001359]
  5,  2, 349: 0.001506 [27.575019/0.000529] [ 300/0.001359]
Epoch 2 done. Evaluation:
(50000, 50000)
(8877, 10000)
  5,  3,  49: 0.001399 [27.538230/0.000526] [ 391/0.001359]
  5,  3,  99: 0.001436 [27.518029/0.000481] [ 441/0.001359]
  5,  3, 149: 0.001506 [27.497847/0.000820] [ 491/0.001359]
  5,  3, 199: 0.001372 [27.477647/0.000503] [ 541/0.001359]
  5,  3, 249: 0.001411 [27.457467/0.000484] [ 591/0.001359]
  5,  3, 299: 0.001456 [27.437322/0.000570] [ 641/0.001359]
  5,  3, 349: 0.001471 [27.417214/0.000602] [ 691/0.001359]
Epoch 3 done. Evaluation:
(50000, 50000)
(8878, 10000)
  5,  4,  49: 0.001501 [27.380667/0.000540] [ 782/0.001359]
  5,  4,  99: 0.001376 [27.360566/0.000552] [ 832/0.001359]
  5,  4, 149: 0.001390 [27.340484/0.000467] [ 882/0.001359]
  5,  4, 199: 0.001589 [27.320491/0.000824] [ 932/0.001359]
  5,  4, 249: 0.001383 [27.300452/0.000485] [ 982/0.001359]
  5,  4, 299: 0.001520 [27.280475/0.001027] [1032/0.001359]
  5,  4, 349: 0.001692 [27.260614/0.000892] [1082/0.001359]
Epoch 4 done. Evaluation:
(50000, 50000)
(8879, 10000)
  5,  5,  49: 0.001503 [27.224323/0.000607] [1173/0.001359]
  5,  5,  99: 0.001515 [27.204439/0.000744] [1223/0.001359]
  5,  5, 149: 0.001505 [27.184555/0.000568] [1273/0.001359]
  5,  5, 199: 0.001494 [27.164677/0.000556] [1323/0.001359]
  5,  5, 249: 0.001504 [27.144834/0.000548] [1373/0.001359]
  5,  5, 299: 0.001510 [27.125014/0.000462] [1423/0.001359]
  5,  5, 349: 0.001544 [27.105208/0.000519] [1473/0.001359]
Epoch 5 done. Evaluation:
(50000, 50000)
(8888, 10000)
  5,  6,  49: 0.001630 [27.069205/0.001877] [1564/0.001359]
  5,  6,  99: 0.001481 [27.049457/0.000518] [1614/0.001359]
  5,  6, 149: 0.001538 [27.029736/0.000585] [1664/0.001359]
  5,  6, 199: 0.001457 [27.009993/0.000483] [1714/0.001359]
  5,  6, 249: 0.001629 [26.990323/0.000607] [1764/0.001359]
  5,  6, 299: 0.001536 [26.970639/0.000589] [1814/0.001359]
  5,  6, 349: 0.001500 [26.950955/0.000529] [1864/0.001359]
Epoch 6 done. Evaluation:
(50000, 50000)
(8885, 10000)
  5,  7,  49: 0.001563 [26.915190/0.000690] [1955/0.001359]
  5,  7,  99: 0.001526 [26.895603/0.000481] [2005/0.001359]
  5,  7, 149: 0.001438 [26.875970/0.000452] [2055/0.001359]
  5,  7, 199: 0.001457 [26.856341/0.000471] [2105/0.001359]
  5,  7, 249: 0.001496 [26.836757/0.000570] [2155/0.001359]
  5,  7, 299: 0.001505 [26.817196/0.000512] [2205/0.001359]
  5,  7, 349: 0.001588 [26.797683/0.000568] [2255/0.001359]
Epoch 7 done. Evaluation:
(50000, 50000)
(8883, 10000)
  5,  8,  49: 0.001484 [26.762108/0.000471] [2346/0.001359]
  5,  8,  99: 0.001577 [26.742620/0.001165] [2396/0.001359]
  5,  8, 149: 0.001521 [26.723178/0.000503] [2446/0.001359]
  5,  8, 199: 0.001509 [26.703717/0.000546] [2496/0.001359]
  5,  8, 249: 0.001481 [26.684252/0.000609] [2546/0.001359]
  5,  8, 299: 0.001642 [26.664892/0.000530] [2596/0.001359]
  5,  8, 349: 0.001448 [26.645470/0.000470] [2646/0.001359]
Epoch 8 done. Evaluation:
(50000, 50000)
(8889, 10000)
  5,  9,  49: 0.001465 [26.610148/0.000491] [2737/0.001359]
  5,  9,  99: 0.001522 [26.590797/0.000467] [2787/0.001359]
  5,  9, 149: 0.001477 [26.571430/0.000533] [2837/0.001359]
  5,  9, 199: 0.001566 [26.552130/0.000489] [2887/0.001359]
  5,  9, 249: 0.001512 [26.532834/0.000588] [2937/0.001359]
  5,  9, 299: 0.001574 [26.513565/0.001369] [2987/0.001359]
  5,  9, 349: 0.001476 [26.494304/0.000445] [3037/0.001359]
Epoch 9 done. Evaluation:
(50000, 50000)
(8881, 10000)
  6,  0,  49: 0.001596 [26.468928/0.000291] [3128/0.001359]
  6,  0,  99: 0.001588 [26.459340/0.000254] [3178/0.001359]
  6,  0, 149: 0.001502 [26.449725/0.000418] [3228/0.001359]
  6,  0, 199: 0.001526 [26.440124/0.000266] [3278/0.001359]
  6,  0, 249: 0.001477 [26.430509/0.000247] [3328/0.001359]
  6,  0, 299: 0.001481 [26.420904/0.000240] [3378/0.001359]
  6,  0, 349: 0.001458 [26.411288/0.000249] [3428/0.001359]
Epoch 0 done. Evaluation:
(50000, 50000)
(8884, 10000)
  6,  1,  49: 0.001516 [26.393829/0.000255] [3519/0.001359]
  6,  1,  99: 0.001525 [26.384247/0.000249] [3569/0.001359]
  6,  1, 149: 0.001561 [26.374678/0.000266] [3619/0.001359]
  6,  1, 199: 0.001524 [26.365104/0.000303] [3669/0.001359]
  6,  1, 249: 0.001522 [26.355541/0.000254] [3719/0.001359]
  6,  1, 299: 0.001500 [26.345967/0.000251] [3769/0.001359]
  6,  1, 349: 0.001563 [26.336420/0.000309] [3819/0.001359]
Epoch 1 done. Evaluation:
(50000, 50000)
(8885, 10000)
  6,  2,  49: 0.001524 [26.319039/0.000237] [3910/0.001359]
  6,  2,  99: 0.001543 [26.309490/0.000342] [3960/0.001359]
  6,  2, 149: 0.001512 [26.299946/0.000269] [4010/0.001359]
  6,  2, 199: 0.001473 [26.290395/0.000239] [4060/0.001359]
  6,  2, 249: 0.001662 [26.280885/0.000332] [4110/0.001359]
  6,  2, 299: 0.001477 [26.271357/0.000242] [4160/0.001359]
  6,  2, 349: 0.001507 [26.261819/0.000248] [4210/0.001359]
Epoch 2 done. Evaluation:
(50000, 50000)
(8886, 10000)
  6,  3,  49: 0.001523 [26.244482/0.000276] [4301/0.001359]
  6,  3,  99: 0.001510 [26.234965/0.000254] [4351/0.001359]
  6,  3, 149: 0.001507 [26.225454/0.000235] [4401/0.001359]
  6,  3, 199: 0.001498 [26.215939/0.000242] [4451/0.001359]
  6,  3, 249: 0.001639 [26.206463/0.000304] [4501/0.001359]
  6,  3, 299: 0.001551 [26.196987/0.000260] [4551/0.001359]
  6,  3, 349: 0.001527 [26.187492/0.000253] [4601/0.001359]
Epoch 3 done. Evaluation:
(50000, 50000)
(8895, 10000)
  6,  4,  49: 0.001549 [26.170256/0.000258] [4692/0.001359]
  6,  4,  99: 0.001603 [26.160792/0.000283] [4742/0.001359]
  6,  4, 149: 0.001599 [26.151338/0.000268] [4792/0.001359]
  6,  4, 199: 0.001458 [26.141850/0.000237] [4842/0.001359]
  6,  4, 249: 0.001522 [26.132379/0.000240] [4892/0.001359]
  6,  4, 299: 0.001547 [26.122918/0.000243] [4942/0.001359]
  6,  4, 349: 0.001572 [26.113478/0.000242] [4992/0.001359]
Epoch 4 done. Evaluation:
(50000, 50000)
(8880, 10000)
  6,  5,  49: 0.001570 [26.096277/0.000309] [5083/0.001359]
  6,  5,  99: 0.001533 [26.086837/0.000255] [5133/0.001359]
  6,  5, 149: 0.001556 [26.077405/0.000243] [5183/0.001359]
  6,  5, 199: 0.001629 [26.067996/0.000280] [5233/0.001359]
  6,  5, 249: 0.001487 [26.058555/0.000239] [5283/0.001359]
  6,  5, 299: 0.001540 [26.049121/0.000280] [5333/0.001359]
  6,  5, 349: 0.001504 [26.039687/0.000299] [5383/0.001359]
Epoch 5 done. Evaluation:
(50000, 50000)
(8886, 10000)
  6,  6,  49: 0.001572 [26.022566/0.000337] [5474/0.001359]
  6,  6,  99: 0.001549 [26.013171/0.000237] [5524/0.001359]
  6,  6, 149: 0.001568 [26.003774/0.000238] [5574/0.001359]
  6,  6, 199: 0.001502 [25.994362/0.000236] [5624/0.001359]
  6,  6, 249: 0.001508 [25.984947/0.000258] [5674/0.001359]
  6,  6, 299: 0.001553 [25.975552/0.000283] [5724/0.001359]
  6,  6, 349: 0.001614 [25.966183/0.000245] [5774/0.001359]
Epoch 6 done. Evaluation:
(50000, 50000)
(8894, 10000)
  6,  7,  49: 0.001531 [25.949104/0.000246] [5865/0.001359]
  6,  7,  99: 0.001545 [25.939711/0.000770] [5915/0.001359]
  6,  7, 149: 0.001565 [25.930355/0.000266] [5965/0.001359]
  6,  7, 199: 0.001479 [25.920972/0.000241] [6015/0.001359]
  6,  7, 249: 0.001566 [25.911611/0.000275] [6065/0.001359]
  6,  7, 299: 0.001667 [25.902269/0.000703] [6115/0.001359]
  6,  7, 349: 0.001527 [25.892928/0.000236] [6165/0.001359]
Epoch 7 done. Evaluation:
(50000, 50000)
(8883, 10000)
  6,  8,  49: 0.001658 [25.875930/0.000397] [6256/0.001359]
  6,  8,  99: 0.001603 [25.866614/0.000266] [6306/0.001359]
  6,  8, 149: 0.001605 [25.857293/0.000371] [6356/0.001359]
  6,  8, 199: 0.001587 [25.847976/0.000255] [6406/0.001359]
  6,  8, 249: 0.001535 [25.838640/0.000240] [6456/0.001359]
  6,  8, 299: 0.001537 [25.829313/0.000241] [6506/0.001359]
  6,  8, 349: 0.001510 [25.819978/0.000237] [6556/0.001359]
Epoch 8 done. Evaluation:
(50000, 50000)
(8886, 10000)
  6,  9,  49: 0.001585 [25.802996/0.000258] [6647/0.001359]
  6,  9,  99: 0.001555 [25.793687/0.000272] [6697/0.001359]
  6,  9, 149: 0.001519 [25.784373/0.000237] [6747/0.001359]
  6,  9, 199: 0.001569 [25.775078/0.000245] [6797/0.001359]
  6,  9, 249: 0.001561 [25.765776/0.000292] [6847/0.001359]
  6,  9, 299: 0.001537 [25.756488/0.000238] [6897/0.001359]
  6,  9, 349: 0.001540 [25.747192/0.000246] [6947/0.001359]
Epoch 9 done. Evaluation:
(50000, 50000)
(8879, 10000)
  7,  0,  49: 0.001579 [25.734933/0.000166] [7038/0.001359]
  7,  0,  99: 0.001606 [25.730299/0.000152] [7088/0.001359]
  7,  0, 149: 0.001514 [25.725651/0.000171] [7138/0.001359]
  7,  0, 199: 0.001533 [25.721010/0.000223] [7188/0.001359]
  7,  0, 249: 0.001598 [25.716375/0.000155] [7238/0.001359]
  7,  0, 299: 0.001535 [25.711737/0.000150] [7288/0.001359]
  7,  0, 349: 0.001564 [25.707107/0.000145] [7338/0.001359]
Epoch 0 done. Evaluation:
(50000, 50000)
(8897, 10000)
  7,  1,  49: 0.001496 [25.698657/0.000145] [7429/0.001359]
  7,  1,  99: 0.001552 [25.694024/0.000152] [7479/0.001359]
  7,  1, 149: 0.001671 [25.689409/0.000153] [7529/0.001359]
  7,  1, 199: 0.001558 [25.684780/0.000195] [7579/0.001359]
  7,  1, 249: 0.001529 [25.680147/0.000147] [7629/0.001359]
  7,  1, 299: 0.001588 [25.675523/0.000158] [7679/0.001359]
  7,  1, 349: 0.001568 [25.670904/0.000147] [7729/0.001359]
Epoch 1 done. Evaluation:
(50000, 50000)
(8891, 10000)
  7,  2,  49: 0.001614 [25.662492/0.000163] [7820/0.001359]
  7,  2,  99: 0.001518 [25.657864/0.000146] [7870/0.001359]
  7,  2, 149: 0.001649 [25.653253/0.000152] [7920/0.001359]
  7,  2, 199: 0.001677 [25.648656/0.000146] [7970/0.001359]
  7,  2, 249: 0.001656 [25.644043/0.000157] [8020/0.001359]
  7,  2, 299: 0.001606 [25.639424/0.000245] [8070/0.001359]
  7,  2, 349: 0.001546 [25.634806/0.000161] [8120/0.001359]
Epoch 2 done. Evaluation:
(50000, 50000)
(8879, 10000)
  7,  3,  49: 0.001494 [25.626403/0.000146] [8211/0.001359]
  7,  3,  99: 0.001572 [25.621787/0.000182] [8261/0.001359]
  7,  3, 149: 0.001585 [25.617176/0.000150] [8311/0.001359]
  7,  3, 199: 0.001626 [25.612575/0.000147] [8361/0.001359]
  7,  3, 249: 0.001598 [25.607962/0.000223] [8411/0.001359]
  7,  3, 299: 0.001593 [25.603361/0.000161] [8461/0.001359]
  7,  3, 349: 0.001536 [25.598748/0.000155] [8511/0.001359]
Epoch 3 done. Evaluation:
(50000, 50000)
(8881, 10000)
  7,  4,  49: 0.001507 [25.590355/0.000145] [8602/0.001359]
  7,  4,  99: 0.001655 [25.585754/0.000161] [8652/0.001359]
  7,  4, 149: 0.001647 [25.581163/0.000148] [8702/0.001359]
  7,  4, 199: 0.001608 [25.576565/0.000149] [8752/0.001359]
  7,  4, 249: 0.001577 [25.571966/0.000148] [8802/0.001359]
  7,  4, 299: 0.001538 [25.567360/0.000153] [8852/0.001359]
  7,  4, 349: 0.001640 [25.562765/0.000155] [8902/0.001359]
Epoch 4 done. Evaluation:
(50000, 50000)
(8892, 10000)
  7,  5,  49: 0.001586 [25.554394/0.000154] [8993/0.001359]
  7,  5,  99: 0.001559 [25.549793/0.000152] [9043/0.001359]
  7,  5, 149: 0.001593 [25.545202/0.000155] [9093/0.001359]
  7,  5, 199: 0.001616 [25.540608/0.000205] [9143/0.001359]
  7,  5, 249: 0.001616 [25.536027/0.000151] [9193/0.001359]
  7,  5, 299: 0.001520 [25.531428/0.000144] [9243/0.001359]
  7,  5, 349: 0.001534 [25.526825/0.000150] [9293/0.001359]
Epoch 5 done. Evaluation:
(50000, 50000)
(8876, 10000)
  7,  6,  49: 0.001623 [25.518477/0.000153] [9384/0.001359]
  7,  6,  99: 0.001560 [25.513888/0.000154] [9434/0.001359]
  7,  6, 149: 0.001592 [25.509303/0.000178] [9484/0.001359]
  7,  6, 199: 0.001576 [25.504717/0.000147] [9534/0.001359]
  7,  6, 249: 0.001563 [25.500129/0.000148] [9584/0.001359]
  7,  6, 299: 0.001626 [25.495549/0.000158] [9634/0.001359]
  7,  6, 349: 0.001576 [25.490965/0.000165] [9684/0.001359]
Epoch 6 done. Evaluation:
(50000, 50000)
(8883, 10000)
  7,  7,  49: 0.001487 [25.482622/0.000144] [9775/0.001359]
  7,  7,  99: 0.001616 [25.478046/0.000149] [9825/0.001359]
  7,  7, 149: 0.001670 [25.473480/0.000186] [9875/0.001359]
  7,  7, 199: 0.001553 [25.468897/0.000144] [9925/0.001359]
  7,  7, 249: 0.001569 [25.464317/0.000151] [9975/0.001359]
  7,  7, 299: 0.001551 [25.459734/0.000165] [10025/0.001359]
  7,  7, 349: 0.001603 [25.455165/0.000146] [10075/0.001359]
Epoch 7 done. Evaluation:
(50000, 50000)
(8889, 10000)
  7,  8,  49: 0.001638 [25.446847/0.000190] [10166/0.001359]
  7,  8,  99: 0.001502 [25.442268/0.000146] [10216/0.001359]
  7,  8, 149: 0.001528 [25.437685/0.000153] [10266/0.001359]
  7,  8, 199: 0.001575 [25.433117/0.000144] [10316/0.001359]
  7,  8, 249: 0.001583 [25.428548/0.000148] [10366/0.001359]
  7,  8, 299: 0.001582 [25.423979/0.000154] [10416/0.001359]
  7,  8, 349: 0.001507 [25.419400/0.000148] [10466/0.001359]
Epoch 8 done. Evaluation:
(50000, 50000)
(8897, 10000)
  7,  9,  49: 0.001571 [25.411089/0.000145] [10557/0.001359]
  7,  9,  99: 0.001569 [25.406525/0.000141] [10607/0.001359]
  7,  9, 149: 0.001516 [25.401946/0.000150] [10657/0.001359]
  7,  9, 199: 0.001543 [25.397376/0.000149] [10707/0.001359]
  7,  9, 249: 0.001637 [25.392817/0.000165] [10757/0.001359]
  7,  9, 299: 0.001607 [25.388264/0.000174] [10807/0.001359]
  7,  9, 349: 0.001574 [25.383705/0.000176] [10857/0.001359]
Epoch 9 done. Evaluation:
(50000, 50000)
(8883, 10000)
  8,  0,  49: 0.001600 [25.377694/0.000117] [10948/0.001359]
  8,  0,  99: 0.001572 [25.375413/0.000116] [10998/0.001359]
  8,  0, 149: 0.001660 [25.373141/0.000124] [11048/0.001359]
  8,  0, 199: 0.001544 [25.370860/0.000115] [11098/0.001359]
  8,  0, 249: 0.001556 [25.368580/0.000118] [11148/0.001359]
  8,  0, 299: 0.001544 [25.366299/0.000113] [11198/0.001359]
  8,  0, 349: 0.001568 [25.364021/0.000114] [11248/0.001359]
Epoch 0 done. Evaluation:
(50000, 50000)
(8895, 10000)
  8,  1,  49: 0.001586 [25.359878/0.000114] [11339/0.001359]
  8,  1,  99: 0.001563 [25.357599/0.000117] [11389/0.001359]
  8,  1, 149: 0.001538 [25.355322/0.000113] [11439/0.001359]
  8,  1, 199: 0.001541 [25.353040/0.000115] [11489/0.001359]
  8,  1, 249: 0.001582 [25.350765/0.000115] [11539/0.001359]
  8,  1, 299: 0.001543 [25.348485/0.000114] [11589/0.001359]
  8,  1, 349: 0.001567 [25.346208/0.000115] [11639/0.001359]
Epoch 1 done. Evaluation:
(50000, 50000)
(8876, 10000)
  8,  2,  49: 0.001623 [25.342075/0.000115] [11730/0.001359]
  8,  2,  99: 0.001680 [25.339806/0.000115] [11780/0.001359]
  8,  2, 149: 0.001533 [25.337529/0.000112] [11830/0.001359]
  8,  2, 199: 0.001572 [25.335253/0.000113] [11880/0.001359]
  8,  2, 249: 0.001661 [25.332983/0.000124] [11930/0.001359]
  8,  2, 299: 0.001591 [25.330712/0.000135] [11980/0.001359]
  8,  2, 349: 0.001565 [25.328437/0.000130] [12030/0.001359]
Epoch 2 done. Evaluation:
(50000, 50000)
(8890, 10000)
  8,  3,  49: 0.001591 [25.324299/0.000112] [12121/0.001359]
  8,  3,  99: 0.001596 [25.322026/0.000116] [12171/0.001359]
  8,  3, 149: 0.001492 [25.319748/0.000114] [12221/0.001359]
  8,  3, 199: 0.001574 [25.317473/0.000114] [12271/0.001359]
  8,  3, 249: 0.001641 [25.315205/0.000115] [12321/0.001359]
  8,  3, 299: 0.001526 [25.312931/0.000114] [12371/0.001359]
  8,  3, 349: 0.001548 [25.310654/0.000114] [12421/0.001359]
Epoch 3 done. Evaluation:
(50000, 50000)
(8895, 10000)
  8,  4,  49: 0.001600 [25.306522/0.000120] [12512/0.001359]
  8,  4,  99: 0.001609 [25.304255/0.000114] [12562/0.001359]
  8,  4, 149: 0.001614 [25.301985/0.000117] [12612/0.001359]
  8,  4, 199: 0.001600 [25.299716/0.000119] [12662/0.001359]
  8,  4, 249: 0.001545 [25.297444/0.000116] [12712/0.001359]
  8,  4, 299: 0.001542 [25.295171/0.000114] [12762/0.001359]
  8,  4, 349: 0.001578 [25.292902/0.000113] [12812/0.001359]
Epoch 4 done. Evaluation:
(50000, 50000)
(8897, 10000)
  8,  5,  49: 0.001615 [25.288774/0.000113] [12903/0.001359]
  8,  5,  99: 0.001595 [25.286507/0.000115] [12953/0.001359]
  8,  5, 149: 0.001630 [25.284241/0.000120] [13003/0.001359]
  8,  5, 199: 0.001613 [25.281976/0.000116] [13053/0.001359]
  8,  5, 249: 0.001564 [25.279706/0.000114] [13103/0.001359]
  8,  5, 299: 0.001565 [25.277439/0.000113] [13153/0.001359]
  8,  5, 349: 0.001550 [25.275168/0.000113] [13203/0.001359]
Epoch 5 done. Evaluation:
(50000, 50000)
(8904, 10000)
  8,  6,  49: 0.001622 [25.271051/0.000116] [13294/0.001359]
  8,  6,  99: 0.001515 [25.268778/0.000113] [13344/0.001359]
  8,  6, 149: 0.001615 [25.266513/0.000114] [13394/0.001359]
  8,  6, 199: 0.001564 [25.264247/0.000113] [13444/0.001359]
  8,  6, 249: 0.001592 [25.261979/0.000116] [13494/0.001359]
  8,  6, 299: 0.001613 [25.259716/0.000113] [13544/0.001359]
  8,  6, 349: 0.001706 [25.257458/0.000115] [13594/0.001359]
Epoch 6 done. Evaluation:
(50000, 50000)
(8887, 10000)
  8,  7,  49: 0.001571 [25.253340/0.000113] [13685/0.001359]
  8,  7,  99: 0.001536 [25.251069/0.000136] [13735/0.001359]
  8,  7, 149: 0.001597 [25.248807/0.000113] [13785/0.001359]
  8,  7, 199: 0.001629 [25.246547/0.000126] [13835/0.001359]
  8,  7, 249: 0.001590 [25.244284/0.000120] [13885/0.001359]
  8,  7, 299: 0.001614 [25.242021/0.000116] [13935/0.001359]
  8,  7, 349: 0.001554 [25.239755/0.000117] [13985/0.001359]
Epoch 7 done. Evaluation:
(50000, 50000)
(8891, 10000)
  8,  8,  49: 0.001598 [25.235642/0.000140] [14076/0.001359]
  8,  8,  99: 0.001628 [25.233383/0.000113] [14126/0.001359]
  8,  8, 149: 0.001700 [25.231130/0.000120] [14176/0.001359]
  8,  8, 199: 0.001613 [25.228874/0.000117] [14226/0.001359]
  8,  8, 249: 0.001574 [25.226612/0.000113] [14276/0.001359]
  8,  8, 299: 0.001592 [25.224351/0.000113] [14326/0.001359]
  8,  8, 349: 0.001556 [25.222085/0.000116] [14376/0.001359]
Epoch 8 done. Evaluation:
(50000, 50000)
(8894, 10000)
  8,  9,  49: 0.001544 [25.217965/0.000113] [14467/0.001359]
  8,  9,  99: 0.001615 [25.215706/0.000114] [14517/0.001359]
  8,  9, 149: 0.001577 [25.213445/0.000119] [14567/0.001359]
  8,  9, 199: 0.001629 [25.211188/0.000115] [14617/0.001359]
  8,  9, 249: 0.001606 [25.208931/0.000113] [14667/0.001359]
  8,  9, 299: 0.001575 [25.206671/0.000114] [14717/0.001359]
  8,  9, 349: 0.001584 [25.204412/0.000113] [14767/0.001359]
Epoch 9 done. Evaluation:
(50000, 50000)
(8889, 10000)
  9,  0,  49: 0.001583 [25.201426/0.000104] [14858/0.001359]
  9,  0,  99: 0.001571 [25.200297/0.000104] [14908/0.001359]
  9,  0, 149: 0.001611 [25.199168/0.000104] [14958/0.001359]
  9,  0, 199: 0.001605 [25.198039/0.000107] [15008/0.001359]
  9,  0, 249: 0.001592 [25.196910/0.000103] [15058/0.001359]
  9,  0, 299: 0.001639 [25.195784/0.000103] [15108/0.001359]
  9,  0, 349: 0.001619 [25.194655/0.000104] [15158/0.001359]
Epoch 0 done. Evaluation:
(50000, 50000)
(8884, 10000)
  9,  1,  49: 0.001595 [25.192601/0.000103] [15249/0.001359]
  9,  1,  99: 0.001624 [25.191474/0.000104] [15299/0.001359]
  9,  1, 149: 0.001658 [25.190348/0.000103] [15349/0.001359]
  9,  1, 199: 0.001524 [25.189219/0.000103] [15399/0.001359]
  9,  1, 249: 0.001696 [25.188093/0.000104] [15449/0.001359]
  9,  1, 299: 0.001596 [25.186964/0.000104] [15499/0.001359]
  9,  1, 349: 0.001541 [25.185835/0.000103] [15549/0.001359]
Epoch 1 done. Evaluation:
(50000, 50000)
(8891, 10000)
  9,  2,  49: 0.001663 [25.183783/0.000104] [15640/0.001359]
  9,  2,  99: 0.001563 [25.182654/0.000103] [15690/0.001359]
  9,  2, 149: 0.001593 [25.181525/0.000104] [15740/0.001359]
  9,  2, 199: 0.001547 [25.180395/0.000104] [15790/0.001359]
  9,  2, 249: 0.001551 [25.179266/0.000103] [15840/0.001359]
  9,  2, 299: 0.001587 [25.178137/0.000104] [15890/0.001359]
  9,  2, 349: 0.001632 [25.177011/0.000103] [15940/0.001359]
Epoch 2 done. Evaluation:
(50000, 50000)
(8894, 10000)
  9,  3,  49: 0.001584 [25.174960/0.000103] [16031/0.001359]
  9,  3,  99: 0.001534 [25.173829/0.000104] [16081/0.001359]
  9,  3, 149: 0.001641 [25.172703/0.000103] [16131/0.001359]
  9,  3, 199: 0.001639 [25.171576/0.000105] [16181/0.001359]
  9,  3, 249: 0.001558 [25.170447/0.000113] [16231/0.001359]
  9,  3, 299: 0.001613 [25.169320/0.000104] [16281/0.001359]
  9,  3, 349: 0.001595 [25.168194/0.000103] [16331/0.001359]
Epoch 3 done. Evaluation:
(50000, 50000)
(8896, 10000)
  9,  4,  49: 0.001575 [25.166141/0.000105] [16422/0.001359]
  9,  4,  99: 0.001591 [25.165014/0.000103] [16472/0.001359]
  9,  4, 149: 0.001555 [25.163886/0.000104] [16522/0.001359]
  9,  4, 199: 0.001557 [25.162756/0.000114] [16572/0.001359]
  9,  4, 249: 0.001627 [25.161631/0.000104] [16622/0.001359]
  9,  4, 299: 0.001588 [25.160505/0.000104] [16672/0.001359]
  9,  4, 349: 0.001746 [25.159384/0.000104] [16722/0.001359]
Epoch 4 done. Evaluation:
(50000, 50000)
(8889, 10000)
  9,  5,  49: 0.001561 [25.157334/0.000104] [16813/0.001359]
  9,  5,  99: 0.001543 [25.156205/0.000103] [16863/0.001359]
  9,  5, 149: 0.001614 [25.155079/0.000104] [16913/0.001359]
  9,  5, 199: 0.001555 [25.153951/0.000104] [16963/0.001359]
  9,  5, 249: 0.001598 [25.152826/0.000103] [17013/0.001359]
  9,  5, 299: 0.001548 [25.151697/0.000104] [17063/0.001359]
  9,  5, 349: 0.001613 [25.150569/0.000111] [17113/0.001359]
Epoch 5 done. Evaluation:
(50000, 50000)
(8899, 10000)
  9,  6,  49: 0.001564 [25.148520/0.000104] [17204/0.001359]
  9,  6,  99: 0.001637 [25.147394/0.000106] [17254/0.001359]
  9,  6, 149: 0.001644 [25.146272/0.000104] [17304/0.001359]
  9,  6, 199: 0.001606 [25.145146/0.000103] [17354/0.001359]
  9,  6, 249: 0.001557 [25.144019/0.000103] [17404/0.001359]
  9,  6, 299: 0.001544 [25.142892/0.000105] [17454/0.001359]
  9,  6, 349: 0.001572 [25.141765/0.000104] [17504/0.001359]
Epoch 6 done. Evaluation:
(50000, 50000)
(8894, 10000)
  9,  7,  49: 0.001568 [25.139715/0.000104] [17595/0.001359]
  9,  7,  99: 0.001597 [25.138591/0.000103] [17645/0.001359]
  9,  7, 149: 0.001669 [25.137469/0.000103] [17695/0.001359]
  9,  7, 199: 0.001540 [25.136340/0.000104] [17745/0.001359]
  9,  7, 249: 0.001544 [25.135213/0.000103] [17795/0.001359]
  9,  7, 299: 0.001560 [25.134086/0.000104] [17845/0.001359]
  9,  7, 349: 0.001581 [25.132960/0.000103] [17895/0.001359]
Epoch 7 done. Evaluation:
(50000, 50000)
(8895, 10000)
  9,  8,  49: 0.001574 [25.130911/0.000103] [17986/0.001359]
  9,  8,  99: 0.001573 [25.129784/0.000103] [18036/0.001359]
  9,  8, 149: 0.001555 [25.128657/0.000103] [18086/0.001359]
  9,  8, 199: 0.001643 [25.127532/0.000122] [18136/0.001359]
  9,  8, 249: 0.001611 [25.126409/0.000106] [18186/0.001359]
  9,  8, 299: 0.001612 [25.125285/0.000104] [18236/0.001359]
  9,  8, 349: 0.001601 [25.124160/0.000103] [18286/0.001359]
Epoch 8 done. Evaluation:
(50000, 50000)
(8892, 10000)
  9,  9,  49: 0.001625 [25.122115/0.000103] [18377/0.001359]
  9,  9,  99: 0.001668 [25.120992/0.000118] [18427/0.001359]
  9,  9, 149: 0.001609 [25.119868/0.000104] [18477/0.001359]
  9,  9, 199: 0.001643 [25.118746/0.000104] [18527/0.001359]
  9,  9, 249: 0.001603 [25.117622/0.000106] [18577/0.001359]
  9,  9, 299: 0.001628 [25.116499/0.000104] [18627/0.001359]
  9,  9, 349: 0.001595 [25.115376/0.000103] [18677/0.001359]
Epoch 9 done. Evaluation:
(50000, 50000)
(8893, 10000)
